{"name": "test_increasing_books_in_cart", "status": "failed", "statusDetails": {"message": "AssertionError: assert None == 2\n +  where None = <built-in method get of dict object at 0x0000027E50DF7AC0>('quantity')\n +    where <built-in method get of dict object at 0x0000027E50DF7AC0> = {'message': 'json: cannot unmarshal object into Go value of type []struct { Id int \"json:\\\\\"id\\\\\"\"; Quantity *int \"json:\\\\\"quantity,omitempty\\\\\"\" }', 'requestId': '3c11c0c238bf415e81ac8dc810e3730f'}.get", "trace": "def test_increasing_books_in_cart():\n        id_book = 3010155\n    \n        api = CompanyApi(base_url, token)\n        api.add_book_in_cart(id_book)\n        result = api.change_book_in_cart(2)\n>       assert result.get(\"quantity\") == 2\nE       assert None == 2\nE        +  where None = <built-in method get of dict object at 0x0000027E50DF7AC0>('quantity')\nE        +    where <built-in method get of dict object at 0x0000027E50DF7AC0> = {'message': 'json: cannot unmarshal object into Go value of type []struct { Id int \"json:\\\\\"id\\\\\"\"; Quantity *int \"json:\\\\\"quantity,omitempty\\\\\"\" }', 'requestId': '3c11c0c238bf415e81ac8dc810e3730f'}.get\n\napi_test.py:37: AssertionError"}, "start": 1734685563314, "stop": 1734685564241, "uuid": "d6df0f4a-e9e9-4305-956e-528e990afb86", "historyId": "346e1e1b2ce1db4856603ee58c092155", "testCaseId": "346e1e1b2ce1db4856603ee58c092155", "fullName": "test.api_test#test_increasing_books_in_cart", "labels": [{"name": "parentSuite", "value": "test"}, {"name": "suite", "value": "api_test"}, {"name": "host", "value": "Lenovo"}, {"name": "thread", "value": "36304-MainThread"}, {"name": "framework", "value": "pytest"}, {"name": "language", "value": "cpython3"}, {"name": "package", "value": "test.api_test"}]}