{"name": "test_increasing_books_in_cart", "status": "failed", "statusDetails": {"message": "AssertionError: assert None == 2\n +  where None = <built-in method get of dict object at 0x0000023C89A43240>('quantity')\n +    where <built-in method get of dict object at 0x0000023C89A43240> = {'addBonuses': 0, 'cost': 1799, 'costGiftWrap': None, 'costWithBonuses': 1499, ...}.get", "trace": "def test_increasing_books_in_cart():\n        id_book = 3010155\n    \n        api = CompanyApi(base_url, token)\n        api.add_book_in_cart(id_book)\n        api.change_book_in_cart(2)\n        result = api.get_book_in_cart()\n        assert result[\"products\"][0][\"goodsId\"] == id_book\n>       assert result.get(\"quantity\") == 2\nE       AssertionError: assert None == 2\nE        +  where None = <built-in method get of dict object at 0x0000023C89A43240>('quantity')\nE        +    where <built-in method get of dict object at 0x0000023C89A43240> = {'addBonuses': 0, 'cost': 1799, 'costGiftWrap': None, 'costWithBonuses': 1499, ...}.get\n\napi_test.py:39: AssertionError"}, "start": 1734686134094, "stop": 1734686135086, "uuid": "42ae095a-af3e-454c-a11e-6eb054fa8dfe", "historyId": "346e1e1b2ce1db4856603ee58c092155", "testCaseId": "346e1e1b2ce1db4856603ee58c092155", "fullName": "test.api_test#test_increasing_books_in_cart", "labels": [{"name": "parentSuite", "value": "test"}, {"name": "suite", "value": "api_test"}, {"name": "host", "value": "Lenovo"}, {"name": "thread", "value": "25312-MainThread"}, {"name": "framework", "value": "pytest"}, {"name": "language", "value": "cpython3"}, {"name": "package", "value": "test.api_test"}]}