{"name": "test_add_to_cart", "status": "broken", "statusDetails": {"message": "selenium.common.exceptions.ElementClickInterceptedException: Message: element click intercepted: Element <a href=\"/novelty\" class=\"card-slider__title-head-link\">...</a> is not clickable at point (298, 517). Other element would receive the click: <div class=\"push-notification__balloon\">...</div>\n  (Session info: chrome=131.0.6778.140)\nStacktrace:\n\tGetHandleVerifier [0x00007FF6807EFB05+28789]\n\t(No symbol) [0x00007FF6807586E0]\n\t(No symbol) [0x00007FF6805F592A]\n\t(No symbol) [0x00007FF680650FDE]\n\t(No symbol) [0x00007FF68064EA7C]\n\t(No symbol) [0x00007FF68064BC46]\n\t(No symbol) [0x00007FF68064ABA1]\n\t(No symbol) [0x00007FF68063CD60]\n\t(No symbol) [0x00007FF68066F43A]\n\t(No symbol) [0x00007FF68063C5B6]\n\t(No symbol) [0x00007FF68066F650]\n\t(No symbol) [0x00007FF68068F654]\n\t(No symbol) [0x00007FF68066F1E3]\n\t(No symbol) [0x00007FF68063A938]\n\t(No symbol) [0x00007FF68063BAA1]\n\tGetHandleVerifier [0x00007FF680B2933D+3410093]\n\tGetHandleVerifier [0x00007FF680B3E7DD+3497293]\n\tGetHandleVerifier [0x00007FF680B32A73+3448803]\n\tGetHandleVerifier [0x00007FF6808B7BBB+848171]\n\t(No symbol) [0x00007FF680763C3F]\n\t(No symbol) [0x00007FF68075F6E4]\n\t(No symbol) [0x00007FF68075F87D]\n\t(No symbol) [0x00007FF68074ED49]\n\tBaseThreadInitThunk [0x00007FFBF203259D+29]\n\tRtlUserThreadStart [0x00007FFBF260AF38+40]", "trace": "browser = <selenium.webdriver.chrome.webdriver.WebDriver (session=\"d101b299498c795835804d82d765af98\")>\n\n    def test_add_to_cart(browser):\n        with allure.step(\"Открыть главную страницу\"):\n            main_page = MainPage(browser)\n>           main_page.add_book_from_main_page()\n\nui_test.py:32: \n_ _ _ _ _ _ _ _ _ _ _ _ _ _ _ _ _ _ _ _ _ _ _ _ _ _ _ _ _ _ _ _ _ _ _ _ _ _ _ _\n..\\page\\main_page.py:41: in add_book_from_main_page\n    self.__driver.find_element(By.CSS_SELECTOR, 'a[href=\"/novelty\"]').click()\nC:\\Users\\teem8\\AppData\\Local\\Programs\\Python\\Python312\\Lib\\site-packages\\selenium\\webdriver\\remote\\webelement.py:94: in click\n    self._execute(Command.CLICK_ELEMENT)\nC:\\Users\\teem8\\AppData\\Local\\Programs\\Python\\Python312\\Lib\\site-packages\\selenium\\webdriver\\remote\\webelement.py:395: in _execute\n    return self._parent.execute(command, params)\nC:\\Users\\teem8\\AppData\\Local\\Programs\\Python\\Python312\\Lib\\site-packages\\selenium\\webdriver\\remote\\webdriver.py:354: in execute\n    self.error_handler.check_response(response)\n_ _ _ _ _ _ _ _ _ _ _ _ _ _ _ _ _ _ _ _ _ _ _ _ _ _ _ _ _ _ _ _ _ _ _ _ _ _ _ _\n\nself = <selenium.webdriver.remote.errorhandler.ErrorHandler object at 0x000001836C4AB1A0>\nresponse = {'status': 400, 'value': '{\"value\":{\"error\":\"element click intercepted\",\"message\":\"element click intercepted: Element ...07FF68074ED49]\\\\n\\\\tBaseThreadInitThunk [0x00007FFBF203259D+29]\\\\n\\\\tRtlUserThreadStart [0x00007FFBF260AF38+40]\\\\n\"}}'}\n\n    def check_response(self, response: Dict[str, Any]) -> None:\n        \"\"\"Checks that a JSON response from the WebDriver does not have an\n        error.\n    \n        :Args:\n         - response - The JSON response from the WebDriver server as a dictionary\n           object.\n    \n        :Raises: If the response contains an error message.\n        \"\"\"\n        status = response.get(\"status\", None)\n        if not status or status == ErrorCode.SUCCESS:\n            return\n        value = None\n        message = response.get(\"message\", \"\")\n        screen: str = response.get(\"screen\", \"\")\n        stacktrace = None\n        if isinstance(status, int):\n            value_json = response.get(\"value\", None)\n            if value_json and isinstance(value_json, str):\n                import json\n    \n                try:\n                    value = json.loads(value_json)\n                    if len(value) == 1:\n                        value = value[\"value\"]\n                    status = value.get(\"error\", None)\n                    if not status:\n                        status = value.get(\"status\", ErrorCode.UNKNOWN_ERROR)\n                        message = value.get(\"value\") or value.get(\"message\")\n                        if not isinstance(message, str):\n                            value = message\n                            message = message.get(\"message\")\n                    else:\n                        message = value.get(\"message\", None)\n                except ValueError:\n                    pass\n    \n        exception_class: Type[WebDriverException]\n        e = ErrorCode()\n        error_codes = [item for item in dir(e) if not item.startswith(\"__\")]\n        for error_code in error_codes:\n            error_info = getattr(ErrorCode, error_code)\n            if isinstance(error_info, list) and status in error_info:\n                exception_class = getattr(ExceptionMapping, error_code, WebDriverException)\n                break\n        else:\n            exception_class = WebDriverException\n    \n        if not value:\n            value = response[\"value\"]\n        if isinstance(value, str):\n            raise exception_class(value)\n        if message == \"\" and \"message\" in value:\n            message = value[\"message\"]\n    \n        screen = None  # type: ignore[assignment]\n        if \"screen\" in value:\n            screen = value[\"screen\"]\n    \n        stacktrace = None\n        st_value = value.get(\"stackTrace\") or value.get(\"stacktrace\")\n        if st_value:\n            if isinstance(st_value, str):\n                stacktrace = st_value.split(\"\\n\")\n            else:\n                stacktrace = []\n                try:\n                    for frame in st_value:\n                        line = frame.get(\"lineNumber\", \"\")\n                        file = frame.get(\"fileName\", \"<anonymous>\")\n                        if line:\n                            file = f\"{file}:{line}\"\n                        meth = frame.get(\"methodName\", \"<anonymous>\")\n                        if \"className\" in frame:\n                            meth = f\"{frame['className']}.{meth}\"\n                        msg = \"    at %s (%s)\"\n                        msg = msg % (meth, file)\n                        stacktrace.append(msg)\n                except TypeError:\n                    pass\n        if exception_class == UnexpectedAlertPresentException:\n            alert_text = None\n            if \"data\" in value:\n                alert_text = value[\"data\"].get(\"text\")\n            elif \"alert\" in value:\n                alert_text = value[\"alert\"].get(\"text\")\n            raise exception_class(message, screen, stacktrace, alert_text)  # type: ignore[call-arg]  # mypy is not smart enough here\n>       raise exception_class(message, screen, stacktrace)\nE       selenium.common.exceptions.ElementClickInterceptedException: Message: element click intercepted: Element <a href=\"/novelty\" class=\"card-slider__title-head-link\">...</a> is not clickable at point (298, 517). Other element would receive the click: <div class=\"push-notification__balloon\">...</div>\nE         (Session info: chrome=131.0.6778.140)\nE       Stacktrace:\nE       \tGetHandleVerifier [0x00007FF6807EFB05+28789]\nE       \t(No symbol) [0x00007FF6807586E0]\nE       \t(No symbol) [0x00007FF6805F592A]\nE       \t(No symbol) [0x00007FF680650FDE]\nE       \t(No symbol) [0x00007FF68064EA7C]\nE       \t(No symbol) [0x00007FF68064BC46]\nE       \t(No symbol) [0x00007FF68064ABA1]\nE       \t(No symbol) [0x00007FF68063CD60]\nE       \t(No symbol) [0x00007FF68066F43A]\nE       \t(No symbol) [0x00007FF68063C5B6]\nE       \t(No symbol) [0x00007FF68066F650]\nE       \t(No symbol) [0x00007FF68068F654]\nE       \t(No symbol) [0x00007FF68066F1E3]\nE       \t(No symbol) [0x00007FF68063A938]\nE       \t(No symbol) [0x00007FF68063BAA1]\nE       \tGetHandleVerifier [0x00007FF680B2933D+3410093]\nE       \tGetHandleVerifier [0x00007FF680B3E7DD+3497293]\nE       \tGetHandleVerifier [0x00007FF680B32A73+3448803]\nE       \tGetHandleVerifier [0x00007FF6808B7BBB+848171]\nE       \t(No symbol) [0x00007FF680763C3F]\nE       \t(No symbol) [0x00007FF68075F6E4]\nE       \t(No symbol) [0x00007FF68075F87D]\nE       \t(No symbol) [0x00007FF68074ED49]\nE       \tBaseThreadInitThunk [0x00007FFBF203259D+29]\nE       \tRtlUserThreadStart [0x00007FFBF260AF38+40]\n\nC:\\Users\\teem8\\AppData\\Local\\Programs\\Python\\Python312\\Lib\\site-packages\\selenium\\webdriver\\remote\\errorhandler.py:229: ElementClickInterceptedException"}, "steps": [{"name": "Открыть главную страницу", "status": "broken", "statusDetails": {"message": "selenium.common.exceptions.ElementClickInterceptedException: Message: element click intercepted: Element <a href=\"/novelty\" class=\"card-slider__title-head-link\">...</a> is not clickable at point (298, 517). Other element would receive the click: <div class=\"push-notification__balloon\">...</div>\n  (Session info: chrome=131.0.6778.140)\nStacktrace:\n\tGetHandleVerifier [0x00007FF6807EFB05+28789]\n\t(No symbol) [0x00007FF6807586E0]\n\t(No symbol) [0x00007FF6805F592A]\n\t(No symbol) [0x00007FF680650FDE]\n\t(No symbol) [0x00007FF68064EA7C]\n\t(No symbol) [0x00007FF68064BC46]\n\t(No symbol) [0x00007FF68064ABA1]\n\t(No symbol) [0x00007FF68063CD60]\n\t(No symbol) [0x00007FF68066F43A]\n\t(No symbol) [0x00007FF68063C5B6]\n\t(No symbol) [0x00007FF68066F650]\n\t(No symbol) [0x00007FF68068F654]\n\t(No symbol) [0x00007FF68066F1E3]\n\t(No symbol) [0x00007FF68063A938]\n\t(No symbol) [0x00007FF68063BAA1]\n\tGetHandleVerifier [0x00007FF680B2933D+3410093]\n\tGetHandleVerifier [0x00007FF680B3E7DD+3497293]\n\tGetHandleVerifier [0x00007FF680B32A73+3448803]\n\tGetHandleVerifier [0x00007FF6808B7BBB+848171]\n\t(No symbol) [0x00007FF680763C3F]\n\t(No symbol) [0x00007FF68075F6E4]\n\t(No symbol) [0x00007FF68075F87D]\n\t(No symbol) [0x00007FF68074ED49]\n\tBaseThreadInitThunk [0x00007FFBF203259D+29]\n\tRtlUserThreadStart [0x00007FFBF260AF38+40]\n\n", "trace": "  File \"C:\\Users\\teem8\\OneDrive\\Desktop\\polkovnichenkoav\\final_project\\test\\ui_test.py\", line 32, in test_add_to_cart\n    main_page.add_book_from_main_page()\n  File \"C:\\Users\\teem8\\OneDrive\\Desktop\\polkovnichenkoav\\final_project\\page\\main_page.py\", line 41, in add_book_from_main_page\n    self.__driver.find_element(By.CSS_SELECTOR, 'a[href=\"/novelty\"]').click()\n  File \"C:\\Users\\teem8\\AppData\\Local\\Programs\\Python\\Python312\\Lib\\site-packages\\selenium\\webdriver\\remote\\webelement.py\", line 94, in click\n    self._execute(Command.CLICK_ELEMENT)\n  File \"C:\\Users\\teem8\\AppData\\Local\\Programs\\Python\\Python312\\Lib\\site-packages\\selenium\\webdriver\\remote\\webelement.py\", line 395, in _execute\n    return self._parent.execute(command, params)\n           ^^^^^^^^^^^^^^^^^^^^^^^^^^^^^^^^^^^^^\n  File \"C:\\Users\\teem8\\AppData\\Local\\Programs\\Python\\Python312\\Lib\\site-packages\\selenium\\webdriver\\remote\\webdriver.py\", line 354, in execute\n    self.error_handler.check_response(response)\n  File \"C:\\Users\\teem8\\AppData\\Local\\Programs\\Python\\Python312\\Lib\\site-packages\\selenium\\webdriver\\remote\\errorhandler.py\", line 229, in check_response\n    raise exception_class(message, screen, stacktrace)\n"}, "start": 1734599210739, "stop": 1734599265476}], "start": 1734599210739, "stop": 1734599265480, "uuid": "f2c3a489-2181-4868-8f8e-7ed3b45f362c", "historyId": "df64f1c50527f129b4b3b3341eb9330e", "testCaseId": "df64f1c50527f129b4b3b3341eb9330e", "fullName": "test.ui_test#test_add_to_cart", "labels": [{"name": "parentSuite", "value": "test"}, {"name": "suite", "value": "ui_test"}, {"name": "host", "value": "Lenovo"}, {"name": "thread", "value": "21864-MainThread"}, {"name": "framework", "value": "pytest"}, {"name": "language", "value": "cpython3"}, {"name": "package", "value": "test.ui_test"}]}