{"name": "test_get_book_in_cart", "status": "failed", "statusDetails": {"message": "AssertionError: assert 12 == 0\n +  where 12 = len({'addBonuses': 0, 'cost': 1799, 'costGiftWrap': None, 'costWithBonuses': 1499, ...})", "trace": "def test_get_book_in_cart():\n        api = CompanyApi(base_url, token)\n        result = api.get_book_in_cart()\n        assert result[\"costWithSale\"] == 1499\n>       assert len(result) == 0\nE       AssertionError: assert 12 == 0\nE        +  where 12 = len({'addBonuses': 0, 'cost': 1799, 'costGiftWrap': None, 'costWithBonuses': 1499, ...})\n\napi_test.py:12: AssertionError"}, "start": 1734632023569, "stop": 1734632023906, "uuid": "9d81587b-ecf5-4605-b283-481055a57902", "historyId": "ea605dc09c19246236fb6387ea7a9ba6", "testCaseId": "ea605dc09c19246236fb6387ea7a9ba6", "fullName": "test.api_test#test_get_book_in_cart", "labels": [{"name": "parentSuite", "value": "test"}, {"name": "suite", "value": "api_test"}, {"name": "host", "value": "Lenovo"}, {"name": "thread", "value": "28520-MainThread"}, {"name": "framework", "value": "pytest"}, {"name": "language", "value": "cpython3"}, {"name": "package", "value": "test.api_test"}]}