{"name": "Получение списка книг в корзине", "status": "failed", "statusDetails": {"message": "AssertionError: assert 1799 == 0", "trace": "@allure.title(\"Получение списка книг в корзине\")\n    def test_get_book_in_cart():\n        with allure.step(\"Подключится к API\"):\n            api = CompanyApi(base_url, token)\n        result = api.get_book_in_cart()\n        with allure.step(\"Проверить, что корзина пуста\"):\n>           assert result[\"cost\"] == 0\nE           assert 1799 == 0\n\napi_test.py:17: AssertionError"}, "steps": [{"name": "Подключится к API", "status": "passed", "start": 1734772746482, "stop": 1734772746482}, {"name": "Получить список книг в корзине", "status": "passed", "start": 1734772746482, "stop": 1734772746808}, {"name": "Проверить, что корзина пуста", "status": "failed", "statusDetails": {"message": "AssertionError: assert 1799 == 0\n", "trace": "  File \"C:\\Users\\teem8\\OneDrive\\Desktop\\polkovnichenkoav\\final_project\\test\\api_test.py\", line 17, in test_get_book_in_cart\n    assert result[\"cost\"] == 0\n"}, "start": 1734772746808, "stop": 1734772746808}], "start": 1734772746482, "stop": 1734772746809, "uuid": "22990cce-e582-4279-a761-1f9afa8815ed", "historyId": "ea605dc09c19246236fb6387ea7a9ba6", "testCaseId": "ea605dc09c19246236fb6387ea7a9ba6", "fullName": "test.api_test#test_get_book_in_cart", "labels": [{"name": "parentSuite", "value": "test"}, {"name": "suite", "value": "api_test"}, {"name": "host", "value": "Lenovo"}, {"name": "thread", "value": "31632-MainThread"}, {"name": "framework", "value": "pytest"}, {"name": "language", "value": "cpython3"}, {"name": "package", "value": "test.api_test"}]}