{"name": "Удаление книги из корзины", "status": "broken", "statusDetails": {"message": "selenium.common.exceptions.NoSuchElementException: Message: no such element: Unable to locate element: {\"method\":\"css selector\",\"selector\":\"div.empty-title\"}\n  (Session info: chrome=131.0.6778.205); For documentation on this error, please visit: https://www.selenium.dev/documentation/webdriver/troubleshooting/errors#no-such-element-exception\nStacktrace:\n\tGetHandleVerifier [0x00007FF6D7A1FB05+28789]\n\t(No symbol) [0x00007FF6D79886E0]\n\t(No symbol) [0x00007FF6D782592A]\n\t(No symbol) [0x00007FF6D787930E]\n\t(No symbol) [0x00007FF6D78795FC]\n\t(No symbol) [0x00007FF6D78C28A7]\n\t(No symbol) [0x00007FF6D789F47F]\n\t(No symbol) [0x00007FF6D78BF654]\n\t(No symbol) [0x00007FF6D789F1E3]\n\t(No symbol) [0x00007FF6D786A938]\n\t(No symbol) [0x00007FF6D786BAA1]\n\tGetHandleVerifier [0x00007FF6D7D5933D+3410093]\n\tGetHandleVerifier [0x00007FF6D7D6E7DD+3497293]\n\tGetHandleVerifier [0x00007FF6D7D62A73+3448803]\n\tGetHandleVerifier [0x00007FF6D7AE7BBB+848171]\n\t(No symbol) [0x00007FF6D7993C3F]\n\t(No symbol) [0x00007FF6D798F6E4]\n\t(No symbol) [0x00007FF6D798F87D]\n\t(No symbol) [0x00007FF6D797ED49]\n\tBaseThreadInitThunk [0x00007FFBF203259D+29]\n\tRtlUserThreadStart [0x00007FFBF260AF38+40]", "trace": "browser = <selenium.webdriver.chrome.webdriver.WebDriver (session=\"f8862d152b68105f28885be6911d6cca\")>\n\n    @allure.title(\"Удаление книги из корзины\")\n    def test_del_to_cart(browser):\n        with allure.step(\"Открыть страницу новинки\"):\n            novelty_page = NoveltyPage(browser)\n        novelty_page.add_book_from_novelty_page()\n        with allure.step(\"Перейти в корзину\"):\n            cart_page = CartPage(browser)\n        cart_page.clear_cart()\n        with allure.step(\"Перейти в корзину\"):\n            cart_page = CartPage(browser)\n>       read_empty_cart_messege = cart_page.empty_cart()\n\nui_test.py:55: \n_ _ _ _ _ _ _ _ _ _ _ _ _ _ _ _ _ _ _ _ _ _ _ _ _ _ _ _ _ _ _ _ _ _ _ _ _ _ _ _ _ _ _ _ _ _ _ _ _ _ _ _ _ _ _ _ _ _ _ _ _ _ _ _ _ _ _ _ _ _ _ _ _ _ _ _ _ _ _ _ \npage\\cart_page.py:29: in empty_cart\n    return self.__driver.find_element(By.CSS_SELECTOR, 'div.empty-title').text\nC:\\Users\\teem8\\AppData\\Local\\Programs\\Python\\Python312\\Lib\\site-packages\\selenium\\webdriver\\remote\\webdriver.py:748: in find_element\n    return self.execute(Command.FIND_ELEMENT, {\"using\": by, \"value\": value})[\"value\"]\nC:\\Users\\teem8\\AppData\\Local\\Programs\\Python\\Python312\\Lib\\site-packages\\selenium\\webdriver\\remote\\webdriver.py:354: in execute\n    self.error_handler.check_response(response)\n_ _ _ _ _ _ _ _ _ _ _ _ _ _ _ _ _ _ _ _ _ _ _ _ _ _ _ _ _ _ _ _ _ _ _ _ _ _ _ _ _ _ _ _ _ _ _ _ _ _ _ _ _ _ _ _ _ _ _ _ _ _ _ _ _ _ _ _ _ _ _ _ _ _ _ _ _ _ _ _ \n\nself = <selenium.webdriver.remote.errorhandler.ErrorHandler object at 0x000001A175D7B110>\nresponse = {'status': 404, 'value': '{\"value\":{\"error\":\"no such element\",\"message\":\"no such element: Unable to locate element: {\\...07FF6D797ED49]\\\\n\\\\tBaseThreadInitThunk [0x00007FFBF203259D+29]\\\\n\\\\tRtlUserThreadStart [0x00007FFBF260AF38+40]\\\\n\"}}'}\n\n    def check_response(self, response: Dict[str, Any]) -> None:\n        \"\"\"Checks that a JSON response from the WebDriver does not have an\n        error.\n    \n        :Args:\n         - response - The JSON response from the WebDriver server as a dictionary\n           object.\n    \n        :Raises: If the response contains an error message.\n        \"\"\"\n        status = response.get(\"status\", None)\n        if not status or status == ErrorCode.SUCCESS:\n            return\n        value = None\n        message = response.get(\"message\", \"\")\n        screen: str = response.get(\"screen\", \"\")\n        stacktrace = None\n        if isinstance(status, int):\n            value_json = response.get(\"value\", None)\n            if value_json and isinstance(value_json, str):\n                import json\n    \n                try:\n                    value = json.loads(value_json)\n                    if len(value) == 1:\n                        value = value[\"value\"]\n                    status = value.get(\"error\", None)\n                    if not status:\n                        status = value.get(\"status\", ErrorCode.UNKNOWN_ERROR)\n                        message = value.get(\"value\") or value.get(\"message\")\n                        if not isinstance(message, str):\n                            value = message\n                            message = message.get(\"message\")\n                    else:\n                        message = value.get(\"message\", None)\n                except ValueError:\n                    pass\n    \n        exception_class: Type[WebDriverException]\n        e = ErrorCode()\n        error_codes = [item for item in dir(e) if not item.startswith(\"__\")]\n        for error_code in error_codes:\n            error_info = getattr(ErrorCode, error_code)\n            if isinstance(error_info, list) and status in error_info:\n                exception_class = getattr(ExceptionMapping, error_code, WebDriverException)\n                break\n        else:\n            exception_class = WebDriverException\n    \n        if not value:\n            value = response[\"value\"]\n        if isinstance(value, str):\n            raise exception_class(value)\n        if message == \"\" and \"message\" in value:\n            message = value[\"message\"]\n    \n        screen = None  # type: ignore[assignment]\n        if \"screen\" in value:\n            screen = value[\"screen\"]\n    \n        stacktrace = None\n        st_value = value.get(\"stackTrace\") or value.get(\"stacktrace\")\n        if st_value:\n            if isinstance(st_value, str):\n                stacktrace = st_value.split(\"\\n\")\n            else:\n                stacktrace = []\n                try:\n                    for frame in st_value:\n                        line = frame.get(\"lineNumber\", \"\")\n                        file = frame.get(\"fileName\", \"<anonymous>\")\n                        if line:\n                            file = f\"{file}:{line}\"\n                        meth = frame.get(\"methodName\", \"<anonymous>\")\n                        if \"className\" in frame:\n                            meth = f\"{frame['className']}.{meth}\"\n                        msg = \"    at %s (%s)\"\n                        msg = msg % (meth, file)\n                        stacktrace.append(msg)\n                except TypeError:\n                    pass\n        if exception_class == UnexpectedAlertPresentException:\n            alert_text = None\n            if \"data\" in value:\n                alert_text = value[\"data\"].get(\"text\")\n            elif \"alert\" in value:\n                alert_text = value[\"alert\"].get(\"text\")\n            raise exception_class(message, screen, stacktrace, alert_text)  # type: ignore[call-arg]  # mypy is not smart enough here\n>       raise exception_class(message, screen, stacktrace)\nE       selenium.common.exceptions.NoSuchElementException: Message: no such element: Unable to locate element: {\"method\":\"css selector\",\"selector\":\"div.empty-title\"}\nE         (Session info: chrome=131.0.6778.205); For documentation on this error, please visit: https://www.selenium.dev/documentation/webdriver/troubleshooting/errors#no-such-element-exception\nE       Stacktrace:\nE       \tGetHandleVerifier [0x00007FF6D7A1FB05+28789]\nE       \t(No symbol) [0x00007FF6D79886E0]\nE       \t(No symbol) [0x00007FF6D782592A]\nE       \t(No symbol) [0x00007FF6D787930E]\nE       \t(No symbol) [0x00007FF6D78795FC]\nE       \t(No symbol) [0x00007FF6D78C28A7]\nE       \t(No symbol) [0x00007FF6D789F47F]\nE       \t(No symbol) [0x00007FF6D78BF654]\nE       \t(No symbol) [0x00007FF6D789F1E3]\nE       \t(No symbol) [0x00007FF6D786A938]\nE       \t(No symbol) [0x00007FF6D786BAA1]\nE       \tGetHandleVerifier [0x00007FF6D7D5933D+3410093]\nE       \tGetHandleVerifier [0x00007FF6D7D6E7DD+3497293]\nE       \tGetHandleVerifier [0x00007FF6D7D62A73+3448803]\nE       \tGetHandleVerifier [0x00007FF6D7AE7BBB+848171]\nE       \t(No symbol) [0x00007FF6D7993C3F]\nE       \t(No symbol) [0x00007FF6D798F6E4]\nE       \t(No symbol) [0x00007FF6D798F87D]\nE       \t(No symbol) [0x00007FF6D797ED49]\nE       \tBaseThreadInitThunk [0x00007FFBF203259D+29]\nE       \tRtlUserThreadStart [0x00007FFBF260AF38+40]\n\nC:\\Users\\teem8\\AppData\\Local\\Programs\\Python\\Python312\\Lib\\site-packages\\selenium\\webdriver\\remote\\errorhandler.py:229: NoSuchElementException"}, "steps": [{"name": "Открыть страницу новинки", "status": "passed", "start": 1734873036456, "stop": 1734873039801}, {"name": "Добавить первую книгу в корзину", "status": "passed", "start": 1734873039801, "stop": 1734873041269}, {"name": "Перейти в корзину", "status": "passed", "start": 1734873041269, "stop": 1734873042261}, {"name": "Очистить корзину", "status": "passed", "start": 1734873042261, "stop": 1734873042422}, {"name": "Перейти в корзину", "status": "passed", "start": 1734873042422, "stop": 1734873043780}, {"name": "Проверить, что корзина пуста", "status": "broken", "statusDetails": {"message": "selenium.common.exceptions.NoSuchElementException: Message: no such element: Unable to locate element: {\"method\":\"css selector\",\"selector\":\"div.empty-title\"}\n  (Session info: chrome=131.0.6778.205); For documentation on this error, please visit: https://www.selenium.dev/documentation/webdriver/troubleshooting/errors#no-such-element-exception\nStacktrace:\n\tGetHandleVerifier [0x00007FF6D7A1FB05+28789]\n\t(No symbol) [0x00007FF6D79886E0]\n\t(No symbol) [0x00007FF6D782592A]\n\t(No symbol) [0x00007FF6D787930E]\n\t(No symbol) [0x00007FF6D78795FC]\n\t(No symbol) [0x00007FF6D78C28A7]\n\t(No symbol) [0x00007FF6D789F47F]\n\t(No symbol) [0x00007FF6D78BF654]\n\t(No symbol) [0x00007FF6D789F1E3]\n\t(No symbol) [0x00007FF6D786A938]\n\t(No symbol) [0x00007FF6D786BAA1]\n\tGetHandleVerifier [0x00007FF6D7D5933D+3410093]\n\tGetHandleVerifier [0x00007FF6D7D6E7DD+3497293]\n\tGetHandleVerifier [0x00007FF6D7D62A73+3448803]\n\tGetHandleVerifier [0x00007FF6D7AE7BBB+848171]\n\t(No symbol) [0x00007FF6D7993C3F]\n\t(No symbol) [0x00007FF6D798F6E4]\n\t(No symbol) [0x00007FF6D798F87D]\n\t(No symbol) [0x00007FF6D797ED49]\n\tBaseThreadInitThunk [0x00007FFBF203259D+29]\n\tRtlUserThreadStart [0x00007FFBF260AF38+40]\n\n", "trace": "  File \"C:\\Users\\teem8\\AppData\\Local\\Programs\\Python\\Python312\\Lib\\site-packages\\allure_commons\\_allure.py\", line 192, in impl\n    return func(*a, **kw)\n           ^^^^^^^^^^^^^^\n  File \"C:\\Users\\teem8\\OneDrive\\Desktop\\polkovnichenkoav\\final_project\\test\\page\\cart_page.py\", line 29, in empty_cart\n    return self.__driver.find_element(By.CSS_SELECTOR, 'div.empty-title').text\n           ^^^^^^^^^^^^^^^^^^^^^^^^^^^^^^^^^^^^^^^^^^^^^^^^^^^^^^^^^^^^^^\n  File \"C:\\Users\\teem8\\AppData\\Local\\Programs\\Python\\Python312\\Lib\\site-packages\\selenium\\webdriver\\remote\\webdriver.py\", line 748, in find_element\n    return self.execute(Command.FIND_ELEMENT, {\"using\": by, \"value\": value})[\"value\"]\n           ^^^^^^^^^^^^^^^^^^^^^^^^^^^^^^^^^^^^^^^^^^^^^^^^^^^^^^^^^^^^^^^^^\n  File \"C:\\Users\\teem8\\AppData\\Local\\Programs\\Python\\Python312\\Lib\\site-packages\\selenium\\webdriver\\remote\\webdriver.py\", line 354, in execute\n    self.error_handler.check_response(response)\n  File \"C:\\Users\\teem8\\AppData\\Local\\Programs\\Python\\Python312\\Lib\\site-packages\\selenium\\webdriver\\remote\\errorhandler.py\", line 229, in check_response\n    raise exception_class(message, screen, stacktrace)\n"}, "start": 1734873043780, "stop": 1734873047851}], "start": 1734873036456, "stop": 1734873047925, "uuid": "1fab60d1-39f4-4472-81c4-041916508138", "historyId": "074749f029cce69f1ffe2cd37c547322", "testCaseId": "074749f029cce69f1ffe2cd37c547322", "fullName": "test.ui_test#test_del_to_cart", "labels": [{"name": "parentSuite", "value": "test"}, {"name": "suite", "value": "ui_test"}, {"name": "host", "value": "Lenovo"}, {"name": "thread", "value": "12196-MainThread"}, {"name": "framework", "value": "pytest"}, {"name": "language", "value": "cpython3"}, {"name": "package", "value": "test.ui_test"}]}