{"name": "test_get_book_in_cart", "status": "failed", "statusDetails": {"message": "AssertionError: assert 1499 == 1498", "trace": "def test_get_book_in_cart():\n        api = CompanyApi(base_url, token)\n        result = api.get_book_in_cart()\n>       assert result[\"costWithSale\"] == 1498\nE       assert 1499 == 1498\n\napi_test.py:11: AssertionError"}, "start": 1734627174683, "stop": 1734627175037, "uuid": "71045d52-ed0c-4854-beb9-cbf4f25aa178", "historyId": "ea605dc09c19246236fb6387ea7a9ba6", "testCaseId": "ea605dc09c19246236fb6387ea7a9ba6", "fullName": "test.api_test#test_get_book_in_cart", "labels": [{"name": "parentSuite", "value": "test"}, {"name": "suite", "value": "api_test"}, {"name": "host", "value": "Lenovo"}, {"name": "thread", "value": "25816-MainThread"}, {"name": "framework", "value": "pytest"}, {"name": "language", "value": "cpython3"}, {"name": "package", "value": "test.api_test"}]}