{"name": "test_get_book_in_cart", "status": "failed", "statusDetails": {"message": "AssertionError: assert 1499 == 0", "trace": "def test_get_book_in_cart():\n        api = CompanyApi(base_url, token)\n        result = api.get_book_in_cart()\n>       assert result[\"costWithSale\"] == 0\nE       assert 1499 == 0\n\napi_test.py:11: AssertionError"}, "start": 1734688169369, "stop": 1734688170065, "uuid": "168ee982-d1ca-4c07-90b2-55047bae0ff8", "historyId": "ea605dc09c19246236fb6387ea7a9ba6", "testCaseId": "ea605dc09c19246236fb6387ea7a9ba6", "fullName": "test.api_test#test_get_book_in_cart", "labels": [{"name": "parentSuite", "value": "test"}, {"name": "suite", "value": "api_test"}, {"name": "host", "value": "Lenovo"}, {"name": "thread", "value": "36884-MainThread"}, {"name": "framework", "value": "pytest"}, {"name": "language", "value": "cpython3"}, {"name": "package", "value": "test.api_test"}]}