{"name": "test_search", "status": "broken", "statusDetails": {"message": "selenium.common.exceptions.NoSuchElementException: Message: no such element: Unable to locate element: {\"method\":\"css selector\",\"selector\":\"span.search-categories-tree-item__count\"}\n  (Session info: chrome=131.0.6778.140); For documentation on this error, please visit: https://www.selenium.dev/documentation/webdriver/troubleshooting/errors#no-such-element-exception\nStacktrace:\n\tGetHandleVerifier [0x00007FF60D47FB05+28789]\n\t(No symbol) [0x00007FF60D3E86E0]\n\t(No symbol) [0x00007FF60D28592A]\n\t(No symbol) [0x00007FF60D2D930E]\n\t(No symbol) [0x00007FF60D2D95FC]\n\t(No symbol) [0x00007FF60D3228A7]\n\t(No symbol) [0x00007FF60D2FF47F]\n\t(No symbol) [0x00007FF60D31F654]\n\t(No symbol) [0x00007FF60D2FF1E3]\n\t(No symbol) [0x00007FF60D2CA938]\n\t(No symbol) [0x00007FF60D2CBAA1]\n\tGetHandleVerifier [0x00007FF60D7B933D+3410093]\n\tGetHandleVerifier [0x00007FF60D7CE7DD+3497293]\n\tGetHandleVerifier [0x00007FF60D7C2A73+3448803]\n\tGetHandleVerifier [0x00007FF60D547BBB+848171]\n\t(No symbol) [0x00007FF60D3F3C3F]\n\t(No symbol) [0x00007FF60D3EF6E4]\n\t(No symbol) [0x00007FF60D3EF87D]\n\t(No symbol) [0x00007FF60D3DED49]\n\tBaseThreadInitThunk [0x00007FFBF203259D+29]\n\tRtlUserThreadStart [0x00007FFBF260AF38+40]", "trace": "browser = <selenium.webdriver.chrome.webdriver.WebDriver (session=\"f760898d2174ab126c8e0b24d5737015\")>\n\n    def test_search(browser):\n        search_data = \"\"\n        with allure.step(\"Открыть главную страницу\"):\n            main_page = MainPage(browser)\n        main_page.search(search_data)\n        with allure.step(\"Открыть главную страницу\"):\n>           assert main_page.total_book_search() > 0\n\nui_test.py:67: \n_ _ _ _ _ _ _ _ _ _ _ _ _ _ _ _ _ _ _ _ _ _ _ _ _ _ _ _ _ _ _ _ _ _ _ _ _ _ _ _\n..\\page\\main_page.py:46: in total_book_search\n    return int(self.__driver.find_element(By.CSS_SELECTOR, 'span.search-categories-tree-item__count').text)\nC:\\Users\\teem8\\AppData\\Local\\Programs\\Python\\Python312\\Lib\\site-packages\\selenium\\webdriver\\remote\\webdriver.py:748: in find_element\n    return self.execute(Command.FIND_ELEMENT, {\"using\": by, \"value\": value})[\"value\"]\nC:\\Users\\teem8\\AppData\\Local\\Programs\\Python\\Python312\\Lib\\site-packages\\selenium\\webdriver\\remote\\webdriver.py:354: in execute\n    self.error_handler.check_response(response)\n_ _ _ _ _ _ _ _ _ _ _ _ _ _ _ _ _ _ _ _ _ _ _ _ _ _ _ _ _ _ _ _ _ _ _ _ _ _ _ _\n\nself = <selenium.webdriver.remote.errorhandler.ErrorHandler object at 0x00000155EC9EBBC0>\nresponse = {'status': 404, 'value': '{\"value\":{\"error\":\"no such element\",\"message\":\"no such element: Unable to locate element: {\\...07FF60D3DED49]\\\\n\\\\tBaseThreadInitThunk [0x00007FFBF203259D+29]\\\\n\\\\tRtlUserThreadStart [0x00007FFBF260AF38+40]\\\\n\"}}'}\n\n    def check_response(self, response: Dict[str, Any]) -> None:\n        \"\"\"Checks that a JSON response from the WebDriver does not have an\n        error.\n    \n        :Args:\n         - response - The JSON response from the WebDriver server as a dictionary\n           object.\n    \n        :Raises: If the response contains an error message.\n        \"\"\"\n        status = response.get(\"status\", None)\n        if not status or status == ErrorCode.SUCCESS:\n            return\n        value = None\n        message = response.get(\"message\", \"\")\n        screen: str = response.get(\"screen\", \"\")\n        stacktrace = None\n        if isinstance(status, int):\n            value_json = response.get(\"value\", None)\n            if value_json and isinstance(value_json, str):\n                import json\n    \n                try:\n                    value = json.loads(value_json)\n                    if len(value) == 1:\n                        value = value[\"value\"]\n                    status = value.get(\"error\", None)\n                    if not status:\n                        status = value.get(\"status\", ErrorCode.UNKNOWN_ERROR)\n                        message = value.get(\"value\") or value.get(\"message\")\n                        if not isinstance(message, str):\n                            value = message\n                            message = message.get(\"message\")\n                    else:\n                        message = value.get(\"message\", None)\n                except ValueError:\n                    pass\n    \n        exception_class: Type[WebDriverException]\n        e = ErrorCode()\n        error_codes = [item for item in dir(e) if not item.startswith(\"__\")]\n        for error_code in error_codes:\n            error_info = getattr(ErrorCode, error_code)\n            if isinstance(error_info, list) and status in error_info:\n                exception_class = getattr(ExceptionMapping, error_code, WebDriverException)\n                break\n        else:\n            exception_class = WebDriverException\n    \n        if not value:\n            value = response[\"value\"]\n        if isinstance(value, str):\n            raise exception_class(value)\n        if message == \"\" and \"message\" in value:\n            message = value[\"message\"]\n    \n        screen = None  # type: ignore[assignment]\n        if \"screen\" in value:\n            screen = value[\"screen\"]\n    \n        stacktrace = None\n        st_value = value.get(\"stackTrace\") or value.get(\"stacktrace\")\n        if st_value:\n            if isinstance(st_value, str):\n                stacktrace = st_value.split(\"\\n\")\n            else:\n                stacktrace = []\n                try:\n                    for frame in st_value:\n                        line = frame.get(\"lineNumber\", \"\")\n                        file = frame.get(\"fileName\", \"<anonymous>\")\n                        if line:\n                            file = f\"{file}:{line}\"\n                        meth = frame.get(\"methodName\", \"<anonymous>\")\n                        if \"className\" in frame:\n                            meth = f\"{frame['className']}.{meth}\"\n                        msg = \"    at %s (%s)\"\n                        msg = msg % (meth, file)\n                        stacktrace.append(msg)\n                except TypeError:\n                    pass\n        if exception_class == UnexpectedAlertPresentException:\n            alert_text = None\n            if \"data\" in value:\n                alert_text = value[\"data\"].get(\"text\")\n            elif \"alert\" in value:\n                alert_text = value[\"alert\"].get(\"text\")\n            raise exception_class(message, screen, stacktrace, alert_text)  # type: ignore[call-arg]  # mypy is not smart enough here\n>       raise exception_class(message, screen, stacktrace)\nE       selenium.common.exceptions.NoSuchElementException: Message: no such element: Unable to locate element: {\"method\":\"css selector\",\"selector\":\"span.search-categories-tree-item__count\"}\nE         (Session info: chrome=131.0.6778.140); For documentation on this error, please visit: https://www.selenium.dev/documentation/webdriver/troubleshooting/errors#no-such-element-exception\nE       Stacktrace:\nE       \tGetHandleVerifier [0x00007FF60D47FB05+28789]\nE       \t(No symbol) [0x00007FF60D3E86E0]\nE       \t(No symbol) [0x00007FF60D28592A]\nE       \t(No symbol) [0x00007FF60D2D930E]\nE       \t(No symbol) [0x00007FF60D2D95FC]\nE       \t(No symbol) [0x00007FF60D3228A7]\nE       \t(No symbol) [0x00007FF60D2FF47F]\nE       \t(No symbol) [0x00007FF60D31F654]\nE       \t(No symbol) [0x00007FF60D2FF1E3]\nE       \t(No symbol) [0x00007FF60D2CA938]\nE       \t(No symbol) [0x00007FF60D2CBAA1]\nE       \tGetHandleVerifier [0x00007FF60D7B933D+3410093]\nE       \tGetHandleVerifier [0x00007FF60D7CE7DD+3497293]\nE       \tGetHandleVerifier [0x00007FF60D7C2A73+3448803]\nE       \tGetHandleVerifier [0x00007FF60D547BBB+848171]\nE       \t(No symbol) [0x00007FF60D3F3C3F]\nE       \t(No symbol) [0x00007FF60D3EF6E4]\nE       \t(No symbol) [0x00007FF60D3EF87D]\nE       \t(No symbol) [0x00007FF60D3DED49]\nE       \tBaseThreadInitThunk [0x00007FFBF203259D+29]\nE       \tRtlUserThreadStart [0x00007FFBF260AF38+40]\n\nC:\\Users\\teem8\\AppData\\Local\\Programs\\Python\\Python312\\Lib\\site-packages\\selenium\\webdriver\\remote\\errorhandler.py:229: NoSuchElementException"}, "steps": [{"name": "Открыть главную страницу", "status": "passed", "start": 1734613831514, "stop": 1734613880813}, {"name": "Открыть главную страницу", "status": "broken", "statusDetails": {"message": "selenium.common.exceptions.NoSuchElementException: Message: no such element: Unable to locate element: {\"method\":\"css selector\",\"selector\":\"span.search-categories-tree-item__count\"}\n  (Session info: chrome=131.0.6778.140); For documentation on this error, please visit: https://www.selenium.dev/documentation/webdriver/troubleshooting/errors#no-such-element-exception\nStacktrace:\n\tGetHandleVerifier [0x00007FF60D47FB05+28789]\n\t(No symbol) [0x00007FF60D3E86E0]\n\t(No symbol) [0x00007FF60D28592A]\n\t(No symbol) [0x00007FF60D2D930E]\n\t(No symbol) [0x00007FF60D2D95FC]\n\t(No symbol) [0x00007FF60D3228A7]\n\t(No symbol) [0x00007FF60D2FF47F]\n\t(No symbol) [0x00007FF60D31F654]\n\t(No symbol) [0x00007FF60D2FF1E3]\n\t(No symbol) [0x00007FF60D2CA938]\n\t(No symbol) [0x00007FF60D2CBAA1]\n\tGetHandleVerifier [0x00007FF60D7B933D+3410093]\n\tGetHandleVerifier [0x00007FF60D7CE7DD+3497293]\n\tGetHandleVerifier [0x00007FF60D7C2A73+3448803]\n\tGetHandleVerifier [0x00007FF60D547BBB+848171]\n\t(No symbol) [0x00007FF60D3F3C3F]\n\t(No symbol) [0x00007FF60D3EF6E4]\n\t(No symbol) [0x00007FF60D3EF87D]\n\t(No symbol) [0x00007FF60D3DED49]\n\tBaseThreadInitThunk [0x00007FFBF203259D+29]\n\tRtlUserThreadStart [0x00007FFBF260AF38+40]\n\n", "trace": "  File \"C:\\Users\\teem8\\OneDrive\\Desktop\\polkovnichenkoav\\final_project\\test\\ui_test.py\", line 67, in test_search\n    assert main_page.total_book_search() > 0\n  File \"C:\\Users\\teem8\\OneDrive\\Desktop\\polkovnichenkoav\\final_project\\page\\main_page.py\", line 46, in total_book_search\n    return int(self.__driver.find_element(By.CSS_SELECTOR, 'span.search-categories-tree-item__count').text)\n               ^^^^^^^^^^^^^^^^^^^^^^^^^^^^^^^^^^^^^^^^^^^^^^^^^^^^^^^^^^^^^^^^^^^^^^^^^^^^^^^^^^^^^^\n  File \"C:\\Users\\teem8\\AppData\\Local\\Programs\\Python\\Python312\\Lib\\site-packages\\selenium\\webdriver\\remote\\webdriver.py\", line 748, in find_element\n    return self.execute(Command.FIND_ELEMENT, {\"using\": by, \"value\": value})[\"value\"]\n           ^^^^^^^^^^^^^^^^^^^^^^^^^^^^^^^^^^^^^^^^^^^^^^^^^^^^^^^^^^^^^^^^^\n  File \"C:\\Users\\teem8\\AppData\\Local\\Programs\\Python\\Python312\\Lib\\site-packages\\selenium\\webdriver\\remote\\webdriver.py\", line 354, in execute\n    self.error_handler.check_response(response)\n  File \"C:\\Users\\teem8\\AppData\\Local\\Programs\\Python\\Python312\\Lib\\site-packages\\selenium\\webdriver\\remote\\errorhandler.py\", line 229, in check_response\n    raise exception_class(message, screen, stacktrace)\n"}, "start": 1734613880965, "stop": 1734613885012}], "start": 1734613831514, "stop": 1734613885015, "uuid": "879b03f2-923a-4d22-abae-81216edb0d35", "historyId": "f15ec4615325b8fa85124b944d370faa", "testCaseId": "f15ec4615325b8fa85124b944d370faa", "fullName": "test.ui_test#test_search", "labels": [{"name": "parentSuite", "value": "test"}, {"name": "suite", "value": "ui_test"}, {"name": "host", "value": "Lenovo"}, {"name": "thread", "value": "30400-MainThread"}, {"name": "framework", "value": "pytest"}, {"name": "language", "value": "cpython3"}, {"name": "package", "value": "test.ui_test"}]}