{"name": "test_get_book_in_cart", "status": "failed", "statusDetails": {"message": "AssertionError: assert 0 == 1499", "trace": "def test_get_book_in_cart():\n        api = CompanyApi(base_url, token)\n        result = api.get_book_in_cart()\n>       assert result[\"costWithSale\"] == 1499\nE       assert 0 == 1499\n\napi_test.py:11: AssertionError"}, "start": 1734632297184, "stop": 1734632297686, "uuid": "9d0f9695-7e76-4bfb-bfec-73e3e89dbdf3", "historyId": "ea605dc09c19246236fb6387ea7a9ba6", "testCaseId": "ea605dc09c19246236fb6387ea7a9ba6", "fullName": "test.api_test#test_get_book_in_cart", "labels": [{"name": "parentSuite", "value": "test"}, {"name": "suite", "value": "api_test"}, {"name": "host", "value": "Lenovo"}, {"name": "thread", "value": "2444-MainThread"}, {"name": "framework", "value": "pytest"}, {"name": "language", "value": "cpython3"}, {"name": "package", "value": "test.api_test"}]}