{"name": "Добавление книги с несуществующим id в корзину", "status": "failed", "statusDetails": {"message": "AssertionError: assert 401 == 500\n +  where 401 = <Response [401]>.status_code", "trace": "@allure.title(\"Добавление книги с несуществующим id в корзину\")\n    def test_add_book_in_cart_neg():\n        fake_id_book = DataProvider().get_fake_id_book()\n        with allure.step(\"Подключится к API\"):\n            api = CompanyApi(base_url, token)\n        resp = api.add_book_in_cart(fake_id_book)\n        with allure.step(\"Проверить код ответа\"):\n>           assert resp.status_code == 500\nE           assert 401 == 500\nE            +  where 401 = <Response [401]>.status_code\n\napi_test.py:78: AssertionError"}, "steps": [{"name": "Подключится к API", "status": "passed", "start": 1734808200835, "stop": 1734808200835}, {"name": "Добавить книгу в корзину", "status": "passed", "parameters": [{"name": "id", "value": "1111111"}], "start": 1734808200835, "stop": 1734808200890}, {"name": "Проверить код ответа", "status": "failed", "statusDetails": {"message": "AssertionError: assert 401 == 500\n +  where 401 = <Response [401]>.status_code\n", "trace": "  File \"C:\\Users\\teem8\\OneDrive\\Desktop\\polkovnichenkoav\\final_project\\test\\api_test.py\", line 78, in test_add_book_in_cart_neg\n    assert resp.status_code == 500\n"}, "start": 1734808200890, "stop": 1734808200890}], "start": 1734808200835, "stop": 1734808200891, "uuid": "f34fdf13-dfe3-4d73-873b-08cff06be783", "historyId": "e4b8e2cc2ce284200e13dc1aec672b8f", "testCaseId": "e4b8e2cc2ce284200e13dc1aec672b8f", "fullName": "test.api_test#test_add_book_in_cart_neg", "labels": [{"name": "parentSuite", "value": "test"}, {"name": "suite", "value": "api_test"}, {"name": "host", "value": "Lenovo"}, {"name": "thread", "value": "35044-MainThread"}, {"name": "framework", "value": "pytest"}, {"name": "language", "value": "cpython3"}, {"name": "package", "value": "test.api_test"}]}