{"uid":"4ced781fb3791e99","name":"test_reg_pos","fullName":"test.ui_test#test_reg_pos","historyId":"62c6648bdd011cb625a172562de0771d","time":{"start":1734689417917,"stop":1734689418435,"duration":518},"status":"broken","statusMessage":"selenium.common.exceptions.WebDriverException: Message: unknown error: net::ERR_CONNECTION_CLOSED\n  (Session info: chrome=131.0.6778.140)\nStacktrace:\n\tGetHandleVerifier [0x00007FF6DB84FB05+28789]\n\t(No symbol) [0x00007FF6DB7B86E0]\n\t(No symbol) [0x00007FF6DB65592A]\n\t(No symbol) [0x00007FF6DB653028]\n\t(No symbol) [0x00007FF6DB643BF9]\n\t(No symbol) [0x00007FF6DB64594F]\n\t(No symbol) [0x00007FF6DB643EBF]\n\t(No symbol) [0x00007FF6DB64371B]\n\t(No symbol) [0x00007FF6DB64365A]\n\t(No symbol) [0x00007FF6DB641274]\n\t(No symbol) [0x00007FF6DB641B3C]\n\t(No symbol) [0x00007FF6DB6589FA]\n\t(No symbol) [0x00007FF6DB6F045E]\n\t(No symbol) [0x00007FF6DB6CF43A]\n\t(No symbol) [0x00007FF6DB6EF654]\n\t(No symbol) [0x00007FF6DB6CF1E3]\n\t(No symbol) [0x00007FF6DB69A938]\n\t(No symbol) [0x00007FF6DB69BAA1]\n\tGetHandleVerifier [0x00007FF6DBB8933D+3410093]\n\tGetHandleVerifier [0x00007FF6DBB9E7DD+3497293]\n\tGetHandleVerifier [0x00007FF6DBB92A73+3448803]\n\tGetHandleVerifier [0x00007FF6DB917BBB+848171]\n\t(No symbol) [0x00007FF6DB7C3C3F]\n\t(No symbol) [0x00007FF6DB7BF6E4]\n\t(No symbol) [0x00007FF6DB7BF87D]\n\t(No symbol) [0x00007FF6DB7AED49]\n\tBaseThreadInitThunk [0x00007FFBF203259D+29]\n\tRtlUserThreadStart [0x00007FFBF260AF38+40]","statusTrace":"browser = <selenium.webdriver.chrome.webdriver.WebDriver (session=\"7ddbff45cc5f133625853ee39799a8c4\")>\n\n    def test_reg_pos(browser):\n        number = \"001234567\"\n        class_button = \"app-button auth-modal__sms-button blue\"\n        with allure.step(\"Открыть главную страницу\"):\n>           main_page = MainPage(browser)\n\nui_test.py:13: \n_ _ _ _ _ _ _ _ _ _ _ _ _ _ _ _ _ _ _ _ _ _ _ _ _ _ _ _ _ _ _ _ _ _ _ _ _ _ _ _\npage\\main_page.py:13: in __init__\n    self.__driver.get(self.__url)\nC:\\Users\\teem8\\AppData\\Local\\Programs\\Python\\Python312\\Lib\\site-packages\\selenium\\webdriver\\remote\\webdriver.py:363: in get\n    self.execute(Command.GET, {\"url\": url})\nC:\\Users\\teem8\\AppData\\Local\\Programs\\Python\\Python312\\Lib\\site-packages\\selenium\\webdriver\\remote\\webdriver.py:354: in execute\n    self.error_handler.check_response(response)\n_ _ _ _ _ _ _ _ _ _ _ _ _ _ _ _ _ _ _ _ _ _ _ _ _ _ _ _ _ _ _ _ _ _ _ _ _ _ _ _\n\nself = <selenium.webdriver.remote.errorhandler.ErrorHandler object at 0x00000154D3C712B0>\nresponse = {'status': 500, 'value': '{\"value\":{\"error\":\"unknown error\",\"message\":\"unknown error: net::ERR_CONNECTION_CLOSED\\\\n  (...07FF6DB7AED49]\\\\n\\\\tBaseThreadInitThunk [0x00007FFBF203259D+29]\\\\n\\\\tRtlUserThreadStart [0x00007FFBF260AF38+40]\\\\n\"}}'}\n\n    def check_response(self, response: Dict[str, Any]) -> None:\n        \"\"\"Checks that a JSON response from the WebDriver does not have an\n        error.\n    \n        :Args:\n         - response - The JSON response from the WebDriver server as a dictionary\n           object.\n    \n        :Raises: If the response contains an error message.\n        \"\"\"\n        status = response.get(\"status\", None)\n        if not status or status == ErrorCode.SUCCESS:\n            return\n        value = None\n        message = response.get(\"message\", \"\")\n        screen: str = response.get(\"screen\", \"\")\n        stacktrace = None\n        if isinstance(status, int):\n            value_json = response.get(\"value\", None)\n            if value_json and isinstance(value_json, str):\n                import json\n    \n                try:\n                    value = json.loads(value_json)\n                    if len(value) == 1:\n                        value = value[\"value\"]\n                    status = value.get(\"error\", None)\n                    if not status:\n                        status = value.get(\"status\", ErrorCode.UNKNOWN_ERROR)\n                        message = value.get(\"value\") or value.get(\"message\")\n                        if not isinstance(message, str):\n                            value = message\n                            message = message.get(\"message\")\n                    else:\n                        message = value.get(\"message\", None)\n                except ValueError:\n                    pass\n    \n        exception_class: Type[WebDriverException]\n        e = ErrorCode()\n        error_codes = [item for item in dir(e) if not item.startswith(\"__\")]\n        for error_code in error_codes:\n            error_info = getattr(ErrorCode, error_code)\n            if isinstance(error_info, list) and status in error_info:\n                exception_class = getattr(ExceptionMapping, error_code, WebDriverException)\n                break\n        else:\n            exception_class = WebDriverException\n    \n        if not value:\n            value = response[\"value\"]\n        if isinstance(value, str):\n            raise exception_class(value)\n        if message == \"\" and \"message\" in value:\n            message = value[\"message\"]\n    \n        screen = None  # type: ignore[assignment]\n        if \"screen\" in value:\n            screen = value[\"screen\"]\n    \n        stacktrace = None\n        st_value = value.get(\"stackTrace\") or value.get(\"stacktrace\")\n        if st_value:\n            if isinstance(st_value, str):\n                stacktrace = st_value.split(\"\\n\")\n            else:\n                stacktrace = []\n                try:\n                    for frame in st_value:\n                        line = frame.get(\"lineNumber\", \"\")\n                        file = frame.get(\"fileName\", \"<anonymous>\")\n                        if line:\n                            file = f\"{file}:{line}\"\n                        meth = frame.get(\"methodName\", \"<anonymous>\")\n                        if \"className\" in frame:\n                            meth = f\"{frame['className']}.{meth}\"\n                        msg = \"    at %s (%s)\"\n                        msg = msg % (meth, file)\n                        stacktrace.append(msg)\n                except TypeError:\n                    pass\n        if exception_class == UnexpectedAlertPresentException:\n            alert_text = None\n            if \"data\" in value:\n                alert_text = value[\"data\"].get(\"text\")\n            elif \"alert\" in value:\n                alert_text = value[\"alert\"].get(\"text\")\n            raise exception_class(message, screen, stacktrace, alert_text)  # type: ignore[call-arg]  # mypy is not smart enough here\n>       raise exception_class(message, screen, stacktrace)\nE       selenium.common.exceptions.WebDriverException: Message: unknown error: net::ERR_CONNECTION_CLOSED\nE         (Session info: chrome=131.0.6778.140)\nE       Stacktrace:\nE       \tGetHandleVerifier [0x00007FF6DB84FB05+28789]\nE       \t(No symbol) [0x00007FF6DB7B86E0]\nE       \t(No symbol) [0x00007FF6DB65592A]\nE       \t(No symbol) [0x00007FF6DB653028]\nE       \t(No symbol) [0x00007FF6DB643BF9]\nE       \t(No symbol) [0x00007FF6DB64594F]\nE       \t(No symbol) [0x00007FF6DB643EBF]\nE       \t(No symbol) [0x00007FF6DB64371B]\nE       \t(No symbol) [0x00007FF6DB64365A]\nE       \t(No symbol) [0x00007FF6DB641274]\nE       \t(No symbol) [0x00007FF6DB641B3C]\nE       \t(No symbol) [0x00007FF6DB6589FA]\nE       \t(No symbol) [0x00007FF6DB6F045E]\nE       \t(No symbol) [0x00007FF6DB6CF43A]\nE       \t(No symbol) [0x00007FF6DB6EF654]\nE       \t(No symbol) [0x00007FF6DB6CF1E3]\nE       \t(No symbol) [0x00007FF6DB69A938]\nE       \t(No symbol) [0x00007FF6DB69BAA1]\nE       \tGetHandleVerifier [0x00007FF6DBB8933D+3410093]\nE       \tGetHandleVerifier [0x00007FF6DBB9E7DD+3497293]\nE       \tGetHandleVerifier [0x00007FF6DBB92A73+3448803]\nE       \tGetHandleVerifier [0x00007FF6DB917BBB+848171]\nE       \t(No symbol) [0x00007FF6DB7C3C3F]\nE       \t(No symbol) [0x00007FF6DB7BF6E4]\nE       \t(No symbol) [0x00007FF6DB7BF87D]\nE       \t(No symbol) [0x00007FF6DB7AED49]\nE       \tBaseThreadInitThunk [0x00007FFBF203259D+29]\nE       \tRtlUserThreadStart [0x00007FFBF260AF38+40]\n\nC:\\Users\\teem8\\AppData\\Local\\Programs\\Python\\Python312\\Lib\\site-packages\\selenium\\webdriver\\remote\\errorhandler.py:229: WebDriverException","flaky":false,"newFailed":false,"newBroken":false,"newPassed":false,"retriesCount":0,"retriesStatusChange":false,"beforeStages":[{"name":"browser","time":{"start":1734689416296,"stop":1734689417916,"duration":1620},"status":"passed","steps":[{"name":"Открыть и настроить браузер","time":{"start":1734689416296,"stop":1734689418508,"duration":2212},"status":"passed","steps":[],"attachments":[],"parameters":[],"shouldDisplayMessage":false,"attachmentsCount":0,"stepsCount":0,"hasContent":false,"attachmentStep":false}],"attachments":[],"parameters":[],"shouldDisplayMessage":false,"attachmentsCount":0,"stepsCount":1,"hasContent":true,"attachmentStep":false}],"testStage":{"status":"broken","statusMessage":"selenium.common.exceptions.WebDriverException: Message: unknown error: net::ERR_CONNECTION_CLOSED\n  (Session info: chrome=131.0.6778.140)\nStacktrace:\n\tGetHandleVerifier [0x00007FF6DB84FB05+28789]\n\t(No symbol) [0x00007FF6DB7B86E0]\n\t(No symbol) [0x00007FF6DB65592A]\n\t(No symbol) [0x00007FF6DB653028]\n\t(No symbol) [0x00007FF6DB643BF9]\n\t(No symbol) [0x00007FF6DB64594F]\n\t(No symbol) [0x00007FF6DB643EBF]\n\t(No symbol) [0x00007FF6DB64371B]\n\t(No symbol) [0x00007FF6DB64365A]\n\t(No symbol) [0x00007FF6DB641274]\n\t(No symbol) [0x00007FF6DB641B3C]\n\t(No symbol) [0x00007FF6DB6589FA]\n\t(No symbol) [0x00007FF6DB6F045E]\n\t(No symbol) [0x00007FF6DB6CF43A]\n\t(No symbol) [0x00007FF6DB6EF654]\n\t(No symbol) [0x00007FF6DB6CF1E3]\n\t(No symbol) [0x00007FF6DB69A938]\n\t(No symbol) [0x00007FF6DB69BAA1]\n\tGetHandleVerifier [0x00007FF6DBB8933D+3410093]\n\tGetHandleVerifier [0x00007FF6DBB9E7DD+3497293]\n\tGetHandleVerifier [0x00007FF6DBB92A73+3448803]\n\tGetHandleVerifier [0x00007FF6DB917BBB+848171]\n\t(No symbol) [0x00007FF6DB7C3C3F]\n\t(No symbol) [0x00007FF6DB7BF6E4]\n\t(No symbol) [0x00007FF6DB7BF87D]\n\t(No symbol) [0x00007FF6DB7AED49]\n\tBaseThreadInitThunk [0x00007FFBF203259D+29]\n\tRtlUserThreadStart [0x00007FFBF260AF38+40]","statusTrace":"browser = <selenium.webdriver.chrome.webdriver.WebDriver (session=\"7ddbff45cc5f133625853ee39799a8c4\")>\n\n    def test_reg_pos(browser):\n        number = \"001234567\"\n        class_button = \"app-button auth-modal__sms-button blue\"\n        with allure.step(\"Открыть главную страницу\"):\n>           main_page = MainPage(browser)\n\nui_test.py:13: \n_ _ _ _ _ _ _ _ _ _ _ _ _ _ _ _ _ _ _ _ _ _ _ _ _ _ _ _ _ _ _ _ _ _ _ _ _ _ _ _\npage\\main_page.py:13: in __init__\n    self.__driver.get(self.__url)\nC:\\Users\\teem8\\AppData\\Local\\Programs\\Python\\Python312\\Lib\\site-packages\\selenium\\webdriver\\remote\\webdriver.py:363: in get\n    self.execute(Command.GET, {\"url\": url})\nC:\\Users\\teem8\\AppData\\Local\\Programs\\Python\\Python312\\Lib\\site-packages\\selenium\\webdriver\\remote\\webdriver.py:354: in execute\n    self.error_handler.check_response(response)\n_ _ _ _ _ _ _ _ _ _ _ _ _ _ _ _ _ _ _ _ _ _ _ _ _ _ _ _ _ _ _ _ _ _ _ _ _ _ _ _\n\nself = <selenium.webdriver.remote.errorhandler.ErrorHandler object at 0x00000154D3C712B0>\nresponse = {'status': 500, 'value': '{\"value\":{\"error\":\"unknown error\",\"message\":\"unknown error: net::ERR_CONNECTION_CLOSED\\\\n  (...07FF6DB7AED49]\\\\n\\\\tBaseThreadInitThunk [0x00007FFBF203259D+29]\\\\n\\\\tRtlUserThreadStart [0x00007FFBF260AF38+40]\\\\n\"}}'}\n\n    def check_response(self, response: Dict[str, Any]) -> None:\n        \"\"\"Checks that a JSON response from the WebDriver does not have an\n        error.\n    \n        :Args:\n         - response - The JSON response from the WebDriver server as a dictionary\n           object.\n    \n        :Raises: If the response contains an error message.\n        \"\"\"\n        status = response.get(\"status\", None)\n        if not status or status == ErrorCode.SUCCESS:\n            return\n        value = None\n        message = response.get(\"message\", \"\")\n        screen: str = response.get(\"screen\", \"\")\n        stacktrace = None\n        if isinstance(status, int):\n            value_json = response.get(\"value\", None)\n            if value_json and isinstance(value_json, str):\n                import json\n    \n                try:\n                    value = json.loads(value_json)\n                    if len(value) == 1:\n                        value = value[\"value\"]\n                    status = value.get(\"error\", None)\n                    if not status:\n                        status = value.get(\"status\", ErrorCode.UNKNOWN_ERROR)\n                        message = value.get(\"value\") or value.get(\"message\")\n                        if not isinstance(message, str):\n                            value = message\n                            message = message.get(\"message\")\n                    else:\n                        message = value.get(\"message\", None)\n                except ValueError:\n                    pass\n    \n        exception_class: Type[WebDriverException]\n        e = ErrorCode()\n        error_codes = [item for item in dir(e) if not item.startswith(\"__\")]\n        for error_code in error_codes:\n            error_info = getattr(ErrorCode, error_code)\n            if isinstance(error_info, list) and status in error_info:\n                exception_class = getattr(ExceptionMapping, error_code, WebDriverException)\n                break\n        else:\n            exception_class = WebDriverException\n    \n        if not value:\n            value = response[\"value\"]\n        if isinstance(value, str):\n            raise exception_class(value)\n        if message == \"\" and \"message\" in value:\n            message = value[\"message\"]\n    \n        screen = None  # type: ignore[assignment]\n        if \"screen\" in value:\n            screen = value[\"screen\"]\n    \n        stacktrace = None\n        st_value = value.get(\"stackTrace\") or value.get(\"stacktrace\")\n        if st_value:\n            if isinstance(st_value, str):\n                stacktrace = st_value.split(\"\\n\")\n            else:\n                stacktrace = []\n                try:\n                    for frame in st_value:\n                        line = frame.get(\"lineNumber\", \"\")\n                        file = frame.get(\"fileName\", \"<anonymous>\")\n                        if line:\n                            file = f\"{file}:{line}\"\n                        meth = frame.get(\"methodName\", \"<anonymous>\")\n                        if \"className\" in frame:\n                            meth = f\"{frame['className']}.{meth}\"\n                        msg = \"    at %s (%s)\"\n                        msg = msg % (meth, file)\n                        stacktrace.append(msg)\n                except TypeError:\n                    pass\n        if exception_class == UnexpectedAlertPresentException:\n            alert_text = None\n            if \"data\" in value:\n                alert_text = value[\"data\"].get(\"text\")\n            elif \"alert\" in value:\n                alert_text = value[\"alert\"].get(\"text\")\n            raise exception_class(message, screen, stacktrace, alert_text)  # type: ignore[call-arg]  # mypy is not smart enough here\n>       raise exception_class(message, screen, stacktrace)\nE       selenium.common.exceptions.WebDriverException: Message: unknown error: net::ERR_CONNECTION_CLOSED\nE         (Session info: chrome=131.0.6778.140)\nE       Stacktrace:\nE       \tGetHandleVerifier [0x00007FF6DB84FB05+28789]\nE       \t(No symbol) [0x00007FF6DB7B86E0]\nE       \t(No symbol) [0x00007FF6DB65592A]\nE       \t(No symbol) [0x00007FF6DB653028]\nE       \t(No symbol) [0x00007FF6DB643BF9]\nE       \t(No symbol) [0x00007FF6DB64594F]\nE       \t(No symbol) [0x00007FF6DB643EBF]\nE       \t(No symbol) [0x00007FF6DB64371B]\nE       \t(No symbol) [0x00007FF6DB64365A]\nE       \t(No symbol) [0x00007FF6DB641274]\nE       \t(No symbol) [0x00007FF6DB641B3C]\nE       \t(No symbol) [0x00007FF6DB6589FA]\nE       \t(No symbol) [0x00007FF6DB6F045E]\nE       \t(No symbol) [0x00007FF6DB6CF43A]\nE       \t(No symbol) [0x00007FF6DB6EF654]\nE       \t(No symbol) [0x00007FF6DB6CF1E3]\nE       \t(No symbol) [0x00007FF6DB69A938]\nE       \t(No symbol) [0x00007FF6DB69BAA1]\nE       \tGetHandleVerifier [0x00007FF6DBB8933D+3410093]\nE       \tGetHandleVerifier [0x00007FF6DBB9E7DD+3497293]\nE       \tGetHandleVerifier [0x00007FF6DBB92A73+3448803]\nE       \tGetHandleVerifier [0x00007FF6DB917BBB+848171]\nE       \t(No symbol) [0x00007FF6DB7C3C3F]\nE       \t(No symbol) [0x00007FF6DB7BF6E4]\nE       \t(No symbol) [0x00007FF6DB7BF87D]\nE       \t(No symbol) [0x00007FF6DB7AED49]\nE       \tBaseThreadInitThunk [0x00007FFBF203259D+29]\nE       \tRtlUserThreadStart [0x00007FFBF260AF38+40]\n\nC:\\Users\\teem8\\AppData\\Local\\Programs\\Python\\Python312\\Lib\\site-packages\\selenium\\webdriver\\remote\\errorhandler.py:229: WebDriverException","steps":[{"name":"Открыть главную страницу","time":{"start":1734689417917,"stop":1734689418432,"duration":515},"status":"broken","statusMessage":"selenium.common.exceptions.WebDriverException: Message: unknown error: net::ERR_CONNECTION_CLOSED\n  (Session info: chrome=131.0.6778.140)\nStacktrace:\n\tGetHandleVerifier [0x00007FF6DB84FB05+28789]\n\t(No symbol) [0x00007FF6DB7B86E0]\n\t(No symbol) [0x00007FF6DB65592A]\n\t(No symbol) [0x00007FF6DB653028]\n\t(No symbol) [0x00007FF6DB643BF9]\n\t(No symbol) [0x00007FF6DB64594F]\n\t(No symbol) [0x00007FF6DB643EBF]\n\t(No symbol) [0x00007FF6DB64371B]\n\t(No symbol) [0x00007FF6DB64365A]\n\t(No symbol) [0x00007FF6DB641274]\n\t(No symbol) [0x00007FF6DB641B3C]\n\t(No symbol) [0x00007FF6DB6589FA]\n\t(No symbol) [0x00007FF6DB6F045E]\n\t(No symbol) [0x00007FF6DB6CF43A]\n\t(No symbol) [0x00007FF6DB6EF654]\n\t(No symbol) [0x00007FF6DB6CF1E3]\n\t(No symbol) [0x00007FF6DB69A938]\n\t(No symbol) [0x00007FF6DB69BAA1]\n\tGetHandleVerifier [0x00007FF6DBB8933D+3410093]\n\tGetHandleVerifier [0x00007FF6DBB9E7DD+3497293]\n\tGetHandleVerifier [0x00007FF6DBB92A73+3448803]\n\tGetHandleVerifier [0x00007FF6DB917BBB+848171]\n\t(No symbol) [0x00007FF6DB7C3C3F]\n\t(No symbol) [0x00007FF6DB7BF6E4]\n\t(No symbol) [0x00007FF6DB7BF87D]\n\t(No symbol) [0x00007FF6DB7AED49]\n\tBaseThreadInitThunk [0x00007FFBF203259D+29]\n\tRtlUserThreadStart [0x00007FFBF260AF38+40]\n\n","statusTrace":"  File \"C:\\Users\\teem8\\OneDrive\\Desktop\\polkovnichenkoav\\final_project\\test\\ui_test.py\", line 13, in test_reg_pos\n    main_page = MainPage(browser)\n                ^^^^^^^^^^^^^^^^^\n  File \"C:\\Users\\teem8\\OneDrive\\Desktop\\polkovnichenkoav\\final_project\\test\\page\\main_page.py\", line 13, in __init__\n    self.__driver.get(self.__url)\n  File \"C:\\Users\\teem8\\AppData\\Local\\Programs\\Python\\Python312\\Lib\\site-packages\\selenium\\webdriver\\remote\\webdriver.py\", line 363, in get\n    self.execute(Command.GET, {\"url\": url})\n  File \"C:\\Users\\teem8\\AppData\\Local\\Programs\\Python\\Python312\\Lib\\site-packages\\selenium\\webdriver\\remote\\webdriver.py\", line 354, in execute\n    self.error_handler.check_response(response)\n  File \"C:\\Users\\teem8\\AppData\\Local\\Programs\\Python\\Python312\\Lib\\site-packages\\selenium\\webdriver\\remote\\errorhandler.py\", line 229, in check_response\n    raise exception_class(message, screen, stacktrace)\n","steps":[],"attachments":[],"parameters":[],"shouldDisplayMessage":true,"attachmentsCount":0,"stepsCount":0,"hasContent":true,"attachmentStep":false}],"attachments":[],"parameters":[],"shouldDisplayMessage":true,"attachmentsCount":0,"stepsCount":1,"hasContent":true,"attachmentStep":false},"afterStages":[{"name":"browser::0","time":{"start":1734689418508,"stop":1734689420659,"duration":2151},"status":"passed","steps":[{"name":"Закрыть браузер","time":{"start":1734689418508,"stop":1734689420659,"duration":2151},"status":"passed","steps":[],"attachments":[],"parameters":[],"shouldDisplayMessage":false,"attachmentsCount":0,"stepsCount":0,"hasContent":false,"attachmentStep":false}],"attachments":[],"parameters":[],"shouldDisplayMessage":false,"attachmentsCount":0,"stepsCount":1,"hasContent":true,"attachmentStep":false}],"labels":[{"name":"parentSuite","value":"test"},{"name":"suite","value":"ui_test"},{"name":"host","value":"Lenovo"},{"name":"thread","value":"25308-MainThread"},{"name":"framework","value":"pytest"},{"name":"language","value":"cpython3"},{"name":"package","value":"test.ui_test"},{"name":"resultFormat","value":"allure2"}],"parameters":[],"links":[],"hidden":true,"retry":true,"extra":{"categories":[],"tags":[]},"source":"4ced781fb3791e99.json","parameterValues":[]}