{"uid":"9108ea49d2e5bb90","name":"test_add_to_cart","fullName":"test.ui_test#test_add_to_cart","historyId":"df64f1c50527f129b4b3b3341eb9330e","time":{"start":1734596065017,"stop":1734596113753,"duration":48736},"status":"broken","statusMessage":"selenium.common.exceptions.ElementClickInterceptedException: Message: element click intercepted: Element is not clickable at point (190, 1306)\n  (Session info: chrome=131.0.6778.140)\nStacktrace:\n\tGetHandleVerifier [0x00007FF6807EFB05+28789]\n\t(No symbol) [0x00007FF6807586E0]\n\t(No symbol) [0x00007FF6805F592A]\n\t(No symbol) [0x00007FF680650FDE]\n\t(No symbol) [0x00007FF68064EA7C]\n\t(No symbol) [0x00007FF68064BC46]\n\t(No symbol) [0x00007FF68064ABA1]\n\t(No symbol) [0x00007FF68063CD60]\n\t(No symbol) [0x00007FF68066F43A]\n\t(No symbol) [0x00007FF68063C5B6]\n\t(No symbol) [0x00007FF68066F650]\n\t(No symbol) [0x00007FF68068F654]\n\t(No symbol) [0x00007FF68066F1E3]\n\t(No symbol) [0x00007FF68063A938]\n\t(No symbol) [0x00007FF68063BAA1]\n\tGetHandleVerifier [0x00007FF680B2933D+3410093]\n\tGetHandleVerifier [0x00007FF680B3E7DD+3497293]\n\tGetHandleVerifier [0x00007FF680B32A73+3448803]\n\tGetHandleVerifier [0x00007FF6808B7BBB+848171]\n\t(No symbol) [0x00007FF680763C3F]\n\t(No symbol) [0x00007FF68075F6E4]\n\t(No symbol) [0x00007FF68075F87D]\n\t(No symbol) [0x00007FF68074ED49]\n\tBaseThreadInitThunk [0x00007FFBF203259D+29]\n\tRtlUserThreadStart [0x00007FFBF260AF38+40]","statusTrace":"browser = <selenium.webdriver.chrome.webdriver.WebDriver (session=\"99f8705db1daa1e80a68506e6c6b6d27\")>\n\n    def test_add_to_cart(browser):\n        with allure.step(\"Открыть главную страницу\"):\n            main_page = MainPage(browser)\n>           main_page.add_book_from_main_page()\n\nui_test.py:32: \n_ _ _ _ _ _ _ _ _ _ _ _ _ _ _ _ _ _ _ _ _ _ _ _ _ _ _ _ _ _ _ _ _ _ _ _ _ _ _ _\n..\\page\\main_page.py:40: in add_book_from_main_page\n    massive_button[0].click()\nC:\\Users\\teem8\\AppData\\Local\\Programs\\Python\\Python312\\Lib\\site-packages\\selenium\\webdriver\\remote\\webelement.py:94: in click\n    self._execute(Command.CLICK_ELEMENT)\nC:\\Users\\teem8\\AppData\\Local\\Programs\\Python\\Python312\\Lib\\site-packages\\selenium\\webdriver\\remote\\webelement.py:395: in _execute\n    return self._parent.execute(command, params)\nC:\\Users\\teem8\\AppData\\Local\\Programs\\Python\\Python312\\Lib\\site-packages\\selenium\\webdriver\\remote\\webdriver.py:354: in execute\n    self.error_handler.check_response(response)\n_ _ _ _ _ _ _ _ _ _ _ _ _ _ _ _ _ _ _ _ _ _ _ _ _ _ _ _ _ _ _ _ _ _ _ _ _ _ _ _\n\nself = <selenium.webdriver.remote.errorhandler.ErrorHandler object at 0x0000028071470440>\nresponse = {'status': 400, 'value': '{\"value\":{\"error\":\"element click intercepted\",\"message\":\"element click intercepted: Element ...07FF68074ED49]\\\\n\\\\tBaseThreadInitThunk [0x00007FFBF203259D+29]\\\\n\\\\tRtlUserThreadStart [0x00007FFBF260AF38+40]\\\\n\"}}'}\n\n    def check_response(self, response: Dict[str, Any]) -> None:\n        \"\"\"Checks that a JSON response from the WebDriver does not have an\n        error.\n    \n        :Args:\n         - response - The JSON response from the WebDriver server as a dictionary\n           object.\n    \n        :Raises: If the response contains an error message.\n        \"\"\"\n        status = response.get(\"status\", None)\n        if not status or status == ErrorCode.SUCCESS:\n            return\n        value = None\n        message = response.get(\"message\", \"\")\n        screen: str = response.get(\"screen\", \"\")\n        stacktrace = None\n        if isinstance(status, int):\n            value_json = response.get(\"value\", None)\n            if value_json and isinstance(value_json, str):\n                import json\n    \n                try:\n                    value = json.loads(value_json)\n                    if len(value) == 1:\n                        value = value[\"value\"]\n                    status = value.get(\"error\", None)\n                    if not status:\n                        status = value.get(\"status\", ErrorCode.UNKNOWN_ERROR)\n                        message = value.get(\"value\") or value.get(\"message\")\n                        if not isinstance(message, str):\n                            value = message\n                            message = message.get(\"message\")\n                    else:\n                        message = value.get(\"message\", None)\n                except ValueError:\n                    pass\n    \n        exception_class: Type[WebDriverException]\n        e = ErrorCode()\n        error_codes = [item for item in dir(e) if not item.startswith(\"__\")]\n        for error_code in error_codes:\n            error_info = getattr(ErrorCode, error_code)\n            if isinstance(error_info, list) and status in error_info:\n                exception_class = getattr(ExceptionMapping, error_code, WebDriverException)\n                break\n        else:\n            exception_class = WebDriverException\n    \n        if not value:\n            value = response[\"value\"]\n        if isinstance(value, str):\n            raise exception_class(value)\n        if message == \"\" and \"message\" in value:\n            message = value[\"message\"]\n    \n        screen = None  # type: ignore[assignment]\n        if \"screen\" in value:\n            screen = value[\"screen\"]\n    \n        stacktrace = None\n        st_value = value.get(\"stackTrace\") or value.get(\"stacktrace\")\n        if st_value:\n            if isinstance(st_value, str):\n                stacktrace = st_value.split(\"\\n\")\n            else:\n                stacktrace = []\n                try:\n                    for frame in st_value:\n                        line = frame.get(\"lineNumber\", \"\")\n                        file = frame.get(\"fileName\", \"<anonymous>\")\n                        if line:\n                            file = f\"{file}:{line}\"\n                        meth = frame.get(\"methodName\", \"<anonymous>\")\n                        if \"className\" in frame:\n                            meth = f\"{frame['className']}.{meth}\"\n                        msg = \"    at %s (%s)\"\n                        msg = msg % (meth, file)\n                        stacktrace.append(msg)\n                except TypeError:\n                    pass\n        if exception_class == UnexpectedAlertPresentException:\n            alert_text = None\n            if \"data\" in value:\n                alert_text = value[\"data\"].get(\"text\")\n            elif \"alert\" in value:\n                alert_text = value[\"alert\"].get(\"text\")\n            raise exception_class(message, screen, stacktrace, alert_text)  # type: ignore[call-arg]  # mypy is not smart enough here\n>       raise exception_class(message, screen, stacktrace)\nE       selenium.common.exceptions.ElementClickInterceptedException: Message: element click intercepted: Element is not clickable at point (190, 1306)\nE         (Session info: chrome=131.0.6778.140)\nE       Stacktrace:\nE       \tGetHandleVerifier [0x00007FF6807EFB05+28789]\nE       \t(No symbol) [0x00007FF6807586E0]\nE       \t(No symbol) [0x00007FF6805F592A]\nE       \t(No symbol) [0x00007FF680650FDE]\nE       \t(No symbol) [0x00007FF68064EA7C]\nE       \t(No symbol) [0x00007FF68064BC46]\nE       \t(No symbol) [0x00007FF68064ABA1]\nE       \t(No symbol) [0x00007FF68063CD60]\nE       \t(No symbol) [0x00007FF68066F43A]\nE       \t(No symbol) [0x00007FF68063C5B6]\nE       \t(No symbol) [0x00007FF68066F650]\nE       \t(No symbol) [0x00007FF68068F654]\nE       \t(No symbol) [0x00007FF68066F1E3]\nE       \t(No symbol) [0x00007FF68063A938]\nE       \t(No symbol) [0x00007FF68063BAA1]\nE       \tGetHandleVerifier [0x00007FF680B2933D+3410093]\nE       \tGetHandleVerifier [0x00007FF680B3E7DD+3497293]\nE       \tGetHandleVerifier [0x00007FF680B32A73+3448803]\nE       \tGetHandleVerifier [0x00007FF6808B7BBB+848171]\nE       \t(No symbol) [0x00007FF680763C3F]\nE       \t(No symbol) [0x00007FF68075F6E4]\nE       \t(No symbol) [0x00007FF68075F87D]\nE       \t(No symbol) [0x00007FF68074ED49]\nE       \tBaseThreadInitThunk [0x00007FFBF203259D+29]\nE       \tRtlUserThreadStart [0x00007FFBF260AF38+40]\n\nC:\\Users\\teem8\\AppData\\Local\\Programs\\Python\\Python312\\Lib\\site-packages\\selenium\\webdriver\\remote\\errorhandler.py:229: ElementClickInterceptedException","flaky":false,"newFailed":false,"newBroken":false,"newPassed":false,"retriesCount":0,"retriesStatusChange":false,"beforeStages":[{"name":"browser","time":{"start":1734596063568,"stop":1734596065016,"duration":1448},"status":"passed","steps":[{"name":"Открыть и настроить браузер","time":{"start":1734596063568,"stop":1734596113950,"duration":50382},"status":"passed","steps":[],"attachments":[],"parameters":[],"shouldDisplayMessage":false,"attachmentsCount":0,"stepsCount":0,"hasContent":false,"attachmentStep":false}],"attachments":[],"parameters":[],"shouldDisplayMessage":false,"attachmentsCount":0,"stepsCount":1,"hasContent":true,"attachmentStep":false}],"testStage":{"status":"broken","statusMessage":"selenium.common.exceptions.ElementClickInterceptedException: Message: element click intercepted: Element is not clickable at point (190, 1306)\n  (Session info: chrome=131.0.6778.140)\nStacktrace:\n\tGetHandleVerifier [0x00007FF6807EFB05+28789]\n\t(No symbol) [0x00007FF6807586E0]\n\t(No symbol) [0x00007FF6805F592A]\n\t(No symbol) [0x00007FF680650FDE]\n\t(No symbol) [0x00007FF68064EA7C]\n\t(No symbol) [0x00007FF68064BC46]\n\t(No symbol) [0x00007FF68064ABA1]\n\t(No symbol) [0x00007FF68063CD60]\n\t(No symbol) [0x00007FF68066F43A]\n\t(No symbol) [0x00007FF68063C5B6]\n\t(No symbol) [0x00007FF68066F650]\n\t(No symbol) [0x00007FF68068F654]\n\t(No symbol) [0x00007FF68066F1E3]\n\t(No symbol) [0x00007FF68063A938]\n\t(No symbol) [0x00007FF68063BAA1]\n\tGetHandleVerifier [0x00007FF680B2933D+3410093]\n\tGetHandleVerifier [0x00007FF680B3E7DD+3497293]\n\tGetHandleVerifier [0x00007FF680B32A73+3448803]\n\tGetHandleVerifier [0x00007FF6808B7BBB+848171]\n\t(No symbol) [0x00007FF680763C3F]\n\t(No symbol) [0x00007FF68075F6E4]\n\t(No symbol) [0x00007FF68075F87D]\n\t(No symbol) [0x00007FF68074ED49]\n\tBaseThreadInitThunk [0x00007FFBF203259D+29]\n\tRtlUserThreadStart [0x00007FFBF260AF38+40]","statusTrace":"browser = <selenium.webdriver.chrome.webdriver.WebDriver (session=\"99f8705db1daa1e80a68506e6c6b6d27\")>\n\n    def test_add_to_cart(browser):\n        with allure.step(\"Открыть главную страницу\"):\n            main_page = MainPage(browser)\n>           main_page.add_book_from_main_page()\n\nui_test.py:32: \n_ _ _ _ _ _ _ _ _ _ _ _ _ _ _ _ _ _ _ _ _ _ _ _ _ _ _ _ _ _ _ _ _ _ _ _ _ _ _ _\n..\\page\\main_page.py:40: in add_book_from_main_page\n    massive_button[0].click()\nC:\\Users\\teem8\\AppData\\Local\\Programs\\Python\\Python312\\Lib\\site-packages\\selenium\\webdriver\\remote\\webelement.py:94: in click\n    self._execute(Command.CLICK_ELEMENT)\nC:\\Users\\teem8\\AppData\\Local\\Programs\\Python\\Python312\\Lib\\site-packages\\selenium\\webdriver\\remote\\webelement.py:395: in _execute\n    return self._parent.execute(command, params)\nC:\\Users\\teem8\\AppData\\Local\\Programs\\Python\\Python312\\Lib\\site-packages\\selenium\\webdriver\\remote\\webdriver.py:354: in execute\n    self.error_handler.check_response(response)\n_ _ _ _ _ _ _ _ _ _ _ _ _ _ _ _ _ _ _ _ _ _ _ _ _ _ _ _ _ _ _ _ _ _ _ _ _ _ _ _\n\nself = <selenium.webdriver.remote.errorhandler.ErrorHandler object at 0x0000028071470440>\nresponse = {'status': 400, 'value': '{\"value\":{\"error\":\"element click intercepted\",\"message\":\"element click intercepted: Element ...07FF68074ED49]\\\\n\\\\tBaseThreadInitThunk [0x00007FFBF203259D+29]\\\\n\\\\tRtlUserThreadStart [0x00007FFBF260AF38+40]\\\\n\"}}'}\n\n    def check_response(self, response: Dict[str, Any]) -> None:\n        \"\"\"Checks that a JSON response from the WebDriver does not have an\n        error.\n    \n        :Args:\n         - response - The JSON response from the WebDriver server as a dictionary\n           object.\n    \n        :Raises: If the response contains an error message.\n        \"\"\"\n        status = response.get(\"status\", None)\n        if not status or status == ErrorCode.SUCCESS:\n            return\n        value = None\n        message = response.get(\"message\", \"\")\n        screen: str = response.get(\"screen\", \"\")\n        stacktrace = None\n        if isinstance(status, int):\n            value_json = response.get(\"value\", None)\n            if value_json and isinstance(value_json, str):\n                import json\n    \n                try:\n                    value = json.loads(value_json)\n                    if len(value) == 1:\n                        value = value[\"value\"]\n                    status = value.get(\"error\", None)\n                    if not status:\n                        status = value.get(\"status\", ErrorCode.UNKNOWN_ERROR)\n                        message = value.get(\"value\") or value.get(\"message\")\n                        if not isinstance(message, str):\n                            value = message\n                            message = message.get(\"message\")\n                    else:\n                        message = value.get(\"message\", None)\n                except ValueError:\n                    pass\n    \n        exception_class: Type[WebDriverException]\n        e = ErrorCode()\n        error_codes = [item for item in dir(e) if not item.startswith(\"__\")]\n        for error_code in error_codes:\n            error_info = getattr(ErrorCode, error_code)\n            if isinstance(error_info, list) and status in error_info:\n                exception_class = getattr(ExceptionMapping, error_code, WebDriverException)\n                break\n        else:\n            exception_class = WebDriverException\n    \n        if not value:\n            value = response[\"value\"]\n        if isinstance(value, str):\n            raise exception_class(value)\n        if message == \"\" and \"message\" in value:\n            message = value[\"message\"]\n    \n        screen = None  # type: ignore[assignment]\n        if \"screen\" in value:\n            screen = value[\"screen\"]\n    \n        stacktrace = None\n        st_value = value.get(\"stackTrace\") or value.get(\"stacktrace\")\n        if st_value:\n            if isinstance(st_value, str):\n                stacktrace = st_value.split(\"\\n\")\n            else:\n                stacktrace = []\n                try:\n                    for frame in st_value:\n                        line = frame.get(\"lineNumber\", \"\")\n                        file = frame.get(\"fileName\", \"<anonymous>\")\n                        if line:\n                            file = f\"{file}:{line}\"\n                        meth = frame.get(\"methodName\", \"<anonymous>\")\n                        if \"className\" in frame:\n                            meth = f\"{frame['className']}.{meth}\"\n                        msg = \"    at %s (%s)\"\n                        msg = msg % (meth, file)\n                        stacktrace.append(msg)\n                except TypeError:\n                    pass\n        if exception_class == UnexpectedAlertPresentException:\n            alert_text = None\n            if \"data\" in value:\n                alert_text = value[\"data\"].get(\"text\")\n            elif \"alert\" in value:\n                alert_text = value[\"alert\"].get(\"text\")\n            raise exception_class(message, screen, stacktrace, alert_text)  # type: ignore[call-arg]  # mypy is not smart enough here\n>       raise exception_class(message, screen, stacktrace)\nE       selenium.common.exceptions.ElementClickInterceptedException: Message: element click intercepted: Element is not clickable at point (190, 1306)\nE         (Session info: chrome=131.0.6778.140)\nE       Stacktrace:\nE       \tGetHandleVerifier [0x00007FF6807EFB05+28789]\nE       \t(No symbol) [0x00007FF6807586E0]\nE       \t(No symbol) [0x00007FF6805F592A]\nE       \t(No symbol) [0x00007FF680650FDE]\nE       \t(No symbol) [0x00007FF68064EA7C]\nE       \t(No symbol) [0x00007FF68064BC46]\nE       \t(No symbol) [0x00007FF68064ABA1]\nE       \t(No symbol) [0x00007FF68063CD60]\nE       \t(No symbol) [0x00007FF68066F43A]\nE       \t(No symbol) [0x00007FF68063C5B6]\nE       \t(No symbol) [0x00007FF68066F650]\nE       \t(No symbol) [0x00007FF68068F654]\nE       \t(No symbol) [0x00007FF68066F1E3]\nE       \t(No symbol) [0x00007FF68063A938]\nE       \t(No symbol) [0x00007FF68063BAA1]\nE       \tGetHandleVerifier [0x00007FF680B2933D+3410093]\nE       \tGetHandleVerifier [0x00007FF680B3E7DD+3497293]\nE       \tGetHandleVerifier [0x00007FF680B32A73+3448803]\nE       \tGetHandleVerifier [0x00007FF6808B7BBB+848171]\nE       \t(No symbol) [0x00007FF680763C3F]\nE       \t(No symbol) [0x00007FF68075F6E4]\nE       \t(No symbol) [0x00007FF68075F87D]\nE       \t(No symbol) [0x00007FF68074ED49]\nE       \tBaseThreadInitThunk [0x00007FFBF203259D+29]\nE       \tRtlUserThreadStart [0x00007FFBF260AF38+40]\n\nC:\\Users\\teem8\\AppData\\Local\\Programs\\Python\\Python312\\Lib\\site-packages\\selenium\\webdriver\\remote\\errorhandler.py:229: ElementClickInterceptedException","steps":[{"name":"Открыть главную страницу","time":{"start":1734596065017,"stop":1734596113750,"duration":48733},"status":"broken","statusMessage":"selenium.common.exceptions.ElementClickInterceptedException: Message: element click intercepted: Element is not clickable at point (190, 1306)\n  (Session info: chrome=131.0.6778.140)\nStacktrace:\n\tGetHandleVerifier [0x00007FF6807EFB05+28789]\n\t(No symbol) [0x00007FF6807586E0]\n\t(No symbol) [0x00007FF6805F592A]\n\t(No symbol) [0x00007FF680650FDE]\n\t(No symbol) [0x00007FF68064EA7C]\n\t(No symbol) [0x00007FF68064BC46]\n\t(No symbol) [0x00007FF68064ABA1]\n\t(No symbol) [0x00007FF68063CD60]\n\t(No symbol) [0x00007FF68066F43A]\n\t(No symbol) [0x00007FF68063C5B6]\n\t(No symbol) [0x00007FF68066F650]\n\t(No symbol) [0x00007FF68068F654]\n\t(No symbol) [0x00007FF68066F1E3]\n\t(No symbol) [0x00007FF68063A938]\n\t(No symbol) [0x00007FF68063BAA1]\n\tGetHandleVerifier [0x00007FF680B2933D+3410093]\n\tGetHandleVerifier [0x00007FF680B3E7DD+3497293]\n\tGetHandleVerifier [0x00007FF680B32A73+3448803]\n\tGetHandleVerifier [0x00007FF6808B7BBB+848171]\n\t(No symbol) [0x00007FF680763C3F]\n\t(No symbol) [0x00007FF68075F6E4]\n\t(No symbol) [0x00007FF68075F87D]\n\t(No symbol) [0x00007FF68074ED49]\n\tBaseThreadInitThunk [0x00007FFBF203259D+29]\n\tRtlUserThreadStart [0x00007FFBF260AF38+40]\n\n","statusTrace":"  File \"C:\\Users\\teem8\\OneDrive\\Desktop\\polkovnichenkoav\\final_project\\test\\ui_test.py\", line 32, in test_add_to_cart\n    main_page.add_book_from_main_page()\n  File \"C:\\Users\\teem8\\OneDrive\\Desktop\\polkovnichenkoav\\final_project\\page\\main_page.py\", line 40, in add_book_from_main_page\n    massive_button[0].click()\n  File \"C:\\Users\\teem8\\AppData\\Local\\Programs\\Python\\Python312\\Lib\\site-packages\\selenium\\webdriver\\remote\\webelement.py\", line 94, in click\n    self._execute(Command.CLICK_ELEMENT)\n  File \"C:\\Users\\teem8\\AppData\\Local\\Programs\\Python\\Python312\\Lib\\site-packages\\selenium\\webdriver\\remote\\webelement.py\", line 395, in _execute\n    return self._parent.execute(command, params)\n           ^^^^^^^^^^^^^^^^^^^^^^^^^^^^^^^^^^^^^\n  File \"C:\\Users\\teem8\\AppData\\Local\\Programs\\Python\\Python312\\Lib\\site-packages\\selenium\\webdriver\\remote\\webdriver.py\", line 354, in execute\n    self.error_handler.check_response(response)\n  File \"C:\\Users\\teem8\\AppData\\Local\\Programs\\Python\\Python312\\Lib\\site-packages\\selenium\\webdriver\\remote\\errorhandler.py\", line 229, in check_response\n    raise exception_class(message, screen, stacktrace)\n","steps":[],"attachments":[],"parameters":[],"shouldDisplayMessage":true,"attachmentsCount":0,"stepsCount":0,"hasContent":true,"attachmentStep":false}],"attachments":[],"parameters":[],"shouldDisplayMessage":true,"attachmentsCount":0,"stepsCount":1,"hasContent":true,"attachmentStep":false},"afterStages":[{"name":"browser::0","time":{"start":1734596113950,"stop":1734596116267,"duration":2317},"status":"passed","steps":[{"name":"Закрыть браузер","time":{"start":1734596113950,"stop":1734596116267,"duration":2317},"status":"passed","steps":[],"attachments":[],"parameters":[],"shouldDisplayMessage":false,"attachmentsCount":0,"stepsCount":0,"hasContent":false,"attachmentStep":false}],"attachments":[],"parameters":[],"shouldDisplayMessage":false,"attachmentsCount":0,"stepsCount":1,"hasContent":true,"attachmentStep":false}],"labels":[{"name":"parentSuite","value":"test"},{"name":"suite","value":"ui_test"},{"name":"host","value":"Lenovo"},{"name":"thread","value":"19216-MainThread"},{"name":"framework","value":"pytest"},{"name":"language","value":"cpython3"},{"name":"package","value":"test.ui_test"},{"name":"resultFormat","value":"allure2"}],"parameters":[],"links":[],"hidden":true,"retry":true,"extra":{"categories":[],"tags":[]},"source":"9108ea49d2e5bb90.json","parameterValues":[]}