{"uid":"aadcd95f59a5143b","name":"test_add_to_cart","fullName":"test.ui_test#test_add_to_cart","historyId":"df64f1c50527f129b4b3b3341eb9330e","time":{"start":1734607315617,"stop":1734607388054,"duration":72437},"status":"broken","statusMessage":"selenium.common.exceptions.ElementClickInterceptedException: Message: element click intercepted: Element is not clickable at point (500, 876)\n  (Session info: chrome=131.0.6778.140)\nStacktrace:\n\tGetHandleVerifier [0x00007FF60D47FB05+28789]\n\t(No symbol) [0x00007FF60D3E86E0]\n\t(No symbol) [0x00007FF60D28592A]\n\t(No symbol) [0x00007FF60D2E0FDE]\n\t(No symbol) [0x00007FF60D2DEA7C]\n\t(No symbol) [0x00007FF60D2DBC46]\n\t(No symbol) [0x00007FF60D2DABA1]\n\t(No symbol) [0x00007FF60D2CCD60]\n\t(No symbol) [0x00007FF60D2FF43A]\n\t(No symbol) [0x00007FF60D2CC5B6]\n\t(No symbol) [0x00007FF60D2FF650]\n\t(No symbol) [0x00007FF60D31F654]\n\t(No symbol) [0x00007FF60D2FF1E3]\n\t(No symbol) [0x00007FF60D2CA938]\n\t(No symbol) [0x00007FF60D2CBAA1]\n\tGetHandleVerifier [0x00007FF60D7B933D+3410093]\n\tGetHandleVerifier [0x00007FF60D7CE7DD+3497293]\n\tGetHandleVerifier [0x00007FF60D7C2A73+3448803]\n\tGetHandleVerifier [0x00007FF60D547BBB+848171]\n\t(No symbol) [0x00007FF60D3F3C3F]\n\t(No symbol) [0x00007FF60D3EF6E4]\n\t(No symbol) [0x00007FF60D3EF87D]\n\t(No symbol) [0x00007FF60D3DED49]\n\tBaseThreadInitThunk [0x00007FFBF203259D+29]\n\tRtlUserThreadStart [0x00007FFBF260AF38+40]","statusTrace":"browser = <selenium.webdriver.chrome.webdriver.WebDriver (session=\"4f33302c2c2e50e868eb84911deb477a\")>\n\n    def test_add_to_cart(browser):\n        with allure.step(\"Открыть главную страницу\"):\n            main_page = MainPage(browser)\n>           main_page.add_book_from_main_page()\n\nui_test.py:32: \n_ _ _ _ _ _ _ _ _ _ _ _ _ _ _ _ _ _ _ _ _ _ _ _ _ _ _ _ _ _ _ _ _ _ _ _ _ _ _ _\n..\\page\\main_page.py:44: in add_book_from_main_page\n    self.__driver.find_element(By.CSS_SELECTOR, 'div.button.action-button.blue').click()\nC:\\Users\\teem8\\AppData\\Local\\Programs\\Python\\Python312\\Lib\\site-packages\\selenium\\webdriver\\remote\\webelement.py:94: in click\n    self._execute(Command.CLICK_ELEMENT)\nC:\\Users\\teem8\\AppData\\Local\\Programs\\Python\\Python312\\Lib\\site-packages\\selenium\\webdriver\\remote\\webelement.py:395: in _execute\n    return self._parent.execute(command, params)\nC:\\Users\\teem8\\AppData\\Local\\Programs\\Python\\Python312\\Lib\\site-packages\\selenium\\webdriver\\remote\\webdriver.py:354: in execute\n    self.error_handler.check_response(response)\n_ _ _ _ _ _ _ _ _ _ _ _ _ _ _ _ _ _ _ _ _ _ _ _ _ _ _ _ _ _ _ _ _ _ _ _ _ _ _ _\n\nself = <selenium.webdriver.remote.errorhandler.ErrorHandler object at 0x00000294F7911AC0>\nresponse = {'status': 400, 'value': '{\"value\":{\"error\":\"element click intercepted\",\"message\":\"element click intercepted: Element ...07FF60D3DED49]\\\\n\\\\tBaseThreadInitThunk [0x00007FFBF203259D+29]\\\\n\\\\tRtlUserThreadStart [0x00007FFBF260AF38+40]\\\\n\"}}'}\n\n    def check_response(self, response: Dict[str, Any]) -> None:\n        \"\"\"Checks that a JSON response from the WebDriver does not have an\n        error.\n    \n        :Args:\n         - response - The JSON response from the WebDriver server as a dictionary\n           object.\n    \n        :Raises: If the response contains an error message.\n        \"\"\"\n        status = response.get(\"status\", None)\n        if not status or status == ErrorCode.SUCCESS:\n            return\n        value = None\n        message = response.get(\"message\", \"\")\n        screen: str = response.get(\"screen\", \"\")\n        stacktrace = None\n        if isinstance(status, int):\n            value_json = response.get(\"value\", None)\n            if value_json and isinstance(value_json, str):\n                import json\n    \n                try:\n                    value = json.loads(value_json)\n                    if len(value) == 1:\n                        value = value[\"value\"]\n                    status = value.get(\"error\", None)\n                    if not status:\n                        status = value.get(\"status\", ErrorCode.UNKNOWN_ERROR)\n                        message = value.get(\"value\") or value.get(\"message\")\n                        if not isinstance(message, str):\n                            value = message\n                            message = message.get(\"message\")\n                    else:\n                        message = value.get(\"message\", None)\n                except ValueError:\n                    pass\n    \n        exception_class: Type[WebDriverException]\n        e = ErrorCode()\n        error_codes = [item for item in dir(e) if not item.startswith(\"__\")]\n        for error_code in error_codes:\n            error_info = getattr(ErrorCode, error_code)\n            if isinstance(error_info, list) and status in error_info:\n                exception_class = getattr(ExceptionMapping, error_code, WebDriverException)\n                break\n        else:\n            exception_class = WebDriverException\n    \n        if not value:\n            value = response[\"value\"]\n        if isinstance(value, str):\n            raise exception_class(value)\n        if message == \"\" and \"message\" in value:\n            message = value[\"message\"]\n    \n        screen = None  # type: ignore[assignment]\n        if \"screen\" in value:\n            screen = value[\"screen\"]\n    \n        stacktrace = None\n        st_value = value.get(\"stackTrace\") or value.get(\"stacktrace\")\n        if st_value:\n            if isinstance(st_value, str):\n                stacktrace = st_value.split(\"\\n\")\n            else:\n                stacktrace = []\n                try:\n                    for frame in st_value:\n                        line = frame.get(\"lineNumber\", \"\")\n                        file = frame.get(\"fileName\", \"<anonymous>\")\n                        if line:\n                            file = f\"{file}:{line}\"\n                        meth = frame.get(\"methodName\", \"<anonymous>\")\n                        if \"className\" in frame:\n                            meth = f\"{frame['className']}.{meth}\"\n                        msg = \"    at %s (%s)\"\n                        msg = msg % (meth, file)\n                        stacktrace.append(msg)\n                except TypeError:\n                    pass\n        if exception_class == UnexpectedAlertPresentException:\n            alert_text = None\n            if \"data\" in value:\n                alert_text = value[\"data\"].get(\"text\")\n            elif \"alert\" in value:\n                alert_text = value[\"alert\"].get(\"text\")\n            raise exception_class(message, screen, stacktrace, alert_text)  # type: ignore[call-arg]  # mypy is not smart enough here\n>       raise exception_class(message, screen, stacktrace)\nE       selenium.common.exceptions.ElementClickInterceptedException: Message: element click intercepted: Element is not clickable at point (500, 876)\nE         (Session info: chrome=131.0.6778.140)\nE       Stacktrace:\nE       \tGetHandleVerifier [0x00007FF60D47FB05+28789]\nE       \t(No symbol) [0x00007FF60D3E86E0]\nE       \t(No symbol) [0x00007FF60D28592A]\nE       \t(No symbol) [0x00007FF60D2E0FDE]\nE       \t(No symbol) [0x00007FF60D2DEA7C]\nE       \t(No symbol) [0x00007FF60D2DBC46]\nE       \t(No symbol) [0x00007FF60D2DABA1]\nE       \t(No symbol) [0x00007FF60D2CCD60]\nE       \t(No symbol) [0x00007FF60D2FF43A]\nE       \t(No symbol) [0x00007FF60D2CC5B6]\nE       \t(No symbol) [0x00007FF60D2FF650]\nE       \t(No symbol) [0x00007FF60D31F654]\nE       \t(No symbol) [0x00007FF60D2FF1E3]\nE       \t(No symbol) [0x00007FF60D2CA938]\nE       \t(No symbol) [0x00007FF60D2CBAA1]\nE       \tGetHandleVerifier [0x00007FF60D7B933D+3410093]\nE       \tGetHandleVerifier [0x00007FF60D7CE7DD+3497293]\nE       \tGetHandleVerifier [0x00007FF60D7C2A73+3448803]\nE       \tGetHandleVerifier [0x00007FF60D547BBB+848171]\nE       \t(No symbol) [0x00007FF60D3F3C3F]\nE       \t(No symbol) [0x00007FF60D3EF6E4]\nE       \t(No symbol) [0x00007FF60D3EF87D]\nE       \t(No symbol) [0x00007FF60D3DED49]\nE       \tBaseThreadInitThunk [0x00007FFBF203259D+29]\nE       \tRtlUserThreadStart [0x00007FFBF260AF38+40]\n\nC:\\Users\\teem8\\AppData\\Local\\Programs\\Python\\Python312\\Lib\\site-packages\\selenium\\webdriver\\remote\\errorhandler.py:229: ElementClickInterceptedException","flaky":false,"newFailed":false,"newBroken":false,"newPassed":false,"retriesCount":0,"retriesStatusChange":false,"beforeStages":[{"name":"browser","time":{"start":1734607314016,"stop":1734607315616,"duration":1600},"status":"passed","steps":[{"name":"Открыть и настроить браузер","time":{"start":1734607314016,"stop":1734607388235,"duration":74219},"status":"passed","steps":[],"attachments":[],"parameters":[],"shouldDisplayMessage":false,"attachmentsCount":0,"stepsCount":0,"hasContent":false,"attachmentStep":false}],"attachments":[],"parameters":[],"shouldDisplayMessage":false,"attachmentsCount":0,"stepsCount":1,"hasContent":true,"attachmentStep":false}],"testStage":{"status":"broken","statusMessage":"selenium.common.exceptions.ElementClickInterceptedException: Message: element click intercepted: Element is not clickable at point (500, 876)\n  (Session info: chrome=131.0.6778.140)\nStacktrace:\n\tGetHandleVerifier [0x00007FF60D47FB05+28789]\n\t(No symbol) [0x00007FF60D3E86E0]\n\t(No symbol) [0x00007FF60D28592A]\n\t(No symbol) [0x00007FF60D2E0FDE]\n\t(No symbol) [0x00007FF60D2DEA7C]\n\t(No symbol) [0x00007FF60D2DBC46]\n\t(No symbol) [0x00007FF60D2DABA1]\n\t(No symbol) [0x00007FF60D2CCD60]\n\t(No symbol) [0x00007FF60D2FF43A]\n\t(No symbol) [0x00007FF60D2CC5B6]\n\t(No symbol) [0x00007FF60D2FF650]\n\t(No symbol) [0x00007FF60D31F654]\n\t(No symbol) [0x00007FF60D2FF1E3]\n\t(No symbol) [0x00007FF60D2CA938]\n\t(No symbol) [0x00007FF60D2CBAA1]\n\tGetHandleVerifier [0x00007FF60D7B933D+3410093]\n\tGetHandleVerifier [0x00007FF60D7CE7DD+3497293]\n\tGetHandleVerifier [0x00007FF60D7C2A73+3448803]\n\tGetHandleVerifier [0x00007FF60D547BBB+848171]\n\t(No symbol) [0x00007FF60D3F3C3F]\n\t(No symbol) [0x00007FF60D3EF6E4]\n\t(No symbol) [0x00007FF60D3EF87D]\n\t(No symbol) [0x00007FF60D3DED49]\n\tBaseThreadInitThunk [0x00007FFBF203259D+29]\n\tRtlUserThreadStart [0x00007FFBF260AF38+40]","statusTrace":"browser = <selenium.webdriver.chrome.webdriver.WebDriver (session=\"4f33302c2c2e50e868eb84911deb477a\")>\n\n    def test_add_to_cart(browser):\n        with allure.step(\"Открыть главную страницу\"):\n            main_page = MainPage(browser)\n>           main_page.add_book_from_main_page()\n\nui_test.py:32: \n_ _ _ _ _ _ _ _ _ _ _ _ _ _ _ _ _ _ _ _ _ _ _ _ _ _ _ _ _ _ _ _ _ _ _ _ _ _ _ _\n..\\page\\main_page.py:44: in add_book_from_main_page\n    self.__driver.find_element(By.CSS_SELECTOR, 'div.button.action-button.blue').click()\nC:\\Users\\teem8\\AppData\\Local\\Programs\\Python\\Python312\\Lib\\site-packages\\selenium\\webdriver\\remote\\webelement.py:94: in click\n    self._execute(Command.CLICK_ELEMENT)\nC:\\Users\\teem8\\AppData\\Local\\Programs\\Python\\Python312\\Lib\\site-packages\\selenium\\webdriver\\remote\\webelement.py:395: in _execute\n    return self._parent.execute(command, params)\nC:\\Users\\teem8\\AppData\\Local\\Programs\\Python\\Python312\\Lib\\site-packages\\selenium\\webdriver\\remote\\webdriver.py:354: in execute\n    self.error_handler.check_response(response)\n_ _ _ _ _ _ _ _ _ _ _ _ _ _ _ _ _ _ _ _ _ _ _ _ _ _ _ _ _ _ _ _ _ _ _ _ _ _ _ _\n\nself = <selenium.webdriver.remote.errorhandler.ErrorHandler object at 0x00000294F7911AC0>\nresponse = {'status': 400, 'value': '{\"value\":{\"error\":\"element click intercepted\",\"message\":\"element click intercepted: Element ...07FF60D3DED49]\\\\n\\\\tBaseThreadInitThunk [0x00007FFBF203259D+29]\\\\n\\\\tRtlUserThreadStart [0x00007FFBF260AF38+40]\\\\n\"}}'}\n\n    def check_response(self, response: Dict[str, Any]) -> None:\n        \"\"\"Checks that a JSON response from the WebDriver does not have an\n        error.\n    \n        :Args:\n         - response - The JSON response from the WebDriver server as a dictionary\n           object.\n    \n        :Raises: If the response contains an error message.\n        \"\"\"\n        status = response.get(\"status\", None)\n        if not status or status == ErrorCode.SUCCESS:\n            return\n        value = None\n        message = response.get(\"message\", \"\")\n        screen: str = response.get(\"screen\", \"\")\n        stacktrace = None\n        if isinstance(status, int):\n            value_json = response.get(\"value\", None)\n            if value_json and isinstance(value_json, str):\n                import json\n    \n                try:\n                    value = json.loads(value_json)\n                    if len(value) == 1:\n                        value = value[\"value\"]\n                    status = value.get(\"error\", None)\n                    if not status:\n                        status = value.get(\"status\", ErrorCode.UNKNOWN_ERROR)\n                        message = value.get(\"value\") or value.get(\"message\")\n                        if not isinstance(message, str):\n                            value = message\n                            message = message.get(\"message\")\n                    else:\n                        message = value.get(\"message\", None)\n                except ValueError:\n                    pass\n    \n        exception_class: Type[WebDriverException]\n        e = ErrorCode()\n        error_codes = [item for item in dir(e) if not item.startswith(\"__\")]\n        for error_code in error_codes:\n            error_info = getattr(ErrorCode, error_code)\n            if isinstance(error_info, list) and status in error_info:\n                exception_class = getattr(ExceptionMapping, error_code, WebDriverException)\n                break\n        else:\n            exception_class = WebDriverException\n    \n        if not value:\n            value = response[\"value\"]\n        if isinstance(value, str):\n            raise exception_class(value)\n        if message == \"\" and \"message\" in value:\n            message = value[\"message\"]\n    \n        screen = None  # type: ignore[assignment]\n        if \"screen\" in value:\n            screen = value[\"screen\"]\n    \n        stacktrace = None\n        st_value = value.get(\"stackTrace\") or value.get(\"stacktrace\")\n        if st_value:\n            if isinstance(st_value, str):\n                stacktrace = st_value.split(\"\\n\")\n            else:\n                stacktrace = []\n                try:\n                    for frame in st_value:\n                        line = frame.get(\"lineNumber\", \"\")\n                        file = frame.get(\"fileName\", \"<anonymous>\")\n                        if line:\n                            file = f\"{file}:{line}\"\n                        meth = frame.get(\"methodName\", \"<anonymous>\")\n                        if \"className\" in frame:\n                            meth = f\"{frame['className']}.{meth}\"\n                        msg = \"    at %s (%s)\"\n                        msg = msg % (meth, file)\n                        stacktrace.append(msg)\n                except TypeError:\n                    pass\n        if exception_class == UnexpectedAlertPresentException:\n            alert_text = None\n            if \"data\" in value:\n                alert_text = value[\"data\"].get(\"text\")\n            elif \"alert\" in value:\n                alert_text = value[\"alert\"].get(\"text\")\n            raise exception_class(message, screen, stacktrace, alert_text)  # type: ignore[call-arg]  # mypy is not smart enough here\n>       raise exception_class(message, screen, stacktrace)\nE       selenium.common.exceptions.ElementClickInterceptedException: Message: element click intercepted: Element is not clickable at point (500, 876)\nE         (Session info: chrome=131.0.6778.140)\nE       Stacktrace:\nE       \tGetHandleVerifier [0x00007FF60D47FB05+28789]\nE       \t(No symbol) [0x00007FF60D3E86E0]\nE       \t(No symbol) [0x00007FF60D28592A]\nE       \t(No symbol) [0x00007FF60D2E0FDE]\nE       \t(No symbol) [0x00007FF60D2DEA7C]\nE       \t(No symbol) [0x00007FF60D2DBC46]\nE       \t(No symbol) [0x00007FF60D2DABA1]\nE       \t(No symbol) [0x00007FF60D2CCD60]\nE       \t(No symbol) [0x00007FF60D2FF43A]\nE       \t(No symbol) [0x00007FF60D2CC5B6]\nE       \t(No symbol) [0x00007FF60D2FF650]\nE       \t(No symbol) [0x00007FF60D31F654]\nE       \t(No symbol) [0x00007FF60D2FF1E3]\nE       \t(No symbol) [0x00007FF60D2CA938]\nE       \t(No symbol) [0x00007FF60D2CBAA1]\nE       \tGetHandleVerifier [0x00007FF60D7B933D+3410093]\nE       \tGetHandleVerifier [0x00007FF60D7CE7DD+3497293]\nE       \tGetHandleVerifier [0x00007FF60D7C2A73+3448803]\nE       \tGetHandleVerifier [0x00007FF60D547BBB+848171]\nE       \t(No symbol) [0x00007FF60D3F3C3F]\nE       \t(No symbol) [0x00007FF60D3EF6E4]\nE       \t(No symbol) [0x00007FF60D3EF87D]\nE       \t(No symbol) [0x00007FF60D3DED49]\nE       \tBaseThreadInitThunk [0x00007FFBF203259D+29]\nE       \tRtlUserThreadStart [0x00007FFBF260AF38+40]\n\nC:\\Users\\teem8\\AppData\\Local\\Programs\\Python\\Python312\\Lib\\site-packages\\selenium\\webdriver\\remote\\errorhandler.py:229: ElementClickInterceptedException","steps":[{"name":"Открыть главную страницу","time":{"start":1734607315617,"stop":1734607388049,"duration":72432},"status":"broken","statusMessage":"selenium.common.exceptions.ElementClickInterceptedException: Message: element click intercepted: Element is not clickable at point (500, 876)\n  (Session info: chrome=131.0.6778.140)\nStacktrace:\n\tGetHandleVerifier [0x00007FF60D47FB05+28789]\n\t(No symbol) [0x00007FF60D3E86E0]\n\t(No symbol) [0x00007FF60D28592A]\n\t(No symbol) [0x00007FF60D2E0FDE]\n\t(No symbol) [0x00007FF60D2DEA7C]\n\t(No symbol) [0x00007FF60D2DBC46]\n\t(No symbol) [0x00007FF60D2DABA1]\n\t(No symbol) [0x00007FF60D2CCD60]\n\t(No symbol) [0x00007FF60D2FF43A]\n\t(No symbol) [0x00007FF60D2CC5B6]\n\t(No symbol) [0x00007FF60D2FF650]\n\t(No symbol) [0x00007FF60D31F654]\n\t(No symbol) [0x00007FF60D2FF1E3]\n\t(No symbol) [0x00007FF60D2CA938]\n\t(No symbol) [0x00007FF60D2CBAA1]\n\tGetHandleVerifier [0x00007FF60D7B933D+3410093]\n\tGetHandleVerifier [0x00007FF60D7CE7DD+3497293]\n\tGetHandleVerifier [0x00007FF60D7C2A73+3448803]\n\tGetHandleVerifier [0x00007FF60D547BBB+848171]\n\t(No symbol) [0x00007FF60D3F3C3F]\n\t(No symbol) [0x00007FF60D3EF6E4]\n\t(No symbol) [0x00007FF60D3EF87D]\n\t(No symbol) [0x00007FF60D3DED49]\n\tBaseThreadInitThunk [0x00007FFBF203259D+29]\n\tRtlUserThreadStart [0x00007FFBF260AF38+40]\n\n","statusTrace":"  File \"C:\\Users\\teem8\\OneDrive\\Desktop\\polkovnichenkoav\\final_project\\test\\ui_test.py\", line 32, in test_add_to_cart\n    main_page.add_book_from_main_page()\n  File \"C:\\Users\\teem8\\OneDrive\\Desktop\\polkovnichenkoav\\final_project\\page\\main_page.py\", line 44, in add_book_from_main_page\n    self.__driver.find_element(By.CSS_SELECTOR, 'div.button.action-button.blue').click()\n  File \"C:\\Users\\teem8\\AppData\\Local\\Programs\\Python\\Python312\\Lib\\site-packages\\selenium\\webdriver\\remote\\webelement.py\", line 94, in click\n    self._execute(Command.CLICK_ELEMENT)\n  File \"C:\\Users\\teem8\\AppData\\Local\\Programs\\Python\\Python312\\Lib\\site-packages\\selenium\\webdriver\\remote\\webelement.py\", line 395, in _execute\n    return self._parent.execute(command, params)\n           ^^^^^^^^^^^^^^^^^^^^^^^^^^^^^^^^^^^^^\n  File \"C:\\Users\\teem8\\AppData\\Local\\Programs\\Python\\Python312\\Lib\\site-packages\\selenium\\webdriver\\remote\\webdriver.py\", line 354, in execute\n    self.error_handler.check_response(response)\n  File \"C:\\Users\\teem8\\AppData\\Local\\Programs\\Python\\Python312\\Lib\\site-packages\\selenium\\webdriver\\remote\\errorhandler.py\", line 229, in check_response\n    raise exception_class(message, screen, stacktrace)\n","steps":[],"attachments":[],"parameters":[],"shouldDisplayMessage":true,"attachmentsCount":0,"stepsCount":0,"hasContent":true,"attachmentStep":false}],"attachments":[],"parameters":[],"shouldDisplayMessage":true,"attachmentsCount":0,"stepsCount":1,"hasContent":true,"attachmentStep":false},"afterStages":[{"name":"browser::0","time":{"start":1734607388235,"stop":1734607390557,"duration":2322},"status":"passed","steps":[{"name":"Закрыть браузер","time":{"start":1734607388236,"stop":1734607390557,"duration":2321},"status":"passed","steps":[],"attachments":[],"parameters":[],"shouldDisplayMessage":false,"attachmentsCount":0,"stepsCount":0,"hasContent":false,"attachmentStep":false}],"attachments":[],"parameters":[],"shouldDisplayMessage":false,"attachmentsCount":0,"stepsCount":1,"hasContent":true,"attachmentStep":false}],"labels":[{"name":"parentSuite","value":"test"},{"name":"suite","value":"ui_test"},{"name":"host","value":"Lenovo"},{"name":"thread","value":"32584-MainThread"},{"name":"framework","value":"pytest"},{"name":"language","value":"cpython3"},{"name":"package","value":"test.ui_test"},{"name":"resultFormat","value":"allure2"}],"parameters":[],"links":[],"hidden":true,"retry":true,"extra":{"categories":[],"tags":[]},"source":"aadcd95f59a5143b.json","parameterValues":[]}