{"uid":"b386649e1a6d1e66","name":"Поиск на латинице с валидными данными","fullName":"test.ui_test#test_search","historyId":"f15ec4615325b8fa85124b944d370faa","time":{"start":1734780181766,"stop":1734780186850,"duration":5084},"status":"passed","flaky":false,"newFailed":false,"newBroken":false,"newPassed":false,"retriesCount":15,"retriesStatusChange":true,"beforeStages":[{"name":"browser","time":{"start":1734780180369,"stop":1734780181765,"duration":1396},"status":"passed","steps":[{"name":"Открыть и настроить браузер","time":{"start":1734780180369,"stop":1734780186850,"duration":6481},"status":"passed","steps":[],"attachments":[],"parameters":[],"shouldDisplayMessage":false,"attachmentsCount":0,"stepsCount":0,"hasContent":false,"attachmentStep":false}],"attachments":[],"parameters":[],"shouldDisplayMessage":false,"attachmentsCount":0,"stepsCount":1,"hasContent":true,"attachmentStep":false}],"testStage":{"status":"passed","steps":[{"name":"Открыть главную страницу","time":{"start":1734780181766,"stop":1734780186020,"duration":4254},"status":"passed","steps":[],"attachments":[],"parameters":[],"shouldDisplayMessage":false,"attachmentsCount":0,"stepsCount":0,"hasContent":false,"attachmentStep":false},{"name":"Поиск по заданным тестовым данным","time":{"start":1734780186020,"stop":1734780186267,"duration":247},"status":"passed","steps":[],"attachments":[],"parameters":[{"name":"query","value":"'Python'"}],"shouldDisplayMessage":false,"attachmentsCount":0,"stepsCount":0,"hasContent":true,"attachmentStep":false},{"name":"Проверить, что количество найденных книг больше 0","time":{"start":1734780186268,"stop":1734780186850,"duration":582},"status":"passed","steps":[{"name":"Найти количество найденных книг","time":{"start":1734780186268,"stop":1734780186850,"duration":582},"status":"passed","steps":[],"attachments":[],"parameters":[],"shouldDisplayMessage":false,"attachmentsCount":0,"stepsCount":0,"hasContent":false,"attachmentStep":false}],"attachments":[],"parameters":[],"shouldDisplayMessage":false,"attachmentsCount":0,"stepsCount":1,"hasContent":true,"attachmentStep":false}],"attachments":[],"parameters":[],"shouldDisplayMessage":false,"attachmentsCount":0,"stepsCount":4,"hasContent":true,"attachmentStep":false},"afterStages":[{"name":"browser::0","time":{"start":1734780186850,"stop":1734780189163,"duration":2313},"status":"passed","steps":[{"name":"Закрыть браузер","time":{"start":1734780186851,"stop":1734780189163,"duration":2312},"status":"passed","steps":[],"attachments":[],"parameters":[],"shouldDisplayMessage":false,"attachmentsCount":0,"stepsCount":0,"hasContent":false,"attachmentStep":false}],"attachments":[],"parameters":[],"shouldDisplayMessage":false,"attachmentsCount":0,"stepsCount":1,"hasContent":true,"attachmentStep":false}],"labels":[{"name":"parentSuite","value":"test"},{"name":"suite","value":"ui_test"},{"name":"host","value":"Lenovo"},{"name":"thread","value":"11532-MainThread"},{"name":"framework","value":"pytest"},{"name":"language","value":"cpython3"},{"name":"package","value":"test.ui_test"},{"name":"resultFormat","value":"allure2"}],"parameters":[],"links":[],"hidden":false,"retry":false,"extra":{"severity":"normal","retries":[{"uid":"5df7a20007492407","status":"passed","time":{"start":1734773027811,"stop":1734773041545,"duration":13734}},{"uid":"5ca6214c18829070","status":"passed","time":{"start":1734771027765,"stop":1734771033189,"duration":5424}},{"uid":"9aad05053adcd512","status":"passed","time":{"start":1734770877314,"stop":1734770882118,"duration":4804}},{"uid":"cd7a59f37f166734","status":"passed","time":{"start":1734770689986,"stop":1734770694480,"duration":4494}},{"uid":"6feeddab4b44187e","status":"passed","time":{"start":1734765423382,"stop":1734765427657,"duration":4275}},{"uid":"80cd0edb9d8e70f3","status":"passed","time":{"start":1734728829685,"stop":1734728833864,"duration":4179}},{"uid":"72490e8684ad7afb","status":"passed","time":{"start":1734723933129,"stop":1734723937920,"duration":4791}},{"uid":"3f7e8972c63e7ba0","status":"broken","statusDetails":"selenium.common.exceptions.NoSuchElementException: Message: no such element: Unable to locate element: {\"method\":\"css selector\",\"selector\":\"input.header-search__input\"}\n  (Session info: chrome=131.0.6778.140); For documentation on this error, please visit: https://www.selenium.dev/documentation/webdriver/troubleshooting/errors#no-such-element-exception\nStacktrace:\n\tGetHandleVerifier [0x00007FF6DB84FB05+28789]\n\t(No symbol) [0x00007FF6DB7B86E0]\n\t(No symbol) [0x00007FF6DB65592A]\n\t(No symbol) [0x00007FF6DB6A930E]\n\t(No symbol) [0x00007FF6DB6A95FC]\n\t(No symbol) [0x00007FF6DB6F28A7]\n\t(No symbol) [0x00007FF6DB6CF47F]\n\t(No symbol) [0x00007FF6DB6EF654]\n\t(No symbol) [0x00007FF6DB6CF1E3]\n\t(No symbol) [0x00007FF6DB69A938]\n\t(No symbol) [0x00007FF6DB69BAA1]\n\tGetHandleVerifier [0x00007FF6DBB8933D+3410093]\n\tGetHandleVerifier [0x00007FF6DBB9E7DD+3497293]\n\tGetHandleVerifier [0x00007FF6DBB92A73+3448803]\n\tGetHandleVerifier [0x00007FF6DB917BBB+848171]\n\t(No symbol) [0x00007FF6DB7C3C3F]\n\t(No symbol) [0x00007FF6DB7BF6E4]\n\t(No symbol) [0x00007FF6DB7BF87D]\n\t(No symbol) [0x00007FF6DB7AED49]\n\tBaseThreadInitThunk [0x00007FFBF203259D+29]\n\tRtlUserThreadStart [0x00007FFBF260AF38+40]","time":{"start":1734689443984,"stop":1734689465982,"duration":21998}},{"uid":"b9c85f309d2d1594","status":"broken","statusDetails":"selenium.common.exceptions.WebDriverException: Message: unknown error: net::ERR_CONNECTION_CLOSED\n  (Session info: chrome=131.0.6778.140)\nStacktrace:\n\tGetHandleVerifier [0x00007FF6DB84FB05+28789]\n\t(No symbol) [0x00007FF6DB7B86E0]\n\t(No symbol) [0x00007FF6DB65592A]\n\t(No symbol) [0x00007FF6DB653028]\n\t(No symbol) [0x00007FF6DB643BF9]\n\t(No symbol) [0x00007FF6DB64594F]\n\t(No symbol) [0x00007FF6DB643EBF]\n\t(No symbol) [0x00007FF6DB64371B]\n\t(No symbol) [0x00007FF6DB64365A]\n\t(No symbol) [0x00007FF6DB641274]\n\t(No symbol) [0x00007FF6DB641B3C]\n\t(No symbol) [0x00007FF6DB6589FA]\n\t(No symbol) [0x00007FF6DB6F045E]\n\t(No symbol) [0x00007FF6DB6CF43A]\n\t(No symbol) [0x00007FF6DB6EF654]\n\t(No symbol) [0x00007FF6DB6CF1E3]\n\t(No symbol) [0x00007FF6DB69A938]\n\t(No symbol) [0x00007FF6DB69BAA1]\n\tGetHandleVerifier [0x00007FF6DBB8933D+3410093]\n\tGetHandleVerifier [0x00007FF6DBB9E7DD+3497293]\n\tGetHandleVerifier [0x00007FF6DBB92A73+3448803]\n\tGetHandleVerifier [0x00007FF6DB917BBB+848171]\n\t(No symbol) [0x00007FF6DB7C3C3F]\n\t(No symbol) [0x00007FF6DB7BF6E4]\n\t(No symbol) [0x00007FF6DB7BF87D]\n\t(No symbol) [0x00007FF6DB7AED49]\n\tBaseThreadInitThunk [0x00007FFBF203259D+29]\n\tRtlUserThreadStart [0x00007FFBF260AF38+40]","time":{"start":1734689383595,"stop":1734689383978,"duration":383}},{"uid":"311e727cedb71cf5","status":"passed","time":{"start":1734688687442,"stop":1734688743162,"duration":55720}},{"uid":"5e922a2817b1f235","status":"passed","time":{"start":1734616112452,"stop":1734616156327,"duration":43875}},{"uid":"34116308758dc36d","status":"broken","statusDetails":"selenium.common.exceptions.NoSuchElementException: Message: no such element: Unable to locate element: {\"method\":\"css selector\",\"selector\":\"span.search-categories-tree-item__count\"}\n  (Session info: chrome=131.0.6778.140); For documentation on this error, please visit: https://www.selenium.dev/documentation/webdriver/troubleshooting/errors#no-such-element-exception\nStacktrace:\n\tGetHandleVerifier [0x00007FF60D47FB05+28789]\n\t(No symbol) [0x00007FF60D3E86E0]\n\t(No symbol) [0x00007FF60D28592A]\n\t(No symbol) [0x00007FF60D2D930E]\n\t(No symbol) [0x00007FF60D2D95FC]\n\t(No symbol) [0x00007FF60D3228A7]\n\t(No symbol) [0x00007FF60D2FF47F]\n\t(No symbol) [0x00007FF60D31F654]\n\t(No symbol) [0x00007FF60D2FF1E3]\n\t(No symbol) [0x00007FF60D2CA938]\n\t(No symbol) [0x00007FF60D2CBAA1]\n\tGetHandleVerifier [0x00007FF60D7B933D+3410093]\n\tGetHandleVerifier [0x00007FF60D7CE7DD+3497293]\n\tGetHandleVerifier [0x00007FF60D7C2A73+3448803]\n\tGetHandleVerifier [0x00007FF60D547BBB+848171]\n\t(No symbol) [0x00007FF60D3F3C3F]\n\t(No symbol) [0x00007FF60D3EF6E4]\n\t(No symbol) [0x00007FF60D3EF87D]\n\t(No symbol) [0x00007FF60D3DED49]\n\tBaseThreadInitThunk [0x00007FFBF203259D+29]\n\tRtlUserThreadStart [0x00007FFBF260AF38+40]","time":{"start":1734614020830,"stop":1734614066120,"duration":45290}},{"uid":"22cde162054994f0","status":"broken","statusDetails":"selenium.common.exceptions.NoSuchElementException: Message: no such element: Unable to locate element: {\"method\":\"css selector\",\"selector\":\"span.search-categories-tree-item__count\"}\n  (Session info: chrome=131.0.6778.140); For documentation on this error, please visit: https://www.selenium.dev/documentation/webdriver/troubleshooting/errors#no-such-element-exception\nStacktrace:\n\tGetHandleVerifier [0x00007FF60D47FB05+28789]\n\t(No symbol) [0x00007FF60D3E86E0]\n\t(No symbol) [0x00007FF60D28592A]\n\t(No symbol) [0x00007FF60D2D930E]\n\t(No symbol) [0x00007FF60D2D95FC]\n\t(No symbol) [0x00007FF60D3228A7]\n\t(No symbol) [0x00007FF60D2FF47F]\n\t(No symbol) [0x00007FF60D31F654]\n\t(No symbol) [0x00007FF60D2FF1E3]\n\t(No symbol) [0x00007FF60D2CA938]\n\t(No symbol) [0x00007FF60D2CBAA1]\n\tGetHandleVerifier [0x00007FF60D7B933D+3410093]\n\tGetHandleVerifier [0x00007FF60D7CE7DD+3497293]\n\tGetHandleVerifier [0x00007FF60D7C2A73+3448803]\n\tGetHandleVerifier [0x00007FF60D547BBB+848171]\n\t(No symbol) [0x00007FF60D3F3C3F]\n\t(No symbol) [0x00007FF60D3EF6E4]\n\t(No symbol) [0x00007FF60D3EF87D]\n\t(No symbol) [0x00007FF60D3DED49]\n\tBaseThreadInitThunk [0x00007FFBF203259D+29]\n\tRtlUserThreadStart [0x00007FFBF260AF38+40]","time":{"start":1734613831514,"stop":1734613885015,"duration":53501}},{"uid":"b7484fde1f99082c","status":"passed","time":{"start":1734613613871,"stop":1734613662029,"duration":48158}},{"uid":"4670bc896234b44e","status":"passed","time":{"start":1734613053941,"stop":1734613101918,"duration":47977}}],"categories":[],"history":{"statistic":{"failed":0,"broken":0,"skipped":0,"passed":2,"unknown":0,"total":2},"items":[{"uid":"1b91dcd9134774b6","status":"passed","time":{"start":1734728829685,"stop":1734728833864,"duration":4179}}]},"tags":[]},"source":"b386649e1a6d1e66.json","parameterValues":[]}