{"uid":"c7b4cc2eac4f703c","name":"Получение списка книг в корзине","fullName":"test.api_test#test_get_book_in_cart","historyId":"ea605dc09c19246236fb6387ea7a9ba6","time":{"start":1734772865449,"stop":1734772865870,"duration":421},"status":"failed","statusMessage":"AssertionError: assert 1799 == 0","statusTrace":"@allure.title(\"Получение списка книг в корзине\")\n    def test_get_book_in_cart():\n        with allure.step(\"Подключится к API\"):\n            api = CompanyApi(base_url, token)\n        result = api.get_book_in_cart()\n        with allure.step(\"Проверить, что корзина пуста\"):\n>           assert result[\"cost\"] == 0\nE           assert 1799 == 0\n\napi_test.py:17: AssertionError","flaky":false,"newFailed":false,"newBroken":false,"newPassed":false,"retriesCount":0,"retriesStatusChange":false,"beforeStages":[],"testStage":{"status":"failed","statusMessage":"AssertionError: assert 1799 == 0","statusTrace":"@allure.title(\"Получение списка книг в корзине\")\n    def test_get_book_in_cart():\n        with allure.step(\"Подключится к API\"):\n            api = CompanyApi(base_url, token)\n        result = api.get_book_in_cart()\n        with allure.step(\"Проверить, что корзина пуста\"):\n>           assert result[\"cost\"] == 0\nE           assert 1799 == 0\n\napi_test.py:17: AssertionError","steps":[{"name":"Подключится к API","time":{"start":1734772865449,"stop":1734772865449,"duration":0},"status":"passed","steps":[],"attachments":[],"parameters":[],"shouldDisplayMessage":false,"attachmentsCount":0,"stepsCount":0,"hasContent":false,"attachmentStep":false},{"name":"Получить список книг в корзине","time":{"start":1734772865449,"stop":1734772865869,"duration":420},"status":"passed","steps":[],"attachments":[],"parameters":[],"shouldDisplayMessage":false,"attachmentsCount":0,"stepsCount":0,"hasContent":false,"attachmentStep":false},{"name":"Проверить, что корзина пуста","time":{"start":1734772865869,"stop":1734772865869,"duration":0},"status":"failed","statusMessage":"AssertionError: assert 1799 == 0\n","statusTrace":"  File \"C:\\Users\\teem8\\OneDrive\\Desktop\\polkovnichenkoav\\final_project\\test\\api_test.py\", line 17, in test_get_book_in_cart\n    assert result[\"cost\"] == 0\n","steps":[],"attachments":[],"parameters":[],"shouldDisplayMessage":true,"attachmentsCount":0,"stepsCount":0,"hasContent":true,"attachmentStep":false}],"attachments":[],"parameters":[],"shouldDisplayMessage":true,"attachmentsCount":0,"stepsCount":3,"hasContent":true,"attachmentStep":false},"afterStages":[],"labels":[{"name":"parentSuite","value":"test"},{"name":"suite","value":"api_test"},{"name":"host","value":"Lenovo"},{"name":"thread","value":"20036-MainThread"},{"name":"framework","value":"pytest"},{"name":"language","value":"cpython3"},{"name":"package","value":"test.api_test"},{"name":"resultFormat","value":"allure2"}],"parameters":[],"links":[],"hidden":true,"retry":true,"extra":{"categories":[],"tags":[]},"source":"c7b4cc2eac4f703c.json","parameterValues":[]}