{"uid":"d727d9c45082ddf6","name":"Добавление книги в корзину","fullName":"test.ui_test#test_add_to_cart","historyId":"df64f1c50527f129b4b3b3341eb9330e","time":{"start":1734780153756,"stop":1734780158938,"duration":5182},"status":"passed","flaky":false,"newFailed":false,"newBroken":false,"newPassed":true,"retriesCount":56,"retriesStatusChange":true,"beforeStages":[{"name":"browser","time":{"start":1734780152340,"stop":1734780153756,"duration":1416},"status":"passed","steps":[{"name":"Открыть и настроить браузер","time":{"start":1734780152340,"stop":1734780158939,"duration":6599},"status":"passed","steps":[],"attachments":[],"parameters":[],"shouldDisplayMessage":false,"attachmentsCount":0,"stepsCount":0,"hasContent":false,"attachmentStep":false}],"attachments":[],"parameters":[],"shouldDisplayMessage":false,"attachmentsCount":0,"stepsCount":1,"hasContent":true,"attachmentStep":false}],"testStage":{"status":"passed","steps":[{"name":"Открыть страницу новинки","time":{"start":1734780153756,"stop":1734780156713,"duration":2957},"status":"passed","steps":[],"attachments":[],"parameters":[],"shouldDisplayMessage":false,"attachmentsCount":0,"stepsCount":0,"hasContent":false,"attachmentStep":false},{"name":"Добавить первую книгу в корзину","time":{"start":1734780156713,"stop":1734780157743,"duration":1030},"status":"passed","steps":[],"attachments":[],"parameters":[],"shouldDisplayMessage":false,"attachmentsCount":0,"stepsCount":0,"hasContent":false,"attachmentStep":false},{"name":"Перейти в корзину","time":{"start":1734780157743,"stop":1734780158724,"duration":981},"status":"passed","steps":[],"attachments":[],"parameters":[],"shouldDisplayMessage":false,"attachmentsCount":0,"stepsCount":0,"hasContent":false,"attachmentStep":false},{"name":"Узнать количество товаров в корзине","time":{"start":1734780158725,"stop":1734780158830,"duration":105},"status":"passed","steps":[],"attachments":[],"parameters":[],"shouldDisplayMessage":false,"attachmentsCount":0,"stepsCount":0,"hasContent":false,"attachmentStep":false},{"name":"Проверить, что книга добавлена в корзину","time":{"start":1734780158830,"stop":1734780158830,"duration":0},"status":"passed","steps":[],"attachments":[],"parameters":[],"shouldDisplayMessage":false,"attachmentsCount":0,"stepsCount":0,"hasContent":false,"attachmentStep":false},{"name":"Очистить корзину","time":{"start":1734780158831,"stop":1734780158938,"duration":107},"status":"passed","steps":[],"attachments":[],"parameters":[],"shouldDisplayMessage":false,"attachmentsCount":0,"stepsCount":0,"hasContent":false,"attachmentStep":false}],"attachments":[],"parameters":[],"shouldDisplayMessage":false,"attachmentsCount":0,"stepsCount":6,"hasContent":true,"attachmentStep":false},"afterStages":[{"name":"browser::0","time":{"start":1734780158939,"stop":1734780161223,"duration":2284},"status":"passed","steps":[{"name":"Закрыть браузер","time":{"start":1734780158939,"stop":1734780161223,"duration":2284},"status":"passed","steps":[],"attachments":[],"parameters":[],"shouldDisplayMessage":false,"attachmentsCount":0,"stepsCount":0,"hasContent":false,"attachmentStep":false}],"attachments":[],"parameters":[],"shouldDisplayMessage":false,"attachmentsCount":0,"stepsCount":1,"hasContent":true,"attachmentStep":false}],"labels":[{"name":"parentSuite","value":"test"},{"name":"suite","value":"ui_test"},{"name":"host","value":"Lenovo"},{"name":"thread","value":"11532-MainThread"},{"name":"framework","value":"pytest"},{"name":"language","value":"cpython3"},{"name":"package","value":"test.ui_test"},{"name":"resultFormat","value":"allure2"}],"parameters":[],"links":[],"hidden":false,"retry":false,"extra":{"severity":"normal","retries":[{"uid":"87e405d0f14eeb98","status":"passed","time":{"start":1734772998562,"stop":1734773004608,"duration":6046}},{"uid":"e1569175b1aa161","status":"passed","time":{"start":1734771000891,"stop":1734771006278,"duration":5387}},{"uid":"ef0d10b03e32f17f","status":"broken","statusDetails":"selenium.common.exceptions.NoSuchElementException: Message: no such element: Unable to locate element: {\"method\":\"css selector\",\"selector\":\"div.info-item__title\"}\n  (Session info: chrome=131.0.6778.140); For documentation on this error, please visit: https://www.selenium.dev/documentation/webdriver/troubleshooting/errors#no-such-element-exception\nStacktrace:\n\tGetHandleVerifier [0x00007FF627E2FB05+28789]\n\t(No symbol) [0x00007FF627D986E0]\n\t(No symbol) [0x00007FF627C3592A]\n\t(No symbol) [0x00007FF627C8930E]\n\t(No symbol) [0x00007FF627C895FC]\n\t(No symbol) [0x00007FF627CD28A7]\n\t(No symbol) [0x00007FF627CAF47F]\n\t(No symbol) [0x00007FF627CCF654]\n\t(No symbol) [0x00007FF627CAF1E3]\n\t(No symbol) [0x00007FF627C7A938]\n\t(No symbol) [0x00007FF627C7BAA1]\n\tGetHandleVerifier [0x00007FF62816933D+3410093]\n\tGetHandleVerifier [0x00007FF62817E7DD+3497293]\n\tGetHandleVerifier [0x00007FF628172A73+3448803]\n\tGetHandleVerifier [0x00007FF627EF7BBB+848171]\n\t(No symbol) [0x00007FF627DA3C3F]\n\t(No symbol) [0x00007FF627D9F6E4]\n\t(No symbol) [0x00007FF627D9F87D]\n\t(No symbol) [0x00007FF627D8ED49]\n\tBaseThreadInitThunk [0x00007FFBF203259D+29]\n\tRtlUserThreadStart [0x00007FFBF260AF38+40]","time":{"start":1734770850607,"stop":1734770859741,"duration":9134}},{"uid":"648b40f98b781944","status":"passed","time":{"start":1734770646104,"stop":1734770650684,"duration":4580}},{"uid":"343bb1a29a5c9711","status":"passed","time":{"start":1734765396909,"stop":1734765401623,"duration":4714}},{"uid":"8ed2215cf8a9ea4b","status":"broken","statusDetails":"selenium.common.exceptions.NoSuchElementException: Message: no such element: Unable to locate element: {\"method\":\"css selector\",\"selector\":\"div.info-item__title\"}\n  (Session info: chrome=131.0.6778.140); For documentation on this error, please visit: https://www.selenium.dev/documentation/webdriver/troubleshooting/errors#no-such-element-exception\nStacktrace:\n\tGetHandleVerifier [0x00007FF627E2FB05+28789]\n\t(No symbol) [0x00007FF627D986E0]\n\t(No symbol) [0x00007FF627C3592A]\n\t(No symbol) [0x00007FF627C8930E]\n\t(No symbol) [0x00007FF627C895FC]\n\t(No symbol) [0x00007FF627CD28A7]\n\t(No symbol) [0x00007FF627CAF47F]\n\t(No symbol) [0x00007FF627CCF654]\n\t(No symbol) [0x00007FF627CAF1E3]\n\t(No symbol) [0x00007FF627C7A938]\n\t(No symbol) [0x00007FF627C7BAA1]\n\tGetHandleVerifier [0x00007FF62816933D+3410093]\n\tGetHandleVerifier [0x00007FF62817E7DD+3497293]\n\tGetHandleVerifier [0x00007FF628172A73+3448803]\n\tGetHandleVerifier [0x00007FF627EF7BBB+848171]\n\t(No symbol) [0x00007FF627DA3C3F]\n\t(No symbol) [0x00007FF627D9F6E4]\n\t(No symbol) [0x00007FF627D9F87D]\n\t(No symbol) [0x00007FF627D8ED49]\n\tBaseThreadInitThunk [0x00007FFBF203259D+29]\n\tRtlUserThreadStart [0x00007FFBF260AF38+40]","time":{"start":1734728793056,"stop":1734728812206,"duration":19150}},{"uid":"23bcd5df83aa82fa","status":"passed","time":{"start":1734723844467,"stop":1734723879730,"duration":35263}},{"uid":"40570bd05dfe54ba","status":"broken","statusDetails":"selenium.common.exceptions.WebDriverException: Message: unknown error: net::ERR_CONNECTION_CLOSED\n  (Session info: chrome=131.0.6778.140)\nStacktrace:\n\tGetHandleVerifier [0x00007FF6DB84FB05+28789]\n\t(No symbol) [0x00007FF6DB7B86E0]\n\t(No symbol) [0x00007FF6DB65592A]\n\t(No symbol) [0x00007FF6DB653028]\n\t(No symbol) [0x00007FF6DB643BF9]\n\t(No symbol) [0x00007FF6DB64594F]\n\t(No symbol) [0x00007FF6DB643EBF]\n\t(No symbol) [0x00007FF6DB64371B]\n\t(No symbol) [0x00007FF6DB64365A]\n\t(No symbol) [0x00007FF6DB641274]\n\t(No symbol) [0x00007FF6DB641B3C]\n\t(No symbol) [0x00007FF6DB6589FA]\n\t(No symbol) [0x00007FF6DB6F045E]\n\t(No symbol) [0x00007FF6DB6CF43A]\n\t(No symbol) [0x00007FF6DB6EF654]\n\t(No symbol) [0x00007FF6DB6CF1E3]\n\t(No symbol) [0x00007FF6DB69A938]\n\t(No symbol) [0x00007FF6DB69BAA1]\n\tGetHandleVerifier [0x00007FF6DBB8933D+3410093]\n\tGetHandleVerifier [0x00007FF6DBB9E7DD+3497293]\n\tGetHandleVerifier [0x00007FF6DBB92A73+3448803]\n\tGetHandleVerifier [0x00007FF6DB917BBB+848171]\n\t(No symbol) [0x00007FF6DB7C3C3F]\n\t(No symbol) [0x00007FF6DB7BF6E4]\n\t(No symbol) [0x00007FF6DB7BF87D]\n\t(No symbol) [0x00007FF6DB7AED49]\n\tBaseThreadInitThunk [0x00007FFBF203259D+29]\n\tRtlUserThreadStart [0x00007FFBF260AF38+40]","time":{"start":1734689427245,"stop":1734689427597,"duration":352}},{"uid":"5620e223a1610f07","status":"broken","statusDetails":"selenium.common.exceptions.WebDriverException: Message: unknown error: net::ERR_CONNECTION_CLOSED\n  (Session info: chrome=131.0.6778.140)\nStacktrace:\n\tGetHandleVerifier [0x00007FF6DB84FB05+28789]\n\t(No symbol) [0x00007FF6DB7B86E0]\n\t(No symbol) [0x00007FF6DB65592A]\n\t(No symbol) [0x00007FF6DB653028]\n\t(No symbol) [0x00007FF6DB643BF9]\n\t(No symbol) [0x00007FF6DB64594F]\n\t(No symbol) [0x00007FF6DB643EBF]\n\t(No symbol) [0x00007FF6DB64371B]\n\t(No symbol) [0x00007FF6DB64365A]\n\t(No symbol) [0x00007FF6DB641274]\n\t(No symbol) [0x00007FF6DB641B3C]\n\t(No symbol) [0x00007FF6DB6589FA]\n\t(No symbol) [0x00007FF6DB6F045E]\n\t(No symbol) [0x00007FF6DB6CF43A]\n\t(No symbol) [0x00007FF6DB6EF654]\n\t(No symbol) [0x00007FF6DB6CF1E3]\n\t(No symbol) [0x00007FF6DB69A938]\n\t(No symbol) [0x00007FF6DB69BAA1]\n\tGetHandleVerifier [0x00007FF6DBB8933D+3410093]\n\tGetHandleVerifier [0x00007FF6DBB9E7DD+3497293]\n\tGetHandleVerifier [0x00007FF6DBB92A73+3448803]\n\tGetHandleVerifier [0x00007FF6DB917BBB+848171]\n\t(No symbol) [0x00007FF6DB7C3C3F]\n\t(No symbol) [0x00007FF6DB7BF6E4]\n\t(No symbol) [0x00007FF6DB7BF87D]\n\t(No symbol) [0x00007FF6DB7AED49]\n\tBaseThreadInitThunk [0x00007FFBF203259D+29]\n\tRtlUserThreadStart [0x00007FFBF260AF38+40]","time":{"start":1734689366018,"stop":1734689367032,"duration":1014}},{"uid":"264dff9274692d12","status":"passed","time":{"start":1734688553308,"stop":1734688611989,"duration":58681}},{"uid":"9c0f1565038db594","status":"passed","time":{"start":1734615877485,"stop":1734615961096,"duration":83611}},{"uid":"13a5c875f6697bd0","status":"passed","time":{"start":1734608968340,"stop":1734609018166,"duration":49826}},{"uid":"b3ea5b390c15a9b9","status":"passed","time":{"start":1734608609846,"stop":1734608658674,"duration":48828}},{"uid":"412d3912e6f82cd","status":"passed","time":{"start":1734608417962,"stop":1734608468601,"duration":50639}},{"uid":"66c89f5a5dbcba5b","status":"passed","time":{"start":1734607902549,"stop":1734607946956,"duration":44407}},{"uid":"79e7933262efdc5","status":"broken","statusDetails":"AttributeError: 'WebDriver' object has no attribute 'add_book_from_main_page'","time":{"start":1734607842157,"stop":1734607842164,"duration":7}},{"uid":"aadcd95f59a5143b","status":"broken","statusDetails":"selenium.common.exceptions.ElementClickInterceptedException: Message: element click intercepted: Element is not clickable at point (500, 876)\n  (Session info: chrome=131.0.6778.140)\nStacktrace:\n\tGetHandleVerifier [0x00007FF60D47FB05+28789]\n\t(No symbol) [0x00007FF60D3E86E0]\n\t(No symbol) [0x00007FF60D28592A]\n\t(No symbol) [0x00007FF60D2E0FDE]\n\t(No symbol) [0x00007FF60D2DEA7C]\n\t(No symbol) [0x00007FF60D2DBC46]\n\t(No symbol) [0x00007FF60D2DABA1]\n\t(No symbol) [0x00007FF60D2CCD60]\n\t(No symbol) [0x00007FF60D2FF43A]\n\t(No symbol) [0x00007FF60D2CC5B6]\n\t(No symbol) [0x00007FF60D2FF650]\n\t(No symbol) [0x00007FF60D31F654]\n\t(No symbol) [0x00007FF60D2FF1E3]\n\t(No symbol) [0x00007FF60D2CA938]\n\t(No symbol) [0x00007FF60D2CBAA1]\n\tGetHandleVerifier [0x00007FF60D7B933D+3410093]\n\tGetHandleVerifier [0x00007FF60D7CE7DD+3497293]\n\tGetHandleVerifier [0x00007FF60D7C2A73+3448803]\n\tGetHandleVerifier [0x00007FF60D547BBB+848171]\n\t(No symbol) [0x00007FF60D3F3C3F]\n\t(No symbol) [0x00007FF60D3EF6E4]\n\t(No symbol) [0x00007FF60D3EF87D]\n\t(No symbol) [0x00007FF60D3DED49]\n\tBaseThreadInitThunk [0x00007FFBF203259D+29]\n\tRtlUserThreadStart [0x00007FFBF260AF38+40]","time":{"start":1734607315617,"stop":1734607388054,"duration":72437}},{"uid":"df7272e1e20e9488","status":"broken","statusDetails":"selenium.common.exceptions.ElementClickInterceptedException: Message: element click intercepted: Element <a href=\"/sales\" itemprop=\"url\" class=\"header-bottom__link\">...</a> is not clickable at point (265, 128). Other element would receive the click: <div class=\"button change-city__button change-city__button--cancel light-blue\" tag=\"button\">...</div>\n  (Session info: chrome=131.0.6778.140)\nStacktrace:\n\tGetHandleVerifier [0x00007FF60D47FB05+28789]\n\t(No symbol) [0x00007FF60D3E86E0]\n\t(No symbol) [0x00007FF60D28592A]\n\t(No symbol) [0x00007FF60D2E0FDE]\n\t(No symbol) [0x00007FF60D2DEA7C]\n\t(No symbol) [0x00007FF60D2DBC46]\n\t(No symbol) [0x00007FF60D2DABA1]\n\t(No symbol) [0x00007FF60D2CCD60]\n\t(No symbol) [0x00007FF60D2FF43A]\n\t(No symbol) [0x00007FF60D2CC5B6]\n\t(No symbol) [0x00007FF60D2FF650]\n\t(No symbol) [0x00007FF60D31F654]\n\t(No symbol) [0x00007FF60D2FF1E3]\n\t(No symbol) [0x00007FF60D2CA938]\n\t(No symbol) [0x00007FF60D2CBAA1]\n\tGetHandleVerifier [0x00007FF60D7B933D+3410093]\n\tGetHandleVerifier [0x00007FF60D7CE7DD+3497293]\n\tGetHandleVerifier [0x00007FF60D7C2A73+3448803]\n\tGetHandleVerifier [0x00007FF60D547BBB+848171]\n\t(No symbol) [0x00007FF60D3F3C3F]\n\t(No symbol) [0x00007FF60D3EF6E4]\n\t(No symbol) [0x00007FF60D3EF87D]\n\t(No symbol) [0x00007FF60D3DED49]\n\tBaseThreadInitThunk [0x00007FFBF203259D+29]\n\tRtlUserThreadStart [0x00007FFBF260AF38+40]","time":{"start":1734607044570,"stop":1734607091139,"duration":46569}},{"uid":"319b1f3c97b7673a","status":"broken","statusDetails":"selenium.common.exceptions.ElementClickInterceptedException: Message: element click intercepted: Element <a href=\"/sales\" itemprop=\"url\" class=\"header-bottom__link\">...</a> is not clickable at point (265, 164). Other element would receive the click: <div class=\"button change-city__button change-city__button--cancel light-blue\" tag=\"button\">...</div>\n  (Session info: chrome=131.0.6778.140)\nStacktrace:\n\tGetHandleVerifier [0x00007FF60D47FB05+28789]\n\t(No symbol) [0x00007FF60D3E86E0]\n\t(No symbol) [0x00007FF60D28592A]\n\t(No symbol) [0x00007FF60D2E0FDE]\n\t(No symbol) [0x00007FF60D2DEA7C]\n\t(No symbol) [0x00007FF60D2DBC46]\n\t(No symbol) [0x00007FF60D2DABA1]\n\t(No symbol) [0x00007FF60D2CCD60]\n\t(No symbol) [0x00007FF60D2FF43A]\n\t(No symbol) [0x00007FF60D2CC5B6]\n\t(No symbol) [0x00007FF60D2FF650]\n\t(No symbol) [0x00007FF60D31F654]\n\t(No symbol) [0x00007FF60D2FF1E3]\n\t(No symbol) [0x00007FF60D2CA938]\n\t(No symbol) [0x00007FF60D2CBAA1]\n\tGetHandleVerifier [0x00007FF60D7B933D+3410093]\n\tGetHandleVerifier [0x00007FF60D7CE7DD+3497293]\n\tGetHandleVerifier [0x00007FF60D7C2A73+3448803]\n\tGetHandleVerifier [0x00007FF60D547BBB+848171]\n\t(No symbol) [0x00007FF60D3F3C3F]\n\t(No symbol) [0x00007FF60D3EF6E4]\n\t(No symbol) [0x00007FF60D3EF87D]\n\t(No symbol) [0x00007FF60D3DED49]\n\tBaseThreadInitThunk [0x00007FFBF203259D+29]\n\tRtlUserThreadStart [0x00007FFBF260AF38+40]","time":{"start":1734606788637,"stop":1734606832768,"duration":44131}},{"uid":"52d19ed91615a1d","status":"broken","statusDetails":"selenium.common.exceptions.ElementClickInterceptedException: Message: element click intercepted: Element is not clickable at point (190, 922)\n  (Session info: chrome=131.0.6778.140)\nStacktrace:\n\tGetHandleVerifier [0x00007FF60D47FB05+28789]\n\t(No symbol) [0x00007FF60D3E86E0]\n\t(No symbol) [0x00007FF60D28592A]\n\t(No symbol) [0x00007FF60D2E0FDE]\n\t(No symbol) [0x00007FF60D2DEA7C]\n\t(No symbol) [0x00007FF60D2DBC46]\n\t(No symbol) [0x00007FF60D2DABA1]\n\t(No symbol) [0x00007FF60D2CCD60]\n\t(No symbol) [0x00007FF60D2FF43A]\n\t(No symbol) [0x00007FF60D2CC5B6]\n\t(No symbol) [0x00007FF60D2FF650]\n\t(No symbol) [0x00007FF60D31F654]\n\t(No symbol) [0x00007FF60D2FF1E3]\n\t(No symbol) [0x00007FF60D2CA938]\n\t(No symbol) [0x00007FF60D2CBAA1]\n\tGetHandleVerifier [0x00007FF60D7B933D+3410093]\n\tGetHandleVerifier [0x00007FF60D7CE7DD+3497293]\n\tGetHandleVerifier [0x00007FF60D7C2A73+3448803]\n\tGetHandleVerifier [0x00007FF60D547BBB+848171]\n\t(No symbol) [0x00007FF60D3F3C3F]\n\t(No symbol) [0x00007FF60D3EF6E4]\n\t(No symbol) [0x00007FF60D3EF87D]\n\t(No symbol) [0x00007FF60D3DED49]\n\tBaseThreadInitThunk [0x00007FFBF203259D+29]\n\tRtlUserThreadStart [0x00007FFBF260AF38+40]","time":{"start":1734606370209,"stop":1734606415865,"duration":45656}},{"uid":"33f523b944a57a62","status":"broken","statusDetails":"selenium.common.exceptions.ElementClickInterceptedException: Message: element click intercepted: Element is not clickable at point (190, 922)\n  (Session info: chrome=131.0.6778.140)\nStacktrace:\n\tGetHandleVerifier [0x00007FF60D47FB05+28789]\n\t(No symbol) [0x00007FF60D3E86E0]\n\t(No symbol) [0x00007FF60D28592A]\n\t(No symbol) [0x00007FF60D2E0FDE]\n\t(No symbol) [0x00007FF60D2DEA7C]\n\t(No symbol) [0x00007FF60D2DBC46]\n\t(No symbol) [0x00007FF60D2DABA1]\n\t(No symbol) [0x00007FF60D2CCD60]\n\t(No symbol) [0x00007FF60D2FF43A]\n\t(No symbol) [0x00007FF60D2CC5B6]\n\t(No symbol) [0x00007FF60D2FF650]\n\t(No symbol) [0x00007FF60D31F654]\n\t(No symbol) [0x00007FF60D2FF1E3]\n\t(No symbol) [0x00007FF60D2CA938]\n\t(No symbol) [0x00007FF60D2CBAA1]\n\tGetHandleVerifier [0x00007FF60D7B933D+3410093]\n\tGetHandleVerifier [0x00007FF60D7CE7DD+3497293]\n\tGetHandleVerifier [0x00007FF60D7C2A73+3448803]\n\tGetHandleVerifier [0x00007FF60D547BBB+848171]\n\t(No symbol) [0x00007FF60D3F3C3F]\n\t(No symbol) [0x00007FF60D3EF6E4]\n\t(No symbol) [0x00007FF60D3EF87D]\n\t(No symbol) [0x00007FF60D3DED49]\n\tBaseThreadInitThunk [0x00007FFBF203259D+29]\n\tRtlUserThreadStart [0x00007FFBF260AF38+40]","time":{"start":1734606286442,"stop":1734606332362,"duration":45920}},{"uid":"846da3e11ce7ceaf","status":"broken","statusDetails":"selenium.common.exceptions.ElementClickInterceptedException: Message: element click intercepted: Element is not clickable at point (190, 922)\n  (Session info: chrome=131.0.6778.140)\nStacktrace:\n\tGetHandleVerifier [0x00007FF60D47FB05+28789]\n\t(No symbol) [0x00007FF60D3E86E0]\n\t(No symbol) [0x00007FF60D28592A]\n\t(No symbol) [0x00007FF60D2E0FDE]\n\t(No symbol) [0x00007FF60D2DEA7C]\n\t(No symbol) [0x00007FF60D2DBC46]\n\t(No symbol) [0x00007FF60D2DABA1]\n\t(No symbol) [0x00007FF60D2CCD60]\n\t(No symbol) [0x00007FF60D2FF43A]\n\t(No symbol) [0x00007FF60D2CC5B6]\n\t(No symbol) [0x00007FF60D2FF650]\n\t(No symbol) [0x00007FF60D31F654]\n\t(No symbol) [0x00007FF60D2FF1E3]\n\t(No symbol) [0x00007FF60D2CA938]\n\t(No symbol) [0x00007FF60D2CBAA1]\n\tGetHandleVerifier [0x00007FF60D7B933D+3410093]\n\tGetHandleVerifier [0x00007FF60D7CE7DD+3497293]\n\tGetHandleVerifier [0x00007FF60D7C2A73+3448803]\n\tGetHandleVerifier [0x00007FF60D547BBB+848171]\n\t(No symbol) [0x00007FF60D3F3C3F]\n\t(No symbol) [0x00007FF60D3EF6E4]\n\t(No symbol) [0x00007FF60D3EF87D]\n\t(No symbol) [0x00007FF60D3DED49]\n\tBaseThreadInitThunk [0x00007FFBF203259D+29]\n\tRtlUserThreadStart [0x00007FFBF260AF38+40]","time":{"start":1734606079799,"stop":1734606122745,"duration":42946}},{"uid":"9bd623e30de1d7da","status":"broken","statusDetails":"selenium.common.exceptions.ElementClickInterceptedException: Message: element click intercepted: Element is not clickable at point (190, 922)\n  (Session info: chrome=131.0.6778.140)\nStacktrace:\n\tGetHandleVerifier [0x00007FF60D47FB05+28789]\n\t(No symbol) [0x00007FF60D3E86E0]\n\t(No symbol) [0x00007FF60D28592A]\n\t(No symbol) [0x00007FF60D2E0FDE]\n\t(No symbol) [0x00007FF60D2DEA7C]\n\t(No symbol) [0x00007FF60D2DBC46]\n\t(No symbol) [0x00007FF60D2DABA1]\n\t(No symbol) [0x00007FF60D2CCD60]\n\t(No symbol) [0x00007FF60D2FF43A]\n\t(No symbol) [0x00007FF60D2CC5B6]\n\t(No symbol) [0x00007FF60D2FF650]\n\t(No symbol) [0x00007FF60D31F654]\n\t(No symbol) [0x00007FF60D2FF1E3]\n\t(No symbol) [0x00007FF60D2CA938]\n\t(No symbol) [0x00007FF60D2CBAA1]\n\tGetHandleVerifier [0x00007FF60D7B933D+3410093]\n\tGetHandleVerifier [0x00007FF60D7CE7DD+3497293]\n\tGetHandleVerifier [0x00007FF60D7C2A73+3448803]\n\tGetHandleVerifier [0x00007FF60D547BBB+848171]\n\t(No symbol) [0x00007FF60D3F3C3F]\n\t(No symbol) [0x00007FF60D3EF6E4]\n\t(No symbol) [0x00007FF60D3EF87D]\n\t(No symbol) [0x00007FF60D3DED49]\n\tBaseThreadInitThunk [0x00007FFBF203259D+29]\n\tRtlUserThreadStart [0x00007FFBF260AF38+40]","time":{"start":1734605865561,"stop":1734605909861,"duration":44300}},{"uid":"595a272983dd3ef1","status":"broken","statusDetails":"selenium.common.exceptions.ElementClickInterceptedException: Message: element click intercepted: Element is not clickable at point (190, 922)\n  (Session info: chrome=131.0.6778.140)\nStacktrace:\n\tGetHandleVerifier [0x00007FF60D47FB05+28789]\n\t(No symbol) [0x00007FF60D3E86E0]\n\t(No symbol) [0x00007FF60D28592A]\n\t(No symbol) [0x00007FF60D2E0FDE]\n\t(No symbol) [0x00007FF60D2DEA7C]\n\t(No symbol) [0x00007FF60D2DBC46]\n\t(No symbol) [0x00007FF60D2DABA1]\n\t(No symbol) [0x00007FF60D2CCD60]\n\t(No symbol) [0x00007FF60D2FF43A]\n\t(No symbol) [0x00007FF60D2CC5B6]\n\t(No symbol) [0x00007FF60D2FF650]\n\t(No symbol) [0x00007FF60D31F654]\n\t(No symbol) [0x00007FF60D2FF1E3]\n\t(No symbol) [0x00007FF60D2CA938]\n\t(No symbol) [0x00007FF60D2CBAA1]\n\tGetHandleVerifier [0x00007FF60D7B933D+3410093]\n\tGetHandleVerifier [0x00007FF60D7CE7DD+3497293]\n\tGetHandleVerifier [0x00007FF60D7C2A73+3448803]\n\tGetHandleVerifier [0x00007FF60D547BBB+848171]\n\t(No symbol) [0x00007FF60D3F3C3F]\n\t(No symbol) [0x00007FF60D3EF6E4]\n\t(No symbol) [0x00007FF60D3EF87D]\n\t(No symbol) [0x00007FF60D3DED49]\n\tBaseThreadInitThunk [0x00007FFBF203259D+29]\n\tRtlUserThreadStart [0x00007FFBF260AF38+40]","time":{"start":1734605753418,"stop":1734605807652,"duration":54234}},{"uid":"f5893503b58e611","status":"broken","statusDetails":"selenium.common.exceptions.ElementClickInterceptedException: Message: element click intercepted: Element is not clickable at point (190, 819)\n  (Session info: chrome=131.0.6778.140)\nStacktrace:\n\tGetHandleVerifier [0x00007FF60D47FB05+28789]\n\t(No symbol) [0x00007FF60D3E86E0]\n\t(No symbol) [0x00007FF60D28592A]\n\t(No symbol) [0x00007FF60D2E0FDE]\n\t(No symbol) [0x00007FF60D2DEA7C]\n\t(No symbol) [0x00007FF60D2DBC46]\n\t(No symbol) [0x00007FF60D2DABA1]\n\t(No symbol) [0x00007FF60D2CCD60]\n\t(No symbol) [0x00007FF60D2FF43A]\n\t(No symbol) [0x00007FF60D2CC5B6]\n\t(No symbol) [0x00007FF60D2FF650]\n\t(No symbol) [0x00007FF60D31F654]\n\t(No symbol) [0x00007FF60D2FF1E3]\n\t(No symbol) [0x00007FF60D2CA938]\n\t(No symbol) [0x00007FF60D2CBAA1]\n\tGetHandleVerifier [0x00007FF60D7B933D+3410093]\n\tGetHandleVerifier [0x00007FF60D7CE7DD+3497293]\n\tGetHandleVerifier [0x00007FF60D7C2A73+3448803]\n\tGetHandleVerifier [0x00007FF60D547BBB+848171]\n\t(No symbol) [0x00007FF60D3F3C3F]\n\t(No symbol) [0x00007FF60D3EF6E4]\n\t(No symbol) [0x00007FF60D3EF87D]\n\t(No symbol) [0x00007FF60D3DED49]\n\tBaseThreadInitThunk [0x00007FFBF203259D+29]\n\tRtlUserThreadStart [0x00007FFBF260AF38+40]","time":{"start":1734605638739,"stop":1734605681797,"duration":43058}},{"uid":"11121ac843fc06b2","status":"broken","statusDetails":"selenium.common.exceptions.ElementClickInterceptedException: Message: element click intercepted: Element is not clickable at point (190, 1159)\n  (Session info: chrome=131.0.6778.140)\nStacktrace:\n\tGetHandleVerifier [0x00007FF60D47FB05+28789]\n\t(No symbol) [0x00007FF60D3E86E0]\n\t(No symbol) [0x00007FF60D28592A]\n\t(No symbol) [0x00007FF60D2E0FDE]\n\t(No symbol) [0x00007FF60D2DEA7C]\n\t(No symbol) [0x00007FF60D2DBC46]\n\t(No symbol) [0x00007FF60D2DABA1]\n\t(No symbol) [0x00007FF60D2CCD60]\n\t(No symbol) [0x00007FF60D2FF43A]\n\t(No symbol) [0x00007FF60D2CC5B6]\n\t(No symbol) [0x00007FF60D2FF650]\n\t(No symbol) [0x00007FF60D31F654]\n\t(No symbol) [0x00007FF60D2FF1E3]\n\t(No symbol) [0x00007FF60D2CA938]\n\t(No symbol) [0x00007FF60D2CBAA1]\n\tGetHandleVerifier [0x00007FF60D7B933D+3410093]\n\tGetHandleVerifier [0x00007FF60D7CE7DD+3497293]\n\tGetHandleVerifier [0x00007FF60D7C2A73+3448803]\n\tGetHandleVerifier [0x00007FF60D547BBB+848171]\n\t(No symbol) [0x00007FF60D3F3C3F]\n\t(No symbol) [0x00007FF60D3EF6E4]\n\t(No symbol) [0x00007FF60D3EF87D]\n\t(No symbol) [0x00007FF60D3DED49]\n\tBaseThreadInitThunk [0x00007FFBF203259D+29]\n\tRtlUserThreadStart [0x00007FFBF260AF38+40]","time":{"start":1734605529874,"stop":1734605573384,"duration":43510}},{"uid":"a5db4b4a382682bb","status":"passed","time":{"start":1734599419256,"stop":1734599468683,"duration":49427}},{"uid":"8fdbb5113c138022","status":"broken","statusDetails":"selenium.common.exceptions.ElementClickInterceptedException: Message: element click intercepted: Element <a href=\"/novelty\" class=\"card-slider__title-head-link\">...</a> is not clickable at point (298, 9). Other element would receive the click: <div class=\"sticky-header__row\">...</div>\n  (Session info: chrome=131.0.6778.140)\nStacktrace:\n\tGetHandleVerifier [0x00007FF6807EFB05+28789]\n\t(No symbol) [0x00007FF6807586E0]\n\t(No symbol) [0x00007FF6805F592A]\n\t(No symbol) [0x00007FF680650FDE]\n\t(No symbol) [0x00007FF68064EA7C]\n\t(No symbol) [0x00007FF68064BC46]\n\t(No symbol) [0x00007FF68064ABA1]\n\t(No symbol) [0x00007FF68063CD60]\n\t(No symbol) [0x00007FF68066F43A]\n\t(No symbol) [0x00007FF68063C5B6]\n\t(No symbol) [0x00007FF68066F650]\n\t(No symbol) [0x00007FF68068F654]\n\t(No symbol) [0x00007FF68066F1E3]\n\t(No symbol) [0x00007FF68063A938]\n\t(No symbol) [0x00007FF68063BAA1]\n\tGetHandleVerifier [0x00007FF680B2933D+3410093]\n\tGetHandleVerifier [0x00007FF680B3E7DD+3497293]\n\tGetHandleVerifier [0x00007FF680B32A73+3448803]\n\tGetHandleVerifier [0x00007FF6808B7BBB+848171]\n\t(No symbol) [0x00007FF680763C3F]\n\t(No symbol) [0x00007FF68075F6E4]\n\t(No symbol) [0x00007FF68075F87D]\n\t(No symbol) [0x00007FF68074ED49]\n\tBaseThreadInitThunk [0x00007FFBF203259D+29]\n\tRtlUserThreadStart [0x00007FFBF260AF38+40]","time":{"start":1734599301556,"stop":1734599346375,"duration":44819}},{"uid":"db78ae703f5c578f","status":"broken","statusDetails":"selenium.common.exceptions.ElementClickInterceptedException: Message: element click intercepted: Element <a href=\"/novelty\" class=\"card-slider__title-head-link\">...</a> is not clickable at point (298, 517). Other element would receive the click: <div class=\"push-notification__balloon\">...</div>\n  (Session info: chrome=131.0.6778.140)\nStacktrace:\n\tGetHandleVerifier [0x00007FF6807EFB05+28789]\n\t(No symbol) [0x00007FF6807586E0]\n\t(No symbol) [0x00007FF6805F592A]\n\t(No symbol) [0x00007FF680650FDE]\n\t(No symbol) [0x00007FF68064EA7C]\n\t(No symbol) [0x00007FF68064BC46]\n\t(No symbol) [0x00007FF68064ABA1]\n\t(No symbol) [0x00007FF68063CD60]\n\t(No symbol) [0x00007FF68066F43A]\n\t(No symbol) [0x00007FF68063C5B6]\n\t(No symbol) [0x00007FF68066F650]\n\t(No symbol) [0x00007FF68068F654]\n\t(No symbol) [0x00007FF68066F1E3]\n\t(No symbol) [0x00007FF68063A938]\n\t(No symbol) [0x00007FF68063BAA1]\n\tGetHandleVerifier [0x00007FF680B2933D+3410093]\n\tGetHandleVerifier [0x00007FF680B3E7DD+3497293]\n\tGetHandleVerifier [0x00007FF680B32A73+3448803]\n\tGetHandleVerifier [0x00007FF6808B7BBB+848171]\n\t(No symbol) [0x00007FF680763C3F]\n\t(No symbol) [0x00007FF68075F6E4]\n\t(No symbol) [0x00007FF68075F87D]\n\t(No symbol) [0x00007FF68074ED49]\n\tBaseThreadInitThunk [0x00007FFBF203259D+29]\n\tRtlUserThreadStart [0x00007FFBF260AF38+40]","time":{"start":1734599210739,"stop":1734599265480,"duration":54741}},{"uid":"4202cdf380fa6fd2","status":"broken","statusDetails":"selenium.common.exceptions.ElementClickInterceptedException: Message: element click intercepted: Element <a href=\"/novelty\" class=\"card-slider__title-head-link\">...</a> is not clickable at point (298, 517). Other element would receive the click: <div class=\"push-notification__balloon\">...</div>\n  (Session info: chrome=131.0.6778.140)\nStacktrace:\n\tGetHandleVerifier [0x00007FF6807EFB05+28789]\n\t(No symbol) [0x00007FF6807586E0]\n\t(No symbol) [0x00007FF6805F592A]\n\t(No symbol) [0x00007FF680650FDE]\n\t(No symbol) [0x00007FF68064EA7C]\n\t(No symbol) [0x00007FF68064BC46]\n\t(No symbol) [0x00007FF68064ABA1]\n\t(No symbol) [0x00007FF68063CD60]\n\t(No symbol) [0x00007FF68066F43A]\n\t(No symbol) [0x00007FF68063C5B6]\n\t(No symbol) [0x00007FF68066F650]\n\t(No symbol) [0x00007FF68068F654]\n\t(No symbol) [0x00007FF68066F1E3]\n\t(No symbol) [0x00007FF68063A938]\n\t(No symbol) [0x00007FF68063BAA1]\n\tGetHandleVerifier [0x00007FF680B2933D+3410093]\n\tGetHandleVerifier [0x00007FF680B3E7DD+3497293]\n\tGetHandleVerifier [0x00007FF680B32A73+3448803]\n\tGetHandleVerifier [0x00007FF6808B7BBB+848171]\n\t(No symbol) [0x00007FF680763C3F]\n\t(No symbol) [0x00007FF68075F6E4]\n\t(No symbol) [0x00007FF68075F87D]\n\t(No symbol) [0x00007FF68074ED49]\n\tBaseThreadInitThunk [0x00007FFBF203259D+29]\n\tRtlUserThreadStart [0x00007FFBF260AF38+40]","time":{"start":1734599062714,"stop":1734599117571,"duration":54857}},{"uid":"db3f9645bf9fcb38","status":"broken","statusDetails":"selenium.common.exceptions.ElementClickInterceptedException: Message: element click intercepted: Element is not clickable at point (190, 1016)\n  (Session info: chrome=131.0.6778.140)\nStacktrace:\n\tGetHandleVerifier [0x00007FF6807EFB05+28789]\n\t(No symbol) [0x00007FF6807586E0]\n\t(No symbol) [0x00007FF6805F592A]\n\t(No symbol) [0x00007FF680650FDE]\n\t(No symbol) [0x00007FF68064EA7C]\n\t(No symbol) [0x00007FF68064BC46]\n\t(No symbol) [0x00007FF68064ABA1]\n\t(No symbol) [0x00007FF68063CD60]\n\t(No symbol) [0x00007FF68066F43A]\n\t(No symbol) [0x00007FF68063C5B6]\n\t(No symbol) [0x00007FF68066F650]\n\t(No symbol) [0x00007FF68068F654]\n\t(No symbol) [0x00007FF68066F1E3]\n\t(No symbol) [0x00007FF68063A938]\n\t(No symbol) [0x00007FF68063BAA1]\n\tGetHandleVerifier [0x00007FF680B2933D+3410093]\n\tGetHandleVerifier [0x00007FF680B3E7DD+3497293]\n\tGetHandleVerifier [0x00007FF680B32A73+3448803]\n\tGetHandleVerifier [0x00007FF6808B7BBB+848171]\n\t(No symbol) [0x00007FF680763C3F]\n\t(No symbol) [0x00007FF68075F6E4]\n\t(No symbol) [0x00007FF68075F87D]\n\t(No symbol) [0x00007FF68074ED49]\n\tBaseThreadInitThunk [0x00007FFBF203259D+29]\n\tRtlUserThreadStart [0x00007FFBF260AF38+40]","time":{"start":1734598960394,"stop":1734599006574,"duration":46180}},{"uid":"3d968550f402cda7","status":"broken","statusDetails":"selenium.common.exceptions.ElementClickInterceptedException: Message: element click intercepted: Element is not clickable at point (190, 1094)\n  (Session info: chrome=131.0.6778.140)\nStacktrace:\n\tGetHandleVerifier [0x00007FF6807EFB05+28789]\n\t(No symbol) [0x00007FF6807586E0]\n\t(No symbol) [0x00007FF6805F592A]\n\t(No symbol) [0x00007FF680650FDE]\n\t(No symbol) [0x00007FF68064EA7C]\n\t(No symbol) [0x00007FF68064BC46]\n\t(No symbol) [0x00007FF68064ABA1]\n\t(No symbol) [0x00007FF68063CD60]\n\t(No symbol) [0x00007FF68066F43A]\n\t(No symbol) [0x00007FF68063C5B6]\n\t(No symbol) [0x00007FF68066F650]\n\t(No symbol) [0x00007FF68068F654]\n\t(No symbol) [0x00007FF68066F1E3]\n\t(No symbol) [0x00007FF68063A938]\n\t(No symbol) [0x00007FF68063BAA1]\n\tGetHandleVerifier [0x00007FF680B2933D+3410093]\n\tGetHandleVerifier [0x00007FF680B3E7DD+3497293]\n\tGetHandleVerifier [0x00007FF680B32A73+3448803]\n\tGetHandleVerifier [0x00007FF6808B7BBB+848171]\n\t(No symbol) [0x00007FF680763C3F]\n\t(No symbol) [0x00007FF68075F6E4]\n\t(No symbol) [0x00007FF68075F87D]\n\t(No symbol) [0x00007FF68074ED49]\n\tBaseThreadInitThunk [0x00007FFBF203259D+29]\n\tRtlUserThreadStart [0x00007FFBF260AF38+40]","time":{"start":1734598407521,"stop":1734598462804,"duration":55283}},{"uid":"6ec13e393670b832","status":"broken","statusDetails":"selenium.common.exceptions.ElementClickInterceptedException: Message: element click intercepted: Element is not clickable at point (190, 1010)\n  (Session info: chrome=131.0.6778.140)\nStacktrace:\n\tGetHandleVerifier [0x00007FF6807EFB05+28789]\n\t(No symbol) [0x00007FF6807586E0]\n\t(No symbol) [0x00007FF6805F592A]\n\t(No symbol) [0x00007FF680650FDE]\n\t(No symbol) [0x00007FF68064EA7C]\n\t(No symbol) [0x00007FF68064BC46]\n\t(No symbol) [0x00007FF68064ABA1]\n\t(No symbol) [0x00007FF68063CD60]\n\t(No symbol) [0x00007FF68066F43A]\n\t(No symbol) [0x00007FF68063C5B6]\n\t(No symbol) [0x00007FF68066F650]\n\t(No symbol) [0x00007FF68068F654]\n\t(No symbol) [0x00007FF68066F1E3]\n\t(No symbol) [0x00007FF68063A938]\n\t(No symbol) [0x00007FF68063BAA1]\n\tGetHandleVerifier [0x00007FF680B2933D+3410093]\n\tGetHandleVerifier [0x00007FF680B3E7DD+3497293]\n\tGetHandleVerifier [0x00007FF680B32A73+3448803]\n\tGetHandleVerifier [0x00007FF6808B7BBB+848171]\n\t(No symbol) [0x00007FF680763C3F]\n\t(No symbol) [0x00007FF68075F6E4]\n\t(No symbol) [0x00007FF68075F87D]\n\t(No symbol) [0x00007FF68074ED49]\n\tBaseThreadInitThunk [0x00007FFBF203259D+29]\n\tRtlUserThreadStart [0x00007FFBF260AF38+40]","time":{"start":1734598329904,"stop":1734598376674,"duration":46770}},{"uid":"ac3359c8fcffe3df","status":"broken","statusDetails":"selenium.common.exceptions.ElementClickInterceptedException: Message: element click intercepted: Element is not clickable at point (190, 1161)\n  (Session info: chrome=131.0.6778.140)\nStacktrace:\n\tGetHandleVerifier [0x00007FF6807EFB05+28789]\n\t(No symbol) [0x00007FF6807586E0]\n\t(No symbol) [0x00007FF6805F592A]\n\t(No symbol) [0x00007FF680650FDE]\n\t(No symbol) [0x00007FF68064EA7C]\n\t(No symbol) [0x00007FF68064BC46]\n\t(No symbol) [0x00007FF68064ABA1]\n\t(No symbol) [0x00007FF68063CD60]\n\t(No symbol) [0x00007FF68066F43A]\n\t(No symbol) [0x00007FF68063C5B6]\n\t(No symbol) [0x00007FF68066F650]\n\t(No symbol) [0x00007FF68068F654]\n\t(No symbol) [0x00007FF68066F1E3]\n\t(No symbol) [0x00007FF68063A938]\n\t(No symbol) [0x00007FF68063BAA1]\n\tGetHandleVerifier [0x00007FF680B2933D+3410093]\n\tGetHandleVerifier [0x00007FF680B3E7DD+3497293]\n\tGetHandleVerifier [0x00007FF680B32A73+3448803]\n\tGetHandleVerifier [0x00007FF6808B7BBB+848171]\n\t(No symbol) [0x00007FF680763C3F]\n\t(No symbol) [0x00007FF68075F6E4]\n\t(No symbol) [0x00007FF68075F87D]\n\t(No symbol) [0x00007FF68074ED49]\n\tBaseThreadInitThunk [0x00007FFBF203259D+29]\n\tRtlUserThreadStart [0x00007FFBF260AF38+40]","time":{"start":1734598113639,"stop":1734598167468,"duration":53829}},{"uid":"ee27dc91f9ee9e28","status":"broken","statusDetails":"selenium.common.exceptions.ElementClickInterceptedException: Message: element click intercepted: Element is not clickable at point (190, 1159)\n  (Session info: chrome=131.0.6778.140)\nStacktrace:\n\tGetHandleVerifier [0x00007FF6807EFB05+28789]\n\t(No symbol) [0x00007FF6807586E0]\n\t(No symbol) [0x00007FF6805F592A]\n\t(No symbol) [0x00007FF680650FDE]\n\t(No symbol) [0x00007FF68064EA7C]\n\t(No symbol) [0x00007FF68064BC46]\n\t(No symbol) [0x00007FF68064ABA1]\n\t(No symbol) [0x00007FF68063CD60]\n\t(No symbol) [0x00007FF68066F43A]\n\t(No symbol) [0x00007FF68063C5B6]\n\t(No symbol) [0x00007FF68066F650]\n\t(No symbol) [0x00007FF68068F654]\n\t(No symbol) [0x00007FF68066F1E3]\n\t(No symbol) [0x00007FF68063A938]\n\t(No symbol) [0x00007FF68063BAA1]\n\tGetHandleVerifier [0x00007FF680B2933D+3410093]\n\tGetHandleVerifier [0x00007FF680B3E7DD+3497293]\n\tGetHandleVerifier [0x00007FF680B32A73+3448803]\n\tGetHandleVerifier [0x00007FF6808B7BBB+848171]\n\t(No symbol) [0x00007FF680763C3F]\n\t(No symbol) [0x00007FF68075F6E4]\n\t(No symbol) [0x00007FF68075F87D]\n\t(No symbol) [0x00007FF68074ED49]\n\tBaseThreadInitThunk [0x00007FFBF203259D+29]\n\tRtlUserThreadStart [0x00007FFBF260AF38+40]","time":{"start":1734598024771,"stop":1734598079341,"duration":54570}},{"uid":"bc5efada38afe3b5","status":"broken","statusDetails":"selenium.common.exceptions.ElementClickInterceptedException: Message: element click intercepted: Element is not clickable at point (190, 1118)\n  (Session info: chrome=131.0.6778.140)\nStacktrace:\n\tGetHandleVerifier [0x00007FF6807EFB05+28789]\n\t(No symbol) [0x00007FF6807586E0]\n\t(No symbol) [0x00007FF6805F592A]\n\t(No symbol) [0x00007FF680650FDE]\n\t(No symbol) [0x00007FF68064EA7C]\n\t(No symbol) [0x00007FF68064BC46]\n\t(No symbol) [0x00007FF68064ABA1]\n\t(No symbol) [0x00007FF68063CD60]\n\t(No symbol) [0x00007FF68066F43A]\n\t(No symbol) [0x00007FF68063C5B6]\n\t(No symbol) [0x00007FF68066F650]\n\t(No symbol) [0x00007FF68068F654]\n\t(No symbol) [0x00007FF68066F1E3]\n\t(No symbol) [0x00007FF68063A938]\n\t(No symbol) [0x00007FF68063BAA1]\n\tGetHandleVerifier [0x00007FF680B2933D+3410093]\n\tGetHandleVerifier [0x00007FF680B3E7DD+3497293]\n\tGetHandleVerifier [0x00007FF680B32A73+3448803]\n\tGetHandleVerifier [0x00007FF6808B7BBB+848171]\n\t(No symbol) [0x00007FF680763C3F]\n\t(No symbol) [0x00007FF68075F6E4]\n\t(No symbol) [0x00007FF68075F87D]\n\t(No symbol) [0x00007FF68074ED49]\n\tBaseThreadInitThunk [0x00007FFBF203259D+29]\n\tRtlUserThreadStart [0x00007FFBF260AF38+40]","time":{"start":1734597938422,"stop":1734597983787,"duration":45365}},{"uid":"6b9a5b9fe812cb1b","status":"broken","statusDetails":"selenium.common.exceptions.ElementClickInterceptedException: Message: element click intercepted: Element is not clickable at point (190, 1242)\n  (Session info: chrome=131.0.6778.140)\nStacktrace:\n\tGetHandleVerifier [0x00007FF6807EFB05+28789]\n\t(No symbol) [0x00007FF6807586E0]\n\t(No symbol) [0x00007FF6805F592A]\n\t(No symbol) [0x00007FF680650FDE]\n\t(No symbol) [0x00007FF68064EA7C]\n\t(No symbol) [0x00007FF68064BC46]\n\t(No symbol) [0x00007FF68064ABA1]\n\t(No symbol) [0x00007FF68063CD60]\n\t(No symbol) [0x00007FF68066F43A]\n\t(No symbol) [0x00007FF68063C5B6]\n\t(No symbol) [0x00007FF68066F650]\n\t(No symbol) [0x00007FF68068F654]\n\t(No symbol) [0x00007FF68066F1E3]\n\t(No symbol) [0x00007FF68063A938]\n\t(No symbol) [0x00007FF68063BAA1]\n\tGetHandleVerifier [0x00007FF680B2933D+3410093]\n\tGetHandleVerifier [0x00007FF680B3E7DD+3497293]\n\tGetHandleVerifier [0x00007FF680B32A73+3448803]\n\tGetHandleVerifier [0x00007FF6808B7BBB+848171]\n\t(No symbol) [0x00007FF680763C3F]\n\t(No symbol) [0x00007FF68075F6E4]\n\t(No symbol) [0x00007FF68075F87D]\n\t(No symbol) [0x00007FF68074ED49]\n\tBaseThreadInitThunk [0x00007FFBF203259D+29]\n\tRtlUserThreadStart [0x00007FFBF260AF38+40]","time":{"start":1734597850177,"stop":1734597894833,"duration":44656}},{"uid":"a93aede6d10aef2","status":"broken","statusDetails":"selenium.common.exceptions.ElementClickInterceptedException: Message: element click intercepted: Element is not clickable at point (190, 1272)\n  (Session info: chrome=131.0.6778.140)\nStacktrace:\n\tGetHandleVerifier [0x00007FF6807EFB05+28789]\n\t(No symbol) [0x00007FF6807586E0]\n\t(No symbol) [0x00007FF6805F592A]\n\t(No symbol) [0x00007FF680650FDE]\n\t(No symbol) [0x00007FF68064EA7C]\n\t(No symbol) [0x00007FF68064BC46]\n\t(No symbol) [0x00007FF68064ABA1]\n\t(No symbol) [0x00007FF68063CD60]\n\t(No symbol) [0x00007FF68066F43A]\n\t(No symbol) [0x00007FF68063C5B6]\n\t(No symbol) [0x00007FF68066F650]\n\t(No symbol) [0x00007FF68068F654]\n\t(No symbol) [0x00007FF68066F1E3]\n\t(No symbol) [0x00007FF68063A938]\n\t(No symbol) [0x00007FF68063BAA1]\n\tGetHandleVerifier [0x00007FF680B2933D+3410093]\n\tGetHandleVerifier [0x00007FF680B3E7DD+3497293]\n\tGetHandleVerifier [0x00007FF680B32A73+3448803]\n\tGetHandleVerifier [0x00007FF6808B7BBB+848171]\n\t(No symbol) [0x00007FF680763C3F]\n\t(No symbol) [0x00007FF68075F6E4]\n\t(No symbol) [0x00007FF68075F87D]\n\t(No symbol) [0x00007FF68074ED49]\n\tBaseThreadInitThunk [0x00007FFBF203259D+29]\n\tRtlUserThreadStart [0x00007FFBF260AF38+40]","time":{"start":1734597711622,"stop":1734597756914,"duration":45292}},{"uid":"1752e82367f4df8e","status":"broken","statusDetails":"selenium.common.exceptions.ElementClickInterceptedException: Message: element click intercepted: Element is not clickable at point (190, 1306)\n  (Session info: chrome=131.0.6778.140)\nStacktrace:\n\tGetHandleVerifier [0x00007FF6807EFB05+28789]\n\t(No symbol) [0x00007FF6807586E0]\n\t(No symbol) [0x00007FF6805F592A]\n\t(No symbol) [0x00007FF680650FDE]\n\t(No symbol) [0x00007FF68064EA7C]\n\t(No symbol) [0x00007FF68064BC46]\n\t(No symbol) [0x00007FF68064ABA1]\n\t(No symbol) [0x00007FF68063CD60]\n\t(No symbol) [0x00007FF68066F43A]\n\t(No symbol) [0x00007FF68063C5B6]\n\t(No symbol) [0x00007FF68066F650]\n\t(No symbol) [0x00007FF68068F654]\n\t(No symbol) [0x00007FF68066F1E3]\n\t(No symbol) [0x00007FF68063A938]\n\t(No symbol) [0x00007FF68063BAA1]\n\tGetHandleVerifier [0x00007FF680B2933D+3410093]\n\tGetHandleVerifier [0x00007FF680B3E7DD+3497293]\n\tGetHandleVerifier [0x00007FF680B32A73+3448803]\n\tGetHandleVerifier [0x00007FF6808B7BBB+848171]\n\t(No symbol) [0x00007FF680763C3F]\n\t(No symbol) [0x00007FF68075F6E4]\n\t(No symbol) [0x00007FF68075F87D]\n\t(No symbol) [0x00007FF68074ED49]\n\tBaseThreadInitThunk [0x00007FFBF203259D+29]\n\tRtlUserThreadStart [0x00007FFBF260AF38+40]","time":{"start":1734597483545,"stop":1734597539642,"duration":56097}},{"uid":"1625e8df688bbff2","status":"broken","statusDetails":"selenium.common.exceptions.ElementClickInterceptedException: Message: element click intercepted: Element is not clickable at point (190, 1307)\n  (Session info: chrome=131.0.6778.140)\nStacktrace:\n\tGetHandleVerifier [0x00007FF6807EFB05+28789]\n\t(No symbol) [0x00007FF6807586E0]\n\t(No symbol) [0x00007FF6805F592A]\n\t(No symbol) [0x00007FF680650FDE]\n\t(No symbol) [0x00007FF68064EA7C]\n\t(No symbol) [0x00007FF68064BC46]\n\t(No symbol) [0x00007FF68064ABA1]\n\t(No symbol) [0x00007FF68063CD60]\n\t(No symbol) [0x00007FF68066F43A]\n\t(No symbol) [0x00007FF68063C5B6]\n\t(No symbol) [0x00007FF68066F650]\n\t(No symbol) [0x00007FF68068F654]\n\t(No symbol) [0x00007FF68066F1E3]\n\t(No symbol) [0x00007FF68063A938]\n\t(No symbol) [0x00007FF68063BAA1]\n\tGetHandleVerifier [0x00007FF680B2933D+3410093]\n\tGetHandleVerifier [0x00007FF680B3E7DD+3497293]\n\tGetHandleVerifier [0x00007FF680B32A73+3448803]\n\tGetHandleVerifier [0x00007FF6808B7BBB+848171]\n\t(No symbol) [0x00007FF680763C3F]\n\t(No symbol) [0x00007FF68075F6E4]\n\t(No symbol) [0x00007FF68075F87D]\n\t(No symbol) [0x00007FF68074ED49]\n\tBaseThreadInitThunk [0x00007FFBF203259D+29]\n\tRtlUserThreadStart [0x00007FFBF260AF38+40]","time":{"start":1734597319076,"stop":1734597363760,"duration":44684}},{"uid":"fc0af52730ca5d90","status":"broken","statusDetails":"selenium.common.exceptions.NoSuchWindowException: Message: no such window: target window already closed\nfrom unknown error: web view not found\n  (Session info: chrome=131.0.6778.140)\nStacktrace:\n\tGetHandleVerifier [0x00007FF6807EFB05+28789]\n\t(No symbol) [0x00007FF6807586E0]\n\t(No symbol) [0x00007FF6805F592A]\n\t(No symbol) [0x00007FF6805CF505]\n\t(No symbol) [0x00007FF680676477]\n\t(No symbol) [0x00007FF68068EF42]\n\t(No symbol) [0x00007FF68066F1E3]\n\t(No symbol) [0x00007FF68063A938]\n\t(No symbol) [0x00007FF68063BAA1]\n\tGetHandleVerifier [0x00007FF680B2933D+3410093]\n\tGetHandleVerifier [0x00007FF680B3E7DD+3497293]\n\tGetHandleVerifier [0x00007FF680B32A73+3448803]\n\tGetHandleVerifier [0x00007FF6808B7BBB+848171]\n\t(No symbol) [0x00007FF680763C3F]\n\t(No symbol) [0x00007FF68075F6E4]\n\t(No symbol) [0x00007FF68075F87D]\n\t(No symbol) [0x00007FF68074ED49]\n\tBaseThreadInitThunk [0x00007FFBF203259D+29]\n\tRtlUserThreadStart [0x00007FFBF260AF38+40]","time":{"start":1734597218973,"stop":1734597254139,"duration":35166}},{"uid":"986ce2beaa78aa95","status":"broken","statusDetails":"AttributeError: 'WebDriver' object has no attribute 'send_keys'","time":{"start":1734597047580,"stop":1734597102114,"duration":54534}},{"uid":"9108ea49d2e5bb90","status":"broken","statusDetails":"selenium.common.exceptions.ElementClickInterceptedException: Message: element click intercepted: Element is not clickable at point (190, 1306)\n  (Session info: chrome=131.0.6778.140)\nStacktrace:\n\tGetHandleVerifier [0x00007FF6807EFB05+28789]\n\t(No symbol) [0x00007FF6807586E0]\n\t(No symbol) [0x00007FF6805F592A]\n\t(No symbol) [0x00007FF680650FDE]\n\t(No symbol) [0x00007FF68064EA7C]\n\t(No symbol) [0x00007FF68064BC46]\n\t(No symbol) [0x00007FF68064ABA1]\n\t(No symbol) [0x00007FF68063CD60]\n\t(No symbol) [0x00007FF68066F43A]\n\t(No symbol) [0x00007FF68063C5B6]\n\t(No symbol) [0x00007FF68066F650]\n\t(No symbol) [0x00007FF68068F654]\n\t(No symbol) [0x00007FF68066F1E3]\n\t(No symbol) [0x00007FF68063A938]\n\t(No symbol) [0x00007FF68063BAA1]\n\tGetHandleVerifier [0x00007FF680B2933D+3410093]\n\tGetHandleVerifier [0x00007FF680B3E7DD+3497293]\n\tGetHandleVerifier [0x00007FF680B32A73+3448803]\n\tGetHandleVerifier [0x00007FF6808B7BBB+848171]\n\t(No symbol) [0x00007FF680763C3F]\n\t(No symbol) [0x00007FF68075F6E4]\n\t(No symbol) [0x00007FF68075F87D]\n\t(No symbol) [0x00007FF68074ED49]\n\tBaseThreadInitThunk [0x00007FFBF203259D+29]\n\tRtlUserThreadStart [0x00007FFBF260AF38+40]","time":{"start":1734596065017,"stop":1734596113753,"duration":48736}},{"uid":"177102dd2c7659e9","status":"passed","time":{"start":1734595984167,"stop":1734596035769,"duration":51602}},{"uid":"375c2f1a3fb373f5","status":"broken","statusDetails":"selenium.common.exceptions.ElementClickInterceptedException: Message: element click intercepted: Element is not clickable at point (190, 1307)\n  (Session info: chrome=131.0.6778.140)\nStacktrace:\n\tGetHandleVerifier [0x00007FF6807EFB05+28789]\n\t(No symbol) [0x00007FF6807586E0]\n\t(No symbol) [0x00007FF6805F592A]\n\t(No symbol) [0x00007FF680650FDE]\n\t(No symbol) [0x00007FF68064EA7C]\n\t(No symbol) [0x00007FF68064BC46]\n\t(No symbol) [0x00007FF68064ABA1]\n\t(No symbol) [0x00007FF68063CD60]\n\t(No symbol) [0x00007FF68066F43A]\n\t(No symbol) [0x00007FF68063C5B6]\n\t(No symbol) [0x00007FF68066F650]\n\t(No symbol) [0x00007FF68068F654]\n\t(No symbol) [0x00007FF68066F1E3]\n\t(No symbol) [0x00007FF68063A938]\n\t(No symbol) [0x00007FF68063BAA1]\n\tGetHandleVerifier [0x00007FF680B2933D+3410093]\n\tGetHandleVerifier [0x00007FF680B3E7DD+3497293]\n\tGetHandleVerifier [0x00007FF680B32A73+3448803]\n\tGetHandleVerifier [0x00007FF6808B7BBB+848171]\n\t(No symbol) [0x00007FF680763C3F]\n\t(No symbol) [0x00007FF68075F6E4]\n\t(No symbol) [0x00007FF68075F87D]\n\t(No symbol) [0x00007FF68074ED49]\n\tBaseThreadInitThunk [0x00007FFBF203259D+29]\n\tRtlUserThreadStart [0x00007FFBF260AF38+40]","time":{"start":1734595875133,"stop":1734595922846,"duration":47713}},{"uid":"a1f4c12aacacce2d","status":"passed","time":{"start":1734595545595,"stop":1734595645557,"duration":99962}},{"uid":"1451ca0c1f7e3f15","status":"failed","statusDetails":"AssertionError: assert '0 товаров' == '1 товар'\n  \n  - 1 товар\n  ? ^\n  + 0 товаров\n  ? ^      ++","time":{"start":1734595271141,"stop":1734595315854,"duration":44713}},{"uid":"8016b2734375e217","status":"broken","statusDetails":"selenium.common.exceptions.ElementClickInterceptedException: Message: element click intercepted: Element is not clickable at point (190, 1307)\n  (Session info: chrome=131.0.6778.140)\nStacktrace:\n\tGetHandleVerifier [0x00007FF6807EFB05+28789]\n\t(No symbol) [0x00007FF6807586E0]\n\t(No symbol) [0x00007FF6805F592A]\n\t(No symbol) [0x00007FF680650FDE]\n\t(No symbol) [0x00007FF68064EA7C]\n\t(No symbol) [0x00007FF68064BC46]\n\t(No symbol) [0x00007FF68064ABA1]\n\t(No symbol) [0x00007FF68063CD60]\n\t(No symbol) [0x00007FF68066F43A]\n\t(No symbol) [0x00007FF68063C5B6]\n\t(No symbol) [0x00007FF68066F650]\n\t(No symbol) [0x00007FF68068F654]\n\t(No symbol) [0x00007FF68066F1E3]\n\t(No symbol) [0x00007FF68063A938]\n\t(No symbol) [0x00007FF68063BAA1]\n\tGetHandleVerifier [0x00007FF680B2933D+3410093]\n\tGetHandleVerifier [0x00007FF680B3E7DD+3497293]\n\tGetHandleVerifier [0x00007FF680B32A73+3448803]\n\tGetHandleVerifier [0x00007FF6808B7BBB+848171]\n\t(No symbol) [0x00007FF680763C3F]\n\t(No symbol) [0x00007FF68075F6E4]\n\t(No symbol) [0x00007FF68075F87D]\n\t(No symbol) [0x00007FF68074ED49]\n\tBaseThreadInitThunk [0x00007FFBF203259D+29]\n\tRtlUserThreadStart [0x00007FFBF260AF38+40]","time":{"start":1734594854754,"stop":1734594912998,"duration":58244}},{"uid":"961d16c02d5a1f2a","status":"passed","time":{"start":1734593549026,"stop":1734593597976,"duration":48950}},{"uid":"92c90d104ddbded8","status":"broken","statusDetails":"selenium.common.exceptions.ElementNotInteractableException: Message: element not interactable\n  (Session info: chrome=131.0.6778.140)\nStacktrace:\n\tGetHandleVerifier [0x00007FF6807EFB05+28789]\n\t(No symbol) [0x00007FF6807586E0]\n\t(No symbol) [0x00007FF6805F5759]\n\t(No symbol) [0x00007FF68064A7C4]\n\t(No symbol) [0x00007FF68063CD60]\n\t(No symbol) [0x00007FF68066F43A]\n\t(No symbol) [0x00007FF68063C5B6]\n\t(No symbol) [0x00007FF68066F650]\n\t(No symbol) [0x00007FF68068F654]\n\t(No symbol) [0x00007FF68066F1E3]\n\t(No symbol) [0x00007FF68063A938]\n\t(No symbol) [0x00007FF68063BAA1]\n\tGetHandleVerifier [0x00007FF680B2933D+3410093]\n\tGetHandleVerifier [0x00007FF680B3E7DD+3497293]\n\tGetHandleVerifier [0x00007FF680B32A73+3448803]\n\tGetHandleVerifier [0x00007FF6808B7BBB+848171]\n\t(No symbol) [0x00007FF680763C3F]\n\t(No symbol) [0x00007FF68075F6E4]\n\t(No symbol) [0x00007FF68075F87D]\n\t(No symbol) [0x00007FF68074ED49]\n\tBaseThreadInitThunk [0x00007FFBF203259D+29]\n\tRtlUserThreadStart [0x00007FFBF260AF38+40]","time":{"start":1734593056822,"stop":1734593113795,"duration":56973}},{"uid":"93e50ecf4da56e80","status":"broken","statusDetails":"selenium.common.exceptions.ElementClickInterceptedException: Message: element click intercepted: Element is not clickable at point (190, 1307)\n  (Session info: chrome=131.0.6778.140)\nStacktrace:\n\tGetHandleVerifier [0x00007FF6807EFB05+28789]\n\t(No symbol) [0x00007FF6807586E0]\n\t(No symbol) [0x00007FF6805F592A]\n\t(No symbol) [0x00007FF680650FDE]\n\t(No symbol) [0x00007FF68064EA7C]\n\t(No symbol) [0x00007FF68064BC46]\n\t(No symbol) [0x00007FF68064ABA1]\n\t(No symbol) [0x00007FF68063CD60]\n\t(No symbol) [0x00007FF68066F43A]\n\t(No symbol) [0x00007FF68063C5B6]\n\t(No symbol) [0x00007FF68066F650]\n\t(No symbol) [0x00007FF68068F654]\n\t(No symbol) [0x00007FF68066F1E3]\n\t(No symbol) [0x00007FF68063A938]\n\t(No symbol) [0x00007FF68063BAA1]\n\tGetHandleVerifier [0x00007FF680B2933D+3410093]\n\tGetHandleVerifier [0x00007FF680B3E7DD+3497293]\n\tGetHandleVerifier [0x00007FF680B32A73+3448803]\n\tGetHandleVerifier [0x00007FF6808B7BBB+848171]\n\t(No symbol) [0x00007FF680763C3F]\n\t(No symbol) [0x00007FF68075F6E4]\n\t(No symbol) [0x00007FF68075F87D]\n\t(No symbol) [0x00007FF68074ED49]\n\tBaseThreadInitThunk [0x00007FFBF203259D+29]\n\tRtlUserThreadStart [0x00007FFBF260AF38+40]","time":{"start":1734592605476,"stop":1734592654051,"duration":48575}},{"uid":"6568f67e73333144","status":"broken","statusDetails":"selenium.common.exceptions.ElementClickInterceptedException: Message: element click intercepted: Element <div title=\"\" class=\"button action-button blue\">...</div> is not clickable at point (190, 586). Other element would receive the click: <div data-v-185c06e0=\"\" class=\"push-notification app-wrapper__push-notification push-notification--active\">...</div>\n  (Session info: chrome=131.0.6778.140)\nStacktrace:\n\tGetHandleVerifier [0x00007FF6FE626CC5+28821]\n\t(No symbol) [0x00007FF6FE593850]\n\t(No symbol) [0x00007FF6FE43578A]\n\t(No symbol) [0x00007FF6FE490E8E]\n\t(No symbol) [0x00007FF6FE48E92C]\n\t(No symbol) [0x00007FF6FE48BAF6]\n\t(No symbol) [0x00007FF6FE48AA51]\n\t(No symbol) [0x00007FF6FE47CBA0]\n\t(No symbol) [0x00007FF6FE4AF2FA]\n\t(No symbol) [0x00007FF6FE47C3F6]\n\t(No symbol) [0x00007FF6FE4AF510]\n\t(No symbol) [0x00007FF6FE4CF412]\n\t(No symbol) [0x00007FF6FE4AF0A3]\n\t(No symbol) [0x00007FF6FE47A778]\n\t(No symbol) [0x00007FF6FE47B8E1]\n\tGetHandleVerifier [0x00007FF6FE95FCCD+3408029]\n\tGetHandleVerifier [0x00007FF6FE97743F+3504143]\n\tGetHandleVerifier [0x00007FF6FE96B61D+3455469]\n\tGetHandleVerifier [0x00007FF6FE6EBDCB+835995]\n\t(No symbol) [0x00007FF6FE59EB6F]\n\t(No symbol) [0x00007FF6FE59A824]\n\t(No symbol) [0x00007FF6FE59A9BD]\n\t(No symbol) [0x00007FF6FE58A1A9]\n\tBaseThreadInitThunk [0x00007FFBF203259D+29]\n\tRtlUserThreadStart [0x00007FFBF260AF38+40]","time":{"start":1734519270084,"stop":1734519313422,"duration":43338}},{"uid":"edc7a478f93e918","status":"broken","statusDetails":"selenium.common.exceptions.ElementClickInterceptedException: Message: element click intercepted: Element <div title=\"\" class=\"button action-button blue\">...</div> is not clickable at point (190, 584). Other element would receive the click: <div data-v-185c06e0=\"\" class=\"push-notification app-wrapper__push-notification push-notification--active\">...</div>\n  (Session info: chrome=131.0.6778.140)\nStacktrace:\n\tGetHandleVerifier [0x00007FF6FE626CC5+28821]\n\t(No symbol) [0x00007FF6FE593850]\n\t(No symbol) [0x00007FF6FE43578A]\n\t(No symbol) [0x00007FF6FE490E8E]\n\t(No symbol) [0x00007FF6FE48E92C]\n\t(No symbol) [0x00007FF6FE48BAF6]\n\t(No symbol) [0x00007FF6FE48AA51]\n\t(No symbol) [0x00007FF6FE47CBA0]\n\t(No symbol) [0x00007FF6FE4AF2FA]\n\t(No symbol) [0x00007FF6FE47C3F6]\n\t(No symbol) [0x00007FF6FE4AF510]\n\t(No symbol) [0x00007FF6FE4CF412]\n\t(No symbol) [0x00007FF6FE4AF0A3]\n\t(No symbol) [0x00007FF6FE47A778]\n\t(No symbol) [0x00007FF6FE47B8E1]\n\tGetHandleVerifier [0x00007FF6FE95FCCD+3408029]\n\tGetHandleVerifier [0x00007FF6FE97743F+3504143]\n\tGetHandleVerifier [0x00007FF6FE96B61D+3455469]\n\tGetHandleVerifier [0x00007FF6FE6EBDCB+835995]\n\t(No symbol) [0x00007FF6FE59EB6F]\n\t(No symbol) [0x00007FF6FE59A824]\n\t(No symbol) [0x00007FF6FE59A9BD]\n\t(No symbol) [0x00007FF6FE58A1A9]\n\tBaseThreadInitThunk [0x00007FFBF203259D+29]\n\tRtlUserThreadStart [0x00007FFBF260AF38+40]","time":{"start":1734519122710,"stop":1734519204199,"duration":81489}},{"uid":"5858c1547492394","status":"broken","statusDetails":"selenium.common.exceptions.ElementClickInterceptedException: Message: element click intercepted: Element is not clickable at point (190, 1307)\n  (Session info: chrome=131.0.6778.140)\nStacktrace:\n\tGetHandleVerifier [0x00007FF6FE626CC5+28821]\n\t(No symbol) [0x00007FF6FE593850]\n\t(No symbol) [0x00007FF6FE43578A]\n\t(No symbol) [0x00007FF6FE490E8E]\n\t(No symbol) [0x00007FF6FE48E92C]\n\t(No symbol) [0x00007FF6FE48BAF6]\n\t(No symbol) [0x00007FF6FE48AA51]\n\t(No symbol) [0x00007FF6FE47CBA0]\n\t(No symbol) [0x00007FF6FE4AF2FA]\n\t(No symbol) [0x00007FF6FE47C3F6]\n\t(No symbol) [0x00007FF6FE4AF510]\n\t(No symbol) [0x00007FF6FE4CF412]\n\t(No symbol) [0x00007FF6FE4AF0A3]\n\t(No symbol) [0x00007FF6FE47A778]\n\t(No symbol) [0x00007FF6FE47B8E1]\n\tGetHandleVerifier [0x00007FF6FE95FCCD+3408029]\n\tGetHandleVerifier [0x00007FF6FE97743F+3504143]\n\tGetHandleVerifier [0x00007FF6FE96B61D+3455469]\n\tGetHandleVerifier [0x00007FF6FE6EBDCB+835995]\n\t(No symbol) [0x00007FF6FE59EB6F]\n\t(No symbol) [0x00007FF6FE59A824]\n\t(No symbol) [0x00007FF6FE59A9BD]\n\t(No symbol) [0x00007FF6FE58A1A9]\n\tBaseThreadInitThunk [0x00007FFBF203259D+29]\n\tRtlUserThreadStart [0x00007FFBF260AF38+40]","time":{"start":1734518893780,"stop":1734518956005,"duration":62225}},{"uid":"c064c9687076faf6","status":"passed","time":{"start":1734518382482,"stop":1734518505966,"duration":123484}},{"uid":"93bc22d5c92824e0","status":"passed","time":{"start":1734517478564,"stop":1734517589060,"duration":110496}}],"categories":[],"history":{"statistic":{"failed":0,"broken":1,"skipped":0,"passed":1,"unknown":0,"total":2},"items":[{"uid":"89c128ced8e613f9","status":"broken","statusDetails":"selenium.common.exceptions.NoSuchElementException: Message: no such element: Unable to locate element: {\"method\":\"css selector\",\"selector\":\"div.info-item__title\"}\n  (Session info: chrome=131.0.6778.140); For documentation on this error, please visit: https://www.selenium.dev/documentation/webdriver/troubleshooting/errors#no-such-element-exception\nStacktrace:\n\tGetHandleVerifier [0x00007FF627E2FB05+28789]\n\t(No symbol) [0x00007FF627D986E0]\n\t(No symbol) [0x00007FF627C3592A]\n\t(No symbol) [0x00007FF627C8930E]\n\t(No symbol) [0x00007FF627C895FC]\n\t(No symbol) [0x00007FF627CD28A7]\n\t(No symbol) [0x00007FF627CAF47F]\n\t(No symbol) [0x00007FF627CCF654]\n\t(No symbol) [0x00007FF627CAF1E3]\n\t(No symbol) [0x00007FF627C7A938]\n\t(No symbol) [0x00007FF627C7BAA1]\n\tGetHandleVerifier [0x00007FF62816933D+3410093]\n\tGetHandleVerifier [0x00007FF62817E7DD+3497293]\n\tGetHandleVerifier [0x00007FF628172A73+3448803]\n\tGetHandleVerifier [0x00007FF627EF7BBB+848171]\n\t(No symbol) [0x00007FF627DA3C3F]\n\t(No symbol) [0x00007FF627D9F6E4]\n\t(No symbol) [0x00007FF627D9F87D]\n\t(No symbol) [0x00007FF627D8ED49]\n\tBaseThreadInitThunk [0x00007FFBF203259D+29]\n\tRtlUserThreadStart [0x00007FFBF260AF38+40]","time":{"start":1734728793056,"stop":1734728812206,"duration":19150}}]},"tags":[]},"source":"d727d9c45082ddf6.json","parameterValues":[]}