{"uid":"ef0d10b03e32f17f","name":"Добавление книги в корзину","fullName":"test.ui_test#test_add_to_cart","historyId":"df64f1c50527f129b4b3b3341eb9330e","time":{"start":1734770850607,"stop":1734770859741,"duration":9134},"status":"broken","statusMessage":"selenium.common.exceptions.NoSuchElementException: Message: no such element: Unable to locate element: {\"method\":\"css selector\",\"selector\":\"div.info-item__title\"}\n  (Session info: chrome=131.0.6778.140); For documentation on this error, please visit: https://www.selenium.dev/documentation/webdriver/troubleshooting/errors#no-such-element-exception\nStacktrace:\n\tGetHandleVerifier [0x00007FF627E2FB05+28789]\n\t(No symbol) [0x00007FF627D986E0]\n\t(No symbol) [0x00007FF627C3592A]\n\t(No symbol) [0x00007FF627C8930E]\n\t(No symbol) [0x00007FF627C895FC]\n\t(No symbol) [0x00007FF627CD28A7]\n\t(No symbol) [0x00007FF627CAF47F]\n\t(No symbol) [0x00007FF627CCF654]\n\t(No symbol) [0x00007FF627CAF1E3]\n\t(No symbol) [0x00007FF627C7A938]\n\t(No symbol) [0x00007FF627C7BAA1]\n\tGetHandleVerifier [0x00007FF62816933D+3410093]\n\tGetHandleVerifier [0x00007FF62817E7DD+3497293]\n\tGetHandleVerifier [0x00007FF628172A73+3448803]\n\tGetHandleVerifier [0x00007FF627EF7BBB+848171]\n\t(No symbol) [0x00007FF627DA3C3F]\n\t(No symbol) [0x00007FF627D9F6E4]\n\t(No symbol) [0x00007FF627D9F87D]\n\t(No symbol) [0x00007FF627D8ED49]\n\tBaseThreadInitThunk [0x00007FFBF203259D+29]\n\tRtlUserThreadStart [0x00007FFBF260AF38+40]","statusTrace":"browser = <selenium.webdriver.chrome.webdriver.WebDriver (session=\"01681ddf6dbb4334e5af1b09de987b84\")>\n\n    @ allure.title(\"Добавление книги в корзину\")\n    def test_add_to_cart(browser):\n        with allure.step(\"Открыть страницу новинки\"):\n            novelty_page = NoveltyPage(browser)\n        novelty_page.add_book_from_novelty_page()\n        with allure.step(\"Перейти в корзину\"):\n            cart_page = CartPage(browser)\n>       total_book = cart_page.total_book_in_cart()\n\nui_test.py:38: \n_ _ _ _ _ _ _ _ _ _ _ _ _ _ _ _ _ _ _ _ _ _ _ _ _ _ _ _ _ _ _ _ _ _ _ _ _ _ _ _ _ _ _ _ _ _ _ _ _ _ _ _ _ _ _ _ _ _ _ _ _ _ _ _ _ _ _ _ _ _ _ _ _ _ _ _ _ _ _ _ _ _ _ _ _ _ _ _ _ _\npage\\cart_page.py:17: in total_book_in_cart\n    return self.__driver.find_element(By.CSS_SELECTOR, 'div.info-item__title').text\nC:\\Users\\teem8\\AppData\\Local\\Programs\\Python\\Python312\\Lib\\site-packages\\selenium\\webdriver\\remote\\webdriver.py:748: in find_element\n    return self.execute(Command.FIND_ELEMENT, {\"using\": by, \"value\": value})[\"value\"]\nC:\\Users\\teem8\\AppData\\Local\\Programs\\Python\\Python312\\Lib\\site-packages\\selenium\\webdriver\\remote\\webdriver.py:354: in execute\n    self.error_handler.check_response(response)\n_ _ _ _ _ _ _ _ _ _ _ _ _ _ _ _ _ _ _ _ _ _ _ _ _ _ _ _ _ _ _ _ _ _ _ _ _ _ _ _ _ _ _ _ _ _ _ _ _ _ _ _ _ _ _ _ _ _ _ _ _ _ _ _ _ _ _ _ _ _ _ _ _ _ _ _ _ _ _ _ _ _ _ _ _ _ _ _ _ _\n\nself = <selenium.webdriver.remote.errorhandler.ErrorHandler object at 0x0000024889B6F740>\nresponse = {'status': 404, 'value': '{\"value\":{\"error\":\"no such element\",\"message\":\"no such element: Unable to locate element: {\\...07FF627D8ED49]\\\\n\\\\tBaseThreadInitThunk [0x00007FFBF203259D+29]\\\\n\\\\tRtlUserThreadStart [0x00007FFBF260AF38+40]\\\\n\"}}'}\n\n    def check_response(self, response: Dict[str, Any]) -> None:\n        \"\"\"Checks that a JSON response from the WebDriver does not have an\n        error.\n    \n        :Args:\n         - response - The JSON response from the WebDriver server as a dictionary\n           object.\n    \n        :Raises: If the response contains an error message.\n        \"\"\"\n        status = response.get(\"status\", None)\n        if not status or status == ErrorCode.SUCCESS:\n            return\n        value = None\n        message = response.get(\"message\", \"\")\n        screen: str = response.get(\"screen\", \"\")\n        stacktrace = None\n        if isinstance(status, int):\n            value_json = response.get(\"value\", None)\n            if value_json and isinstance(value_json, str):\n                import json\n    \n                try:\n                    value = json.loads(value_json)\n                    if len(value) == 1:\n                        value = value[\"value\"]\n                    status = value.get(\"error\", None)\n                    if not status:\n                        status = value.get(\"status\", ErrorCode.UNKNOWN_ERROR)\n                        message = value.get(\"value\") or value.get(\"message\")\n                        if not isinstance(message, str):\n                            value = message\n                            message = message.get(\"message\")\n                    else:\n                        message = value.get(\"message\", None)\n                except ValueError:\n                    pass\n    \n        exception_class: Type[WebDriverException]\n        e = ErrorCode()\n        error_codes = [item for item in dir(e) if not item.startswith(\"__\")]\n        for error_code in error_codes:\n            error_info = getattr(ErrorCode, error_code)\n            if isinstance(error_info, list) and status in error_info:\n                exception_class = getattr(ExceptionMapping, error_code, WebDriverException)\n                break\n        else:\n            exception_class = WebDriverException\n    \n        if not value:\n            value = response[\"value\"]\n        if isinstance(value, str):\n            raise exception_class(value)\n        if message == \"\" and \"message\" in value:\n            message = value[\"message\"]\n    \n        screen = None  # type: ignore[assignment]\n        if \"screen\" in value:\n            screen = value[\"screen\"]\n    \n        stacktrace = None\n        st_value = value.get(\"stackTrace\") or value.get(\"stacktrace\")\n        if st_value:\n            if isinstance(st_value, str):\n                stacktrace = st_value.split(\"\\n\")\n            else:\n                stacktrace = []\n                try:\n                    for frame in st_value:\n                        line = frame.get(\"lineNumber\", \"\")\n                        file = frame.get(\"fileName\", \"<anonymous>\")\n                        if line:\n                            file = f\"{file}:{line}\"\n                        meth = frame.get(\"methodName\", \"<anonymous>\")\n                        if \"className\" in frame:\n                            meth = f\"{frame['className']}.{meth}\"\n                        msg = \"    at %s (%s)\"\n                        msg = msg % (meth, file)\n                        stacktrace.append(msg)\n                except TypeError:\n                    pass\n        if exception_class == UnexpectedAlertPresentException:\n            alert_text = None\n            if \"data\" in value:\n                alert_text = value[\"data\"].get(\"text\")\n            elif \"alert\" in value:\n                alert_text = value[\"alert\"].get(\"text\")\n            raise exception_class(message, screen, stacktrace, alert_text)  # type: ignore[call-arg]  # mypy is not smart enough here\n>       raise exception_class(message, screen, stacktrace)\nE       selenium.common.exceptions.NoSuchElementException: Message: no such element: Unable to locate element: {\"method\":\"css selector\",\"selector\":\"div.info-item__title\"}\nE         (Session info: chrome=131.0.6778.140); For documentation on this error, please visit: https://www.selenium.dev/documentation/webdriver/troubleshooting/errors#no-such-element-exception\nE       Stacktrace:\nE       \tGetHandleVerifier [0x00007FF627E2FB05+28789]\nE       \t(No symbol) [0x00007FF627D986E0]\nE       \t(No symbol) [0x00007FF627C3592A]\nE       \t(No symbol) [0x00007FF627C8930E]\nE       \t(No symbol) [0x00007FF627C895FC]\nE       \t(No symbol) [0x00007FF627CD28A7]\nE       \t(No symbol) [0x00007FF627CAF47F]\nE       \t(No symbol) [0x00007FF627CCF654]\nE       \t(No symbol) [0x00007FF627CAF1E3]\nE       \t(No symbol) [0x00007FF627C7A938]\nE       \t(No symbol) [0x00007FF627C7BAA1]\nE       \tGetHandleVerifier [0x00007FF62816933D+3410093]\nE       \tGetHandleVerifier [0x00007FF62817E7DD+3497293]\nE       \tGetHandleVerifier [0x00007FF628172A73+3448803]\nE       \tGetHandleVerifier [0x00007FF627EF7BBB+848171]\nE       \t(No symbol) [0x00007FF627DA3C3F]\nE       \t(No symbol) [0x00007FF627D9F6E4]\nE       \t(No symbol) [0x00007FF627D9F87D]\nE       \t(No symbol) [0x00007FF627D8ED49]\nE       \tBaseThreadInitThunk [0x00007FFBF203259D+29]\nE       \tRtlUserThreadStart [0x00007FFBF260AF38+40]\n\nC:\\Users\\teem8\\AppData\\Local\\Programs\\Python\\Python312\\Lib\\site-packages\\selenium\\webdriver\\remote\\errorhandler.py:229: NoSuchElementException","flaky":false,"newFailed":false,"newBroken":false,"newPassed":false,"retriesCount":0,"retriesStatusChange":false,"beforeStages":[{"name":"browser","time":{"start":1734770849163,"stop":1734770850607,"duration":1444},"status":"passed","steps":[{"name":"Открыть и настроить браузер","time":{"start":1734770849163,"stop":1734770859800,"duration":10637},"status":"passed","steps":[],"attachments":[],"parameters":[],"shouldDisplayMessage":false,"attachmentsCount":0,"stepsCount":0,"hasContent":false,"attachmentStep":false}],"attachments":[],"parameters":[],"shouldDisplayMessage":false,"attachmentsCount":0,"stepsCount":1,"hasContent":true,"attachmentStep":false}],"testStage":{"status":"broken","statusMessage":"selenium.common.exceptions.NoSuchElementException: Message: no such element: Unable to locate element: {\"method\":\"css selector\",\"selector\":\"div.info-item__title\"}\n  (Session info: chrome=131.0.6778.140); For documentation on this error, please visit: https://www.selenium.dev/documentation/webdriver/troubleshooting/errors#no-such-element-exception\nStacktrace:\n\tGetHandleVerifier [0x00007FF627E2FB05+28789]\n\t(No symbol) [0x00007FF627D986E0]\n\t(No symbol) [0x00007FF627C3592A]\n\t(No symbol) [0x00007FF627C8930E]\n\t(No symbol) [0x00007FF627C895FC]\n\t(No symbol) [0x00007FF627CD28A7]\n\t(No symbol) [0x00007FF627CAF47F]\n\t(No symbol) [0x00007FF627CCF654]\n\t(No symbol) [0x00007FF627CAF1E3]\n\t(No symbol) [0x00007FF627C7A938]\n\t(No symbol) [0x00007FF627C7BAA1]\n\tGetHandleVerifier [0x00007FF62816933D+3410093]\n\tGetHandleVerifier [0x00007FF62817E7DD+3497293]\n\tGetHandleVerifier [0x00007FF628172A73+3448803]\n\tGetHandleVerifier [0x00007FF627EF7BBB+848171]\n\t(No symbol) [0x00007FF627DA3C3F]\n\t(No symbol) [0x00007FF627D9F6E4]\n\t(No symbol) [0x00007FF627D9F87D]\n\t(No symbol) [0x00007FF627D8ED49]\n\tBaseThreadInitThunk [0x00007FFBF203259D+29]\n\tRtlUserThreadStart [0x00007FFBF260AF38+40]","statusTrace":"browser = <selenium.webdriver.chrome.webdriver.WebDriver (session=\"01681ddf6dbb4334e5af1b09de987b84\")>\n\n    @ allure.title(\"Добавление книги в корзину\")\n    def test_add_to_cart(browser):\n        with allure.step(\"Открыть страницу новинки\"):\n            novelty_page = NoveltyPage(browser)\n        novelty_page.add_book_from_novelty_page()\n        with allure.step(\"Перейти в корзину\"):\n            cart_page = CartPage(browser)\n>       total_book = cart_page.total_book_in_cart()\n\nui_test.py:38: \n_ _ _ _ _ _ _ _ _ _ _ _ _ _ _ _ _ _ _ _ _ _ _ _ _ _ _ _ _ _ _ _ _ _ _ _ _ _ _ _ _ _ _ _ _ _ _ _ _ _ _ _ _ _ _ _ _ _ _ _ _ _ _ _ _ _ _ _ _ _ _ _ _ _ _ _ _ _ _ _ _ _ _ _ _ _ _ _ _ _\npage\\cart_page.py:17: in total_book_in_cart\n    return self.__driver.find_element(By.CSS_SELECTOR, 'div.info-item__title').text\nC:\\Users\\teem8\\AppData\\Local\\Programs\\Python\\Python312\\Lib\\site-packages\\selenium\\webdriver\\remote\\webdriver.py:748: in find_element\n    return self.execute(Command.FIND_ELEMENT, {\"using\": by, \"value\": value})[\"value\"]\nC:\\Users\\teem8\\AppData\\Local\\Programs\\Python\\Python312\\Lib\\site-packages\\selenium\\webdriver\\remote\\webdriver.py:354: in execute\n    self.error_handler.check_response(response)\n_ _ _ _ _ _ _ _ _ _ _ _ _ _ _ _ _ _ _ _ _ _ _ _ _ _ _ _ _ _ _ _ _ _ _ _ _ _ _ _ _ _ _ _ _ _ _ _ _ _ _ _ _ _ _ _ _ _ _ _ _ _ _ _ _ _ _ _ _ _ _ _ _ _ _ _ _ _ _ _ _ _ _ _ _ _ _ _ _ _\n\nself = <selenium.webdriver.remote.errorhandler.ErrorHandler object at 0x0000024889B6F740>\nresponse = {'status': 404, 'value': '{\"value\":{\"error\":\"no such element\",\"message\":\"no such element: Unable to locate element: {\\...07FF627D8ED49]\\\\n\\\\tBaseThreadInitThunk [0x00007FFBF203259D+29]\\\\n\\\\tRtlUserThreadStart [0x00007FFBF260AF38+40]\\\\n\"}}'}\n\n    def check_response(self, response: Dict[str, Any]) -> None:\n        \"\"\"Checks that a JSON response from the WebDriver does not have an\n        error.\n    \n        :Args:\n         - response - The JSON response from the WebDriver server as a dictionary\n           object.\n    \n        :Raises: If the response contains an error message.\n        \"\"\"\n        status = response.get(\"status\", None)\n        if not status or status == ErrorCode.SUCCESS:\n            return\n        value = None\n        message = response.get(\"message\", \"\")\n        screen: str = response.get(\"screen\", \"\")\n        stacktrace = None\n        if isinstance(status, int):\n            value_json = response.get(\"value\", None)\n            if value_json and isinstance(value_json, str):\n                import json\n    \n                try:\n                    value = json.loads(value_json)\n                    if len(value) == 1:\n                        value = value[\"value\"]\n                    status = value.get(\"error\", None)\n                    if not status:\n                        status = value.get(\"status\", ErrorCode.UNKNOWN_ERROR)\n                        message = value.get(\"value\") or value.get(\"message\")\n                        if not isinstance(message, str):\n                            value = message\n                            message = message.get(\"message\")\n                    else:\n                        message = value.get(\"message\", None)\n                except ValueError:\n                    pass\n    \n        exception_class: Type[WebDriverException]\n        e = ErrorCode()\n        error_codes = [item for item in dir(e) if not item.startswith(\"__\")]\n        for error_code in error_codes:\n            error_info = getattr(ErrorCode, error_code)\n            if isinstance(error_info, list) and status in error_info:\n                exception_class = getattr(ExceptionMapping, error_code, WebDriverException)\n                break\n        else:\n            exception_class = WebDriverException\n    \n        if not value:\n            value = response[\"value\"]\n        if isinstance(value, str):\n            raise exception_class(value)\n        if message == \"\" and \"message\" in value:\n            message = value[\"message\"]\n    \n        screen = None  # type: ignore[assignment]\n        if \"screen\" in value:\n            screen = value[\"screen\"]\n    \n        stacktrace = None\n        st_value = value.get(\"stackTrace\") or value.get(\"stacktrace\")\n        if st_value:\n            if isinstance(st_value, str):\n                stacktrace = st_value.split(\"\\n\")\n            else:\n                stacktrace = []\n                try:\n                    for frame in st_value:\n                        line = frame.get(\"lineNumber\", \"\")\n                        file = frame.get(\"fileName\", \"<anonymous>\")\n                        if line:\n                            file = f\"{file}:{line}\"\n                        meth = frame.get(\"methodName\", \"<anonymous>\")\n                        if \"className\" in frame:\n                            meth = f\"{frame['className']}.{meth}\"\n                        msg = \"    at %s (%s)\"\n                        msg = msg % (meth, file)\n                        stacktrace.append(msg)\n                except TypeError:\n                    pass\n        if exception_class == UnexpectedAlertPresentException:\n            alert_text = None\n            if \"data\" in value:\n                alert_text = value[\"data\"].get(\"text\")\n            elif \"alert\" in value:\n                alert_text = value[\"alert\"].get(\"text\")\n            raise exception_class(message, screen, stacktrace, alert_text)  # type: ignore[call-arg]  # mypy is not smart enough here\n>       raise exception_class(message, screen, stacktrace)\nE       selenium.common.exceptions.NoSuchElementException: Message: no such element: Unable to locate element: {\"method\":\"css selector\",\"selector\":\"div.info-item__title\"}\nE         (Session info: chrome=131.0.6778.140); For documentation on this error, please visit: https://www.selenium.dev/documentation/webdriver/troubleshooting/errors#no-such-element-exception\nE       Stacktrace:\nE       \tGetHandleVerifier [0x00007FF627E2FB05+28789]\nE       \t(No symbol) [0x00007FF627D986E0]\nE       \t(No symbol) [0x00007FF627C3592A]\nE       \t(No symbol) [0x00007FF627C8930E]\nE       \t(No symbol) [0x00007FF627C895FC]\nE       \t(No symbol) [0x00007FF627CD28A7]\nE       \t(No symbol) [0x00007FF627CAF47F]\nE       \t(No symbol) [0x00007FF627CCF654]\nE       \t(No symbol) [0x00007FF627CAF1E3]\nE       \t(No symbol) [0x00007FF627C7A938]\nE       \t(No symbol) [0x00007FF627C7BAA1]\nE       \tGetHandleVerifier [0x00007FF62816933D+3410093]\nE       \tGetHandleVerifier [0x00007FF62817E7DD+3497293]\nE       \tGetHandleVerifier [0x00007FF628172A73+3448803]\nE       \tGetHandleVerifier [0x00007FF627EF7BBB+848171]\nE       \t(No symbol) [0x00007FF627DA3C3F]\nE       \t(No symbol) [0x00007FF627D9F6E4]\nE       \t(No symbol) [0x00007FF627D9F87D]\nE       \t(No symbol) [0x00007FF627D8ED49]\nE       \tBaseThreadInitThunk [0x00007FFBF203259D+29]\nE       \tRtlUserThreadStart [0x00007FFBF260AF38+40]\n\nC:\\Users\\teem8\\AppData\\Local\\Programs\\Python\\Python312\\Lib\\site-packages\\selenium\\webdriver\\remote\\errorhandler.py:229: NoSuchElementException","steps":[{"name":"Открыть страницу новинки","time":{"start":1734770850607,"stop":1734770853213,"duration":2606},"status":"passed","steps":[],"attachments":[],"parameters":[],"shouldDisplayMessage":false,"attachmentsCount":0,"stepsCount":0,"hasContent":false,"attachmentStep":false},{"name":"Добавить первую книгу в корзину","time":{"start":1734770853213,"stop":1734770854070,"duration":857},"status":"passed","steps":[],"attachments":[],"parameters":[],"shouldDisplayMessage":false,"attachmentsCount":0,"stepsCount":0,"hasContent":false,"attachmentStep":false},{"name":"Перейти в корзину","time":{"start":1734770854070,"stop":1734770855677,"duration":1607},"status":"passed","steps":[],"attachments":[],"parameters":[],"shouldDisplayMessage":false,"attachmentsCount":0,"stepsCount":0,"hasContent":false,"attachmentStep":false},{"name":"Узнать количество товаров в корзине","time":{"start":1734770855677,"stop":1734770859738,"duration":4061},"status":"broken","statusMessage":"selenium.common.exceptions.NoSuchElementException: Message: no such element: Unable to locate element: {\"method\":\"css selector\",\"selector\":\"div.info-item__title\"}\n  (Session info: chrome=131.0.6778.140); For documentation on this error, please visit: https://www.selenium.dev/documentation/webdriver/troubleshooting/errors#no-such-element-exception\nStacktrace:\n\tGetHandleVerifier [0x00007FF627E2FB05+28789]\n\t(No symbol) [0x00007FF627D986E0]\n\t(No symbol) [0x00007FF627C3592A]\n\t(No symbol) [0x00007FF627C8930E]\n\t(No symbol) [0x00007FF627C895FC]\n\t(No symbol) [0x00007FF627CD28A7]\n\t(No symbol) [0x00007FF627CAF47F]\n\t(No symbol) [0x00007FF627CCF654]\n\t(No symbol) [0x00007FF627CAF1E3]\n\t(No symbol) [0x00007FF627C7A938]\n\t(No symbol) [0x00007FF627C7BAA1]\n\tGetHandleVerifier [0x00007FF62816933D+3410093]\n\tGetHandleVerifier [0x00007FF62817E7DD+3497293]\n\tGetHandleVerifier [0x00007FF628172A73+3448803]\n\tGetHandleVerifier [0x00007FF627EF7BBB+848171]\n\t(No symbol) [0x00007FF627DA3C3F]\n\t(No symbol) [0x00007FF627D9F6E4]\n\t(No symbol) [0x00007FF627D9F87D]\n\t(No symbol) [0x00007FF627D8ED49]\n\tBaseThreadInitThunk [0x00007FFBF203259D+29]\n\tRtlUserThreadStart [0x00007FFBF260AF38+40]\n\n","statusTrace":"  File \"C:\\Users\\teem8\\AppData\\Local\\Programs\\Python\\Python312\\Lib\\site-packages\\allure_commons\\_allure.py\", line 192, in impl\n    return func(*a, **kw)\n           ^^^^^^^^^^^^^^\n  File \"C:\\Users\\teem8\\OneDrive\\Desktop\\polkovnichenkoav\\final_project\\test\\page\\cart_page.py\", line 17, in total_book_in_cart\n    return self.__driver.find_element(By.CSS_SELECTOR, 'div.info-item__title').text\n           ^^^^^^^^^^^^^^^^^^^^^^^^^^^^^^^^^^^^^^^^^^^^^^^^^^^^^^^^^^^^^^^^^^^\n  File \"C:\\Users\\teem8\\AppData\\Local\\Programs\\Python\\Python312\\Lib\\site-packages\\selenium\\webdriver\\remote\\webdriver.py\", line 748, in find_element\n    return self.execute(Command.FIND_ELEMENT, {\"using\": by, \"value\": value})[\"value\"]\n           ^^^^^^^^^^^^^^^^^^^^^^^^^^^^^^^^^^^^^^^^^^^^^^^^^^^^^^^^^^^^^^^^^\n  File \"C:\\Users\\teem8\\AppData\\Local\\Programs\\Python\\Python312\\Lib\\site-packages\\selenium\\webdriver\\remote\\webdriver.py\", line 354, in execute\n    self.error_handler.check_response(response)\n  File \"C:\\Users\\teem8\\AppData\\Local\\Programs\\Python\\Python312\\Lib\\site-packages\\selenium\\webdriver\\remote\\errorhandler.py\", line 229, in check_response\n    raise exception_class(message, screen, stacktrace)\n","steps":[],"attachments":[],"parameters":[],"shouldDisplayMessage":true,"attachmentsCount":0,"stepsCount":0,"hasContent":true,"attachmentStep":false}],"attachments":[],"parameters":[],"shouldDisplayMessage":true,"attachmentsCount":0,"stepsCount":4,"hasContent":true,"attachmentStep":false},"afterStages":[{"name":"browser::0","time":{"start":1734770859800,"stop":1734770862099,"duration":2299},"status":"passed","steps":[{"name":"Закрыть браузер","time":{"start":1734770859800,"stop":1734770862099,"duration":2299},"status":"passed","steps":[],"attachments":[],"parameters":[],"shouldDisplayMessage":false,"attachmentsCount":0,"stepsCount":0,"hasContent":false,"attachmentStep":false}],"attachments":[],"parameters":[],"shouldDisplayMessage":false,"attachmentsCount":0,"stepsCount":1,"hasContent":true,"attachmentStep":false}],"labels":[{"name":"parentSuite","value":"test"},{"name":"suite","value":"ui_test"},{"name":"host","value":"Lenovo"},{"name":"thread","value":"38464-MainThread"},{"name":"framework","value":"pytest"},{"name":"language","value":"cpython3"},{"name":"package","value":"test.ui_test"},{"name":"resultFormat","value":"allure2"}],"parameters":[],"links":[],"hidden":true,"retry":true,"extra":{"categories":[],"tags":[]},"source":"ef0d10b03e32f17f.json","parameterValues":[]}